<?xml version="1.0" encoding="UTF-8"?>
<!-- Generated by org.testng.reporters.JUnitXMLReporter -->
<testsuite ignored="0" hostname="DESKTOP-OOHKJP3" failures="0" tests="62" name="WIP Script" time="135.902" errors="0" timestamp="2021-07-12T11:14:48 CDT">
  <testcase classname="Execution.adminUserAccessTest" name="testForCertPage" time="3.687"/>
  <testcase classname="Execution.adminUserAccessTest" name="userAccessHeaderHome" time="2.896"/>
  <testcase classname="Execution.adminUserAccessTest" name="userAccessHeaderReportBuilder" time="2.485"/>
  <testcase classname="Execution.adminUserAccessTest" name="userAccessHeaderSiteLinks" time="1.625"/>
  <testcase classname="Execution.adminUserAccessTest" name="userAccessHeaderHomeLinks" time="2.861"/>
  <testcase classname="Execution.adminUserAccessTest" name="filterByGroup" time="1.579"/>
  <testcase classname="Execution.adminUserAccessTest" name="filterByGroupClear" time="0.762"/>
  <testcase classname="Execution.adminUserAccessTest" name="filterByName1" time="1.96"/>
  <testcase classname="Execution.adminUserAccessTest" name="selectedSysAdmin" time="1.039"/>
  <testcase classname="Execution.adminUserAccessTest" name="clickHistory" time="1.926"/>
  <testcase classname="Execution.adminUserAccessTest" name="closeHistory" time="1.607"/>
  <testcase classname="Execution.adminUserAccessTest" name="cancelPopUpMenu" time="2.057"/>
  <testcase classname="Execution.adminUserAccessTest" name="filterByName2" time="4.25"/>
  <testcase classname="Execution.adminUserAccessTest" name="selectedSysAdmin2" time="2.611"/>
  <testcase classname="Execution.adminUserAccessTest" name="inputAdminCandidate" time="2.116"/>
  <testcase classname="Execution.adminUserAccessTest" name="selectAdminCandidate" time="2.623"/>
  <testcase classname="Execution.adminUserAccessTest" name="clickAddAdministrator" time="2.629"/>
  <testcase classname="Execution.adminUserAccessTest" name="recallSysAdminDialogue" time="2.637"/>
  <testcase classname="Execution.adminUserAccessTest" name="verifyAddAdministrator" time="2.539"/>
  <testcase classname="Execution.adminUserAccessTest" name="removeAddedAdministrator" time="2.566"/>
  <testcase classname="Execution.adminUserAccessTest" name="clickLeftMenuSysAdmins" time="1.637"/>
  <testcase classname="Execution.adminUserAccessTest" name="clickLeftUserGroups" time="1.553"/>
  <testcase classname="Execution.adminUserAccessTest" name="clickLeftMenuAllGroups" time="1.547"/>
  <testcase classname="Execution.adminUserAccessTest" name="clickLeftMenuCreateGroup" time="1.614"/>
  <testcase classname="Execution.adminUserAccessTest" name="inputGroupTitle" time="8.391"/>
  <testcase classname="Execution.adminUserAccessTest" name="clickSaveButton" time="1.575"/>
  <testcase classname="Execution.adminUserAccessTest" name="getNewlyCreatedUserGroup" time="1.591"/>
  <testcase classname="Execution.adminUserAccessTest" name="findMemberInputBox" time="2.825"/>
  <testcase classname="Execution.adminUserAccessTest" name="selectGroupMember" time="1.518"/>
  <testcase classname="Execution.adminUserAccessTest" name="saveNameToGroup1" time="1.524"/>
  <testcase classname="Execution.adminUserAccessTest" name="getNewlyCreatedUserGroup2" time="1.532"/>
  <testcase classname="Execution.adminUserAccessTest" name="findMemberInputBox2" time="2.901"/>
  <testcase classname="Execution.adminUserAccessTest" name="selectGroupMember2" time="1.591"/>
  <testcase classname="Execution.adminUserAccessTest" name="saveNameToGroup2" time="1.616"/>
  <testcase classname="Execution.adminUserAccessTest" name="getNewlyCreatedUserGroup3" time="1.579"/>
  <testcase classname="Execution.adminUserAccessTest" name="getGroupMember1" time="2.533"/>
  <testcase classname="Execution.adminUserAccessTest" name="removeGroupMember1" time="2.64"/>
  <testcase classname="Execution.adminUserAccessTest" name="getNewlyCreatedUserGroup4" time="1.575"/>
  <testcase classname="Execution.adminUserAccessTest" name="deleteUserGroup" time="1.544"/>
  <testcase classname="Execution.adminUserAccessTest" name="cancelDeleteUserGroup" time="1.533"/>
  <testcase classname="Execution.adminUserAccessTest" name="deleteUserGroup2" time="1.454"/>
  <testcase classname="Execution.adminUserAccessTest" name="confirmDeleteUserGroup" time="1.614"/>
  <testcase classname="Execution.adminUserAccessTest" name="selectImportGroup" time="1.622"/>
  <testcase classname="Execution.adminUserAccessTest" name="cancelDialogueBox" time="1.603"/>
  <testcase classname="Execution.adminUserAccessTest" name="selectImportGroup2" time="1.609"/>
  <testcase classname="Execution.adminUserAccessTest" name="inputImportGroupTitle" time="5.168"/>
  <testcase classname="Execution.adminUserAccessTest" name="selectGroupBasedOnSearch" time="1.575"/>
  <testcase classname="Execution.adminUserAccessTest" name="selectImportedGroupOnPage" time="1.603"/>
  <testcase classname="Execution.adminUserAccessTest" name="inputImportGroupMember1" time="3.149"/>
  <testcase classname="Execution.adminUserAccessTest" name="saveGroup" time="1.599"/>
  <testcase classname="Execution.adminUserAccessTest" name="selectImportedGroupOnPage2" time="1.565"/>
  <testcase classname="Execution.adminUserAccessTest" name="inputImportGroupMember2" time="4.756"/>
  <testcase classname="Execution.adminUserAccessTest" name="saveGroup2" time="1.582"/>
  <testcase classname="Execution.adminUserAccessTest" name="selectImportedGroup" time="1.542"/>
  <testcase classname="Execution.adminUserAccessTest" name="viewHistory" time="1.622"/>
  <testcase classname="Execution.adminUserAccessTest" name="closeViewHistory" time="1.568"/>
  <testcase classname="Execution.adminUserAccessTest" name="deleteUserGroup3" time="1.594"/>
  <testcase classname="Execution.adminUserAccessTest" name="confirmDeleteUserGroup4" time="1.566"/>
  <testcase classname="Execution.adminUserAccessTest" name="runDeleteUserGroup" time="1.581"/>
  <testcase classname="Execution.adminUserAccessTest" name="confirmDeleteUserGroup2" time="1.622"/>
  <testcase classname="Execution.adminUserAccessTest" name="clickedLeftMenuShowHistory" time="1.566"/>
  <testcase classname="Execution.adminUserAccessTest" name="closeShowHistory" time="1.583"/>
</testsuite> <!-- WIP Script -->
