<?xml version="1.0" encoding="UTF-8"?>
<testsuite xmlns:xsi="http://www.w3.org/2001/XMLSchema-instance" xsi:noNamespaceSchemaLocation="https://maven.apache.org/surefire/maven-surefire-plugin/xsd/surefire-test-report-3.0.xsd" version="3.0" name="TestSuite" time="133.257" tests="4" errors="0" skipped="0" failures="1">
  <properties>
[...]
</properties>
  <testcase name="CreateAndDeleteForm" classname="test.java.formWorkflow.formWorkflow_Test" time="17.058">
    <failure message="no such element: Unable to locate element: {&quot;method&quot;:&quot;css selector&quot;,&quot;selector&quot;:&quot;#createFormButton&quot;}&#10;  (Session info: chrome=122.0.6261.69)&#10;For documentation on this error, please visit: https://www.selenium.dev/documentation/webdriver/troubleshooting/errors#no-such-element-exception&#10;Build info: version: &apos;4.18.0&apos;, revision: &apos;b6bf9de7cc*&apos;&#10;System info: os.name: &apos;Linux&apos;, os.arch: &apos;amd64&apos;, os.version: &apos;5.15.133.1-microsoft-standard-WSL2&apos;, java.version: &apos;11.0.14&apos;&#10;Driver info: org.openqa.selenium.remote.RemoteWebDriver&#10;Command: [53b7eda0bcce52b8a91d92c99f494332, findElement {using=id, value=createFormButton}]&#10;Capabilities {acceptInsecureCerts: false, browserName: chrome, browserVersion: 122.0.6261.69, chrome: {chromedriverVersion: 122.0.6261.69 (81bc525b6a36..., userDataDir: /tmp/.org.chromium.Chromium...}, fedcm:accounts: true, goog:chromeOptions: {debuggerAddress: localhost:40037}, networkConnectionEnabled: false, pageLoadStrategy: normal, platformName: linux, proxy: Proxy(), se:bidiEnabled: false, se:cdp: ws://172.20.0.7:4444/sessio..., se:cdpVersion: 122.0.6261.69, se:vnc: ws://172.20.0.7:4444/sessio..., se:vncEnabled: true, se:vncLocalAddress: ws://172.20.0.7:7900, setWindowRect: true, strictFileInteractability: false, timeouts: {implicit: 0, pageLoad: 300000, script: 30000}, unhandledPromptBehavior: dismiss and notify, webauthn:extension:credBlob: true, webauthn:extension:largeBlob: true, webauthn:extension:minPinLength: true, webauthn:extension:prf: true, webauthn:virtualAuthenticators: true}&#10;Session ID: 53b7eda0bcce52b8a91d92c99f494332" type="org.openqa.selenium.NoSuchElementException"><![CDATA[org.openqa.selenium.NoSuchElementException: 
no such element: Unable to locate element: {"method":"css selector","selector":"#createFormButton"}
  (Session info: chrome=122.0.6261.69)
For documentation on this error, please visit: https://www.selenium.dev/documentation/webdriver/troubleshooting/errors#no-such-element-exception
Build info: version: '4.18.0', revision: 'b6bf9de7cc*'
System info: os.name: 'Linux', os.arch: 'amd64', os.version: '5.15.133.1-microsoft-standard-WSL2', java.version: '11.0.14'
Driver info: org.openqa.selenium.remote.RemoteWebDriver
Command: [53b7eda0bcce52b8a91d92c99f494332, findElement {using=id, value=createFormButton}]
Capabilities {acceptInsecureCerts: false, browserName: chrome, browserVersion: 122.0.6261.69, chrome: {chromedriverVersion: 122.0.6261.69 (81bc525b6a36..., userDataDir: /tmp/.org.chromium.Chromium...}, fedcm:accounts: true, goog:chromeOptions: {debuggerAddress: localhost:40037}, networkConnectionEnabled: false, pageLoadStrategy: normal, platformName: linux, proxy: Proxy(), se:bidiEnabled: false, se:cdp: ws://172.20.0.7:4444/sessio..., se:cdpVersion: 122.0.6261.69, se:vnc: ws://172.20.0.7:4444/sessio..., se:vncEnabled: true, se:vncLocalAddress: ws://172.20.0.7:7900, setWindowRect: true, strictFileInteractability: false, timeouts: {implicit: 0, pageLoad: 300000, script: 30000}, unhandledPromptBehavior: dismiss and notify, webauthn:extension:credBlob: true, webauthn:extension:largeBlob: true, webauthn:extension:minPinLength: true, webauthn:extension:prf: true, webauthn:virtualAuthenticators: true}
Session ID: 53b7eda0bcce52b8a91d92c99f494332
	at java.base/jdk.internal.reflect.NativeConstructorAccessorImpl.newInstance0(Native Method)
	at java.base/jdk.internal.reflect.NativeConstructorAccessorImpl.newInstance(NativeConstructorAccessorImpl.java:62)
	at java.base/jdk.internal.reflect.DelegatingConstructorAccessorImpl.newInstance(DelegatingConstructorAccessorImpl.java:45)
	at java.base/java.lang.reflect.Constructor.newInstance(Constructor.java:490)
	at org.openqa.selenium.remote.ErrorCodec.decode(ErrorCodec.java:167)
	at org.openqa.selenium.remote.codec.w3c.W3CHttpResponseCodec.decode(W3CHttpResponseCodec.java:138)
	at org.openqa.selenium.remote.codec.w3c.W3CHttpResponseCodec.decode(W3CHttpResponseCodec.java:50)
	at org.openqa.selenium.remote.HttpCommandExecutor.execute(HttpCommandExecutor.java:190)
	at org.openqa.selenium.remote.TracedCommandExecutor.execute(TracedCommandExecutor.java:51)
	at org.openqa.selenium.remote.RemoteWebDriver.execute(RemoteWebDriver.java:519)
	at org.openqa.selenium.remote.ElementLocation$ElementFinder$2.findElement(ElementLocation.java:165)
	at org.openqa.selenium.remote.ElementLocation.findElement(ElementLocation.java:59)
	at org.openqa.selenium.remote.RemoteWebDriver.findElement(RemoteWebDriver.java:356)
	at org.openqa.selenium.remote.RemoteWebDriver.findElement(RemoteWebDriver.java:350)
	at org.openqa.selenium.support.pagefactory.DefaultElementLocator.findElement(DefaultElementLocator.java:68)
	at org.openqa.selenium.support.pagefactory.internal.LocatingElementHandler.invoke(LocatingElementHandler.java:38)
	at com.sun.proxy.$Proxy12.getWrappedElement(Unknown Source)
	at org.openqa.selenium.remote.internal.WebElementToJsonConverter.apply(WebElementToJsonConverter.java:50)
	at java.base/java.util.stream.ReferencePipeline$3$1.accept(ReferencePipeline.java:195)
	at java.base/java.util.Spliterators$ArraySpliterator.forEachRemaining(Spliterators.java:948)
	at java.base/java.util.stream.AbstractPipeline.copyInto(AbstractPipeline.java:484)
	at java.base/java.util.stream.AbstractPipeline.wrapAndCopyInto(AbstractPipeline.java:474)
	at java.base/java.util.stream.ReduceOps$ReduceOp.evaluateSequential(ReduceOps.java:913)
	at java.base/java.util.stream.AbstractPipeline.evaluate(AbstractPipeline.java:234)
	at java.base/java.util.stream.ReferencePipeline.collect(ReferencePipeline.java:578)
	at org.openqa.selenium.remote.RemoteWebDriver.executeScript(RemoteWebDriver.java:462)
	at test.java.BaseMethods.BaseClass.highLightElement(BaseClass.java:73)
	at test.java.PageObjectClass.FormWorkflow_PageObjects.VerifyDelete(FormWorkflow_PageObjects.java:286)
	at test.java.formWorkflow.formWorkflow_Test.CreateAndDeleteForm(formWorkflow_Test.java:17)
	at java.base/jdk.internal.reflect.NativeMethodAccessorImpl.invoke0(Native Method)
	at java.base/jdk.internal.reflect.NativeMethodAccessorImpl.invoke(NativeMethodAccessorImpl.java:62)
	at java.base/jdk.internal.reflect.DelegatingMethodAccessorImpl.invoke(DelegatingMethodAccessorImpl.java:43)
	at java.base/java.lang.reflect.Method.invoke(Method.java:566)
	at org.testng.internal.MethodInvocationHelper.invokeMethod(MethodInvocationHelper.java:134)
	at org.testng.internal.TestInvoker.invokeMethod(TestInvoker.java:597)
	at org.testng.internal.TestInvoker.invokeTestMethod(TestInvoker.java:173)
	at org.testng.internal.MethodRunner.runInSequence(MethodRunner.java:46)
	at org.testng.internal.TestInvoker$MethodInvocationAgent.invoke(TestInvoker.java:816)
	at org.testng.internal.TestInvoker.invokeTestMethods(TestInvoker.java:146)
	at org.testng.internal.TestMethodWorker.invokeTestMethods(TestMethodWorker.java:146)
	at org.testng.internal.TestMethodWorker.run(TestMethodWorker.java:128)
	at java.base/java.util.ArrayList.forEach(ArrayList.java:1541)
	at org.testng.TestRunner.privateRun(TestRunner.java:766)
	at org.testng.TestRunner.run(TestRunner.java:587)
	at org.testng.SuiteRunner.runTest(SuiteRunner.java:384)
	at org.testng.SuiteRunner.runSequentially(SuiteRunner.java:378)
	at org.testng.SuiteRunner.privateRun(SuiteRunner.java:337)
	at org.testng.SuiteRunner.run(SuiteRunner.java:286)
	at org.testng.SuiteRunnerWorker.runSuite(SuiteRunnerWorker.java:53)
	at org.testng.SuiteRunnerWorker.run(SuiteRunnerWorker.java:96)
	at org.testng.TestNG.runSuitesSequentially(TestNG.java:1187)
	at org.testng.TestNG.runSuitesLocally(TestNG.java:1109)
	at org.testng.TestNG.runSuites(TestNG.java:1039)
	at org.testng.TestNG.run(TestNG.java:1007)
	at org.apache.maven.surefire.testng.TestNGExecutor.run(TestNGExecutor.java:308)
	at org.apache.maven.surefire.testng.TestNGXmlTestSuite.execute(TestNGXmlTestSuite.java:71)
	at org.apache.maven.surefire.testng.TestNGProvider.invoke(TestNGProvider.java:113)
	at org.apache.maven.surefire.booter.ForkedBooter.runSuitesInProcess(ForkedBooter.java:385)
	at org.apache.maven.surefire.booter.ForkedBooter.execute(ForkedBooter.java:162)
	at org.apache.maven.surefire.booter.ForkedBooter.run(ForkedBooter.java:507)
	at org.apache.maven.surefire.booter.ForkedBooter.main(ForkedBooter.java:495)
]]></failure>
    <system-out><![CDATA[Title: https://host.docker.internal/LEAF_Request_Portal/admin/ -->Academy Demo Site (Test site) | Washington DC
]]></system-out>
    <system-err><![CDATA[Apr 12, 2024 10:35:25 AM org.openqa.selenium.remote.tracing.opentelemetry.OpenTelemetryTracer createTracer
INFO: Using OpenTelemetry for tracing
]]></system-err>
  </testcase>
  <testcase name="EditProperties" classname="test.java.formWorkflow.formWorkflow_Test" time="25.176">
    <system-out><![CDATA[Title: https://host.docker.internal/LEAF_Request_Portal/admin/ -->Academy Demo Site (Test site) | Washington DC
]]></system-out>
  </testcase>
  <testcase name="addSectionHeadings" classname="test.java.formWorkflow.formWorkflow_Test" time="18.419">
    <system-out><![CDATA[Title: https://host.docker.internal/LEAF_Request_Portal/admin/ -->Academy Demo Site (Test site) | Washington DC
]]></system-out>
  </testcase>
  <testcase name="editCollaborators" classname="test.java.formWorkflow.formWorkflow_Test" time="20.003">
    <system-out><![CDATA[Title: https://host.docker.internal/LEAF_Request_Portal/admin/ -->Academy Demo Site (Test site) | Washington DC
]]></system-out>
  </testcase>
</testsuite>