<?xml version="1.0" encoding="UTF-8"?>
<testng-results ignored="0" total="118" passed="114" failed="4" skipped="0">
  <reporter-output>
  </reporter-output>
  <suite started-at="2023-09-15T12:08:15 CDT" name="RegressionSuite" finished-at="2023-09-15T12:11:06 CDT" duration-ms="170782">
    <groups>
    </groups>
    <test started-at="2023-09-15T12:08:15 CDT" name="User Access Groups" finished-at="2023-09-15T12:10:23 CDT" duration-ms="128221">
      <class name="Execution.userAccessGroups">
        <test-method is-config="true" signature="initializeFramework(java.lang.String,java.lang.String)[pri:0, instance:Execution.userAccessGroups@6babf3bf]" started-at="2023-09-15T12:08:15 CDT" name="initializeFramework" finished-at="2023-09-15T12:08:17 CDT" duration-ms="2433" status="PASS">
          <params>
            <param index="0">
              <value>
                <![CDATA[chrome]]>
              </value>
            </param>
            <param index="1">
              <value>
                <![CDATA[https://localhost/LEAF_Request_Portal/admin/?a=mod_groups]]>
              </value>
            </param>
          </params>
          <reporter-output>
          </reporter-output>
        </test-method> <!-- initializeFramework -->
        <test-method is-config="true" signature="setUp()[pri:0, instance:Execution.userAccessGroups@6babf3bf]" started-at="2023-09-15T12:08:17 CDT" name="setUp" finished-at="2023-09-15T12:08:17 CDT" duration-ms="1" status="PASS">
          <reporter-output>
          </reporter-output>
        </test-method> <!-- setUp -->
        <test-method is-config="true" signature="setUp()[pri:0, instance:Execution.userAccessGroups@6babf3bf]" started-at="2023-09-15T12:08:17 CDT" name="setUp" finished-at="2023-09-15T12:08:17 CDT" duration-ms="0" status="PASS">
          <reporter-output>
          </reporter-output>
        </test-method> <!-- setUp -->
        <test-method signature="testForCertPage()[pri:1, instance:Execution.userAccessGroups@6babf3bf]" started-at="2023-09-15T12:08:17 CDT" name="testForCertPage" finished-at="2023-09-15T12:08:19 CDT" duration-ms="1568" status="PASS">
          <reporter-output>
          </reporter-output>
        </test-method> <!-- testForCertPage -->
        <test-method is-config="true" signature="setUp()[pri:0, instance:Execution.userAccessGroups@6babf3bf]" started-at="2023-09-15T12:08:19 CDT" name="setUp" finished-at="2023-09-15T12:08:19 CDT" duration-ms="0" status="PASS">
          <reporter-output>
          </reporter-output>
        </test-method> <!-- setUp -->
        <test-method signature="createUserAccessGroup()[pri:100, instance:Execution.userAccessGroups@6babf3bf]" started-at="2023-09-15T12:08:19 CDT" name="createUserAccessGroup" finished-at="2023-09-15T12:08:20 CDT" duration-ms="1349" status="PASS">
          <reporter-output>
          </reporter-output>
        </test-method> <!-- createUserAccessGroup -->
        <test-method is-config="true" signature="setUp()[pri:0, instance:Execution.userAccessGroups@6babf3bf]" started-at="2023-09-15T12:08:20 CDT" name="setUp" finished-at="2023-09-15T12:08:20 CDT" duration-ms="0" status="PASS">
          <reporter-output>
          </reporter-output>
        </test-method> <!-- setUp -->
        <test-method signature="inputGroupName()[pri:110, instance:Execution.userAccessGroups@6babf3bf]" started-at="2023-09-15T12:08:20 CDT" name="inputGroupName" finished-at="2023-09-15T12:08:22 CDT" duration-ms="1963" status="PASS">
          <reporter-output>
          </reporter-output>
        </test-method> <!-- inputGroupName -->
        <test-method signature="cancelCreateUserGroup()[pri:120, instance:Execution.userAccessGroups@6babf3bf]" started-at="2023-09-15T12:08:22 CDT" name="cancelCreateUserGroup" finished-at="2023-09-15T12:08:23 CDT" duration-ms="833" status="PASS">
          <reporter-output>
          </reporter-output>
        </test-method> <!-- cancelCreateUserGroup -->
        <test-method is-config="true" signature="setUp()[pri:0, instance:Execution.userAccessGroups@6babf3bf]" started-at="2023-09-15T12:08:22 CDT" name="setUp" finished-at="2023-09-15T12:08:22 CDT" duration-ms="0" status="PASS">
          <reporter-output>
          </reporter-output>
        </test-method> <!-- setUp -->
        <test-method signature="createUserAccessGroup2()[pri:130, instance:Execution.userAccessGroups@6babf3bf]" started-at="2023-09-15T12:08:23 CDT" name="createUserAccessGroup2" finished-at="2023-09-15T12:08:24 CDT" duration-ms="746" status="PASS">
          <reporter-output>
          </reporter-output>
        </test-method> <!-- createUserAccessGroup2 -->
        <test-method is-config="true" signature="setUp()[pri:0, instance:Execution.userAccessGroups@6babf3bf]" started-at="2023-09-15T12:08:23 CDT" name="setUp" finished-at="2023-09-15T12:08:23 CDT" duration-ms="0" status="PASS">
          <reporter-output>
          </reporter-output>
        </test-method> <!-- setUp -->
        <test-method signature="inputGroupName2()[pri:140, instance:Execution.userAccessGroups@6babf3bf]" started-at="2023-09-15T12:08:24 CDT" name="inputGroupName2" finished-at="2023-09-15T12:08:26 CDT" duration-ms="1905" status="PASS">
          <reporter-output>
          </reporter-output>
        </test-method> <!-- inputGroupName2 -->
        <test-method is-config="true" signature="setUp()[pri:0, instance:Execution.userAccessGroups@6babf3bf]" started-at="2023-09-15T12:08:24 CDT" name="setUp" finished-at="2023-09-15T12:08:24 CDT" duration-ms="0" status="PASS">
          <reporter-output>
          </reporter-output>
        </test-method> <!-- setUp -->
        <test-method signature="saveUserGroup()[pri:150, instance:Execution.userAccessGroups@6babf3bf]" started-at="2023-09-15T12:08:26 CDT" name="saveUserGroup" finished-at="2023-09-15T12:08:27 CDT" duration-ms="940" status="PASS">
          <reporter-output>
          </reporter-output>
        </test-method> <!-- saveUserGroup -->
        <test-method is-config="true" signature="setUp()[pri:0, instance:Execution.userAccessGroups@6babf3bf]" started-at="2023-09-15T12:08:26 CDT" name="setUp" finished-at="2023-09-15T12:08:26 CDT" duration-ms="0" status="PASS">
          <reporter-output>
          </reporter-output>
        </test-method> <!-- setUp -->
        <test-method is-config="true" signature="setUp()[pri:0, instance:Execution.userAccessGroups@6babf3bf]" started-at="2023-09-15T12:08:27 CDT" name="setUp" finished-at="2023-09-15T12:08:27 CDT" duration-ms="1" status="PASS">
          <reporter-output>
          </reporter-output>
        </test-method> <!-- setUp -->
        <test-method signature="openAccessGroup()[pri:160, instance:Execution.userAccessGroups@6babf3bf]" started-at="2023-09-15T12:08:27 CDT" name="openAccessGroup" finished-at="2023-09-15T12:08:28 CDT" duration-ms="1450" status="PASS">
          <reporter-output>
          </reporter-output>
        </test-method> <!-- openAccessGroup -->
        <test-method is-config="true" signature="setUp()[pri:0, instance:Execution.userAccessGroups@6babf3bf]" started-at="2023-09-15T12:08:28 CDT" name="setUp" finished-at="2023-09-15T12:08:28 CDT" duration-ms="0" status="PASS">
          <reporter-output>
          </reporter-output>
        </test-method> <!-- setUp -->
        <test-method signature="inputEmployee()[pri:170, instance:Execution.userAccessGroups@6babf3bf]" started-at="2023-09-15T12:08:28 CDT" name="inputEmployee" finished-at="2023-09-15T12:08:31 CDT" duration-ms="2592" status="PASS">
          <reporter-output>
          </reporter-output>
        </test-method> <!-- inputEmployee -->
        <test-method signature="saveEmployee()[pri:180, instance:Execution.userAccessGroups@6babf3bf]" started-at="2023-09-15T12:08:31 CDT" name="saveEmployee" finished-at="2023-09-15T12:08:32 CDT" duration-ms="943" status="PASS">
          <reporter-output>
          </reporter-output>
        </test-method> <!-- saveEmployee -->
        <test-method is-config="true" signature="setUp()[pri:0, instance:Execution.userAccessGroups@6babf3bf]" started-at="2023-09-15T12:08:31 CDT" name="setUp" finished-at="2023-09-15T12:08:31 CDT" duration-ms="0" status="PASS">
          <reporter-output>
          </reporter-output>
        </test-method> <!-- setUp -->
        <test-method is-config="true" signature="setUp()[pri:0, instance:Execution.userAccessGroups@6babf3bf]" started-at="2023-09-15T12:08:32 CDT" name="setUp" finished-at="2023-09-15T12:08:32 CDT" duration-ms="0" status="PASS">
          <reporter-output>
          </reporter-output>
        </test-method> <!-- setUp -->
        <test-method signature="openAccessGroup1()[pri:190, instance:Execution.userAccessGroups@6babf3bf]" started-at="2023-09-15T12:08:32 CDT" name="openAccessGroup1" finished-at="2023-09-15T12:08:33 CDT" duration-ms="1444" status="PASS">
          <reporter-output>
          </reporter-output>
        </test-method> <!-- openAccessGroup1 -->
        <test-method is-config="true" signature="setUp()[pri:0, instance:Execution.userAccessGroups@6babf3bf]" started-at="2023-09-15T12:08:33 CDT" name="setUp" finished-at="2023-09-15T12:08:33 CDT" duration-ms="0" status="PASS">
          <reporter-output>
          </reporter-output>
        </test-method> <!-- setUp -->
        <test-method signature="inputEmployee2()[pri:200, instance:Execution.userAccessGroups@6babf3bf]" started-at="2023-09-15T12:08:33 CDT" name="inputEmployee2" finished-at="2023-09-15T12:08:36 CDT" duration-ms="2495" status="PASS">
          <reporter-output>
          </reporter-output>
        </test-method> <!-- inputEmployee2 -->
        <test-method signature="saveEmployee2()[pri:210, instance:Execution.userAccessGroups@6babf3bf]" started-at="2023-09-15T12:08:36 CDT" name="saveEmployee2" finished-at="2023-09-15T12:08:36 CDT" duration-ms="936" status="PASS">
          <reporter-output>
          </reporter-output>
        </test-method> <!-- saveEmployee2 -->
        <test-method is-config="true" signature="setUp()[pri:0, instance:Execution.userAccessGroups@6babf3bf]" started-at="2023-09-15T12:08:36 CDT" name="setUp" finished-at="2023-09-15T12:08:36 CDT" duration-ms="0" status="PASS">
          <reporter-output>
          </reporter-output>
        </test-method> <!-- setUp -->
        <test-method is-config="true" signature="setUp()[pri:0, instance:Execution.userAccessGroups@6babf3bf]" started-at="2023-09-15T12:08:36 CDT" name="setUp" finished-at="2023-09-15T12:08:36 CDT" duration-ms="1" status="PASS">
          <reporter-output>
          </reporter-output>
        </test-method> <!-- setUp -->
        <test-method signature="openAccessGroup2()[pri:220, instance:Execution.userAccessGroups@6babf3bf]" started-at="2023-09-15T12:08:36 CDT" name="openAccessGroup2" finished-at="2023-09-15T12:08:38 CDT" duration-ms="1433" status="PASS">
          <reporter-output>
          </reporter-output>
        </test-method> <!-- openAccessGroup2 -->
        <test-method signature="inputEmployee3()[pri:230, instance:Execution.userAccessGroups@6babf3bf]" started-at="2023-09-15T12:08:38 CDT" name="inputEmployee3" finished-at="2023-09-15T12:08:40 CDT" duration-ms="2431" status="PASS">
          <reporter-output>
          </reporter-output>
        </test-method> <!-- inputEmployee3 -->
        <test-method is-config="true" signature="setUp()[pri:0, instance:Execution.userAccessGroups@6babf3bf]" started-at="2023-09-15T12:08:38 CDT" name="setUp" finished-at="2023-09-15T12:08:38 CDT" duration-ms="0" status="PASS">
          <reporter-output>
          </reporter-output>
        </test-method> <!-- setUp -->
        <test-method is-config="true" signature="setUp()[pri:0, instance:Execution.userAccessGroups@6babf3bf]" started-at="2023-09-15T12:08:40 CDT" name="setUp" finished-at="2023-09-15T12:08:40 CDT" duration-ms="0" status="PASS">
          <reporter-output>
          </reporter-output>
        </test-method> <!-- setUp -->
        <test-method signature="saveEmployee3()[pri:233, instance:Execution.userAccessGroups@6babf3bf]" started-at="2023-09-15T12:08:40 CDT" name="saveEmployee3" finished-at="2023-09-15T12:08:41 CDT" duration-ms="945" status="PASS">
          <reporter-output>
          </reporter-output>
        </test-method> <!-- saveEmployee3 -->
        <test-method signature="openAccessGroup3()[pri:236, instance:Execution.userAccessGroups@6babf3bf]" started-at="2023-09-15T12:08:41 CDT" name="openAccessGroup3" finished-at="2023-09-15T12:08:43 CDT" duration-ms="1447" status="PASS">
          <reporter-output>
          </reporter-output>
        </test-method> <!-- openAccessGroup3 -->
        <test-method is-config="true" signature="setUp()[pri:0, instance:Execution.userAccessGroups@6babf3bf]" started-at="2023-09-15T12:08:41 CDT" name="setUp" finished-at="2023-09-15T12:08:41 CDT" duration-ms="0" status="PASS">
          <reporter-output>
          </reporter-output>
        </test-method> <!-- setUp -->
        <test-method signature="inputEmployee4()[pri:239, instance:Execution.userAccessGroups@6babf3bf]" started-at="2023-09-15T12:08:43 CDT" name="inputEmployee4" finished-at="2023-09-15T12:08:45 CDT" duration-ms="2415" status="PASS">
          <reporter-output>
          </reporter-output>
        </test-method> <!-- inputEmployee4 -->
        <test-method is-config="true" signature="setUp()[pri:0, instance:Execution.userAccessGroups@6babf3bf]" started-at="2023-09-15T12:08:43 CDT" name="setUp" finished-at="2023-09-15T12:08:43 CDT" duration-ms="0" status="PASS">
          <reporter-output>
          </reporter-output>
        </test-method> <!-- setUp -->
        <test-method is-config="true" signature="setUp()[pri:0, instance:Execution.userAccessGroups@6babf3bf]" started-at="2023-09-15T12:08:45 CDT" name="setUp" finished-at="2023-09-15T12:08:45 CDT" duration-ms="0" status="PASS">
          <reporter-output>
          </reporter-output>
        </test-method> <!-- setUp -->
        <test-method signature="saveEmployee99()[pri:242, instance:Execution.userAccessGroups@6babf3bf]" started-at="2023-09-15T12:08:45 CDT" name="saveEmployee99" finished-at="2023-09-15T12:08:46 CDT" duration-ms="947" status="PASS">
          <reporter-output>
          </reporter-output>
        </test-method> <!-- saveEmployee99 -->
        <test-method is-config="true" signature="setUp()[pri:0, instance:Execution.userAccessGroups@6babf3bf]" started-at="2023-09-15T12:08:46 CDT" name="setUp" finished-at="2023-09-15T12:08:46 CDT" duration-ms="1" status="PASS">
          <reporter-output>
          </reporter-output>
        </test-method> <!-- setUp -->
        <test-method signature="openAccessGroup99()[pri:250, instance:Execution.userAccessGroups@6babf3bf]" started-at="2023-09-15T12:08:46 CDT" name="openAccessGroup99" finished-at="2023-09-15T12:08:48 CDT" duration-ms="1426" status="PASS">
          <reporter-output>
          </reporter-output>
        </test-method> <!-- openAccessGroup99 -->
        <test-method is-config="true" signature="setUp()[pri:0, instance:Execution.userAccessGroups@6babf3bf]" started-at="2023-09-15T12:08:48 CDT" name="setUp" finished-at="2023-09-15T12:08:48 CDT" duration-ms="0" status="PASS">
          <reporter-output>
          </reporter-output>
        </test-method> <!-- setUp -->
        <test-method signature="addNexusUser_0()[pri:260, instance:Execution.userAccessGroups@6babf3bf]" started-at="2023-09-15T12:08:48 CDT" name="addNexusUser_0" finished-at="2023-09-15T12:08:48 CDT" duration-ms="868" status="PASS">
          <reporter-output>
          </reporter-output>
        </test-method> <!-- addNexusUser_0 -->
        <test-method is-config="true" signature="setUp()[pri:0, instance:Execution.userAccessGroups@6babf3bf]" started-at="2023-09-15T12:08:48 CDT" name="setUp" finished-at="2023-09-15T12:08:48 CDT" duration-ms="1" status="PASS">
          <reporter-output>
          </reporter-output>
        </test-method> <!-- setUp -->
        <test-method signature="confirmNo()[pri:280, instance:Execution.userAccessGroups@6babf3bf]" started-at="2023-09-15T12:08:48 CDT" name="confirmNo" finished-at="2023-09-15T12:08:49 CDT" duration-ms="734" status="PASS">
          <reporter-output>
          </reporter-output>
        </test-method> <!-- confirmNo -->
        <test-method is-config="true" signature="setUp()[pri:0, instance:Execution.userAccessGroups@6babf3bf]" started-at="2023-09-15T12:08:49 CDT" name="setUp" finished-at="2023-09-15T12:08:49 CDT" duration-ms="0" status="PASS">
          <reporter-output>
          </reporter-output>
        </test-method> <!-- setUp -->
        <test-method signature="addNexusUser_0_2()[pri:300, instance:Execution.userAccessGroups@6babf3bf]" started-at="2023-09-15T12:08:49 CDT" name="addNexusUser_0_2" finished-at="2023-09-15T12:08:50 CDT" duration-ms="841" status="PASS">
          <reporter-output>
          </reporter-output>
        </test-method> <!-- addNexusUser_0_2 -->
        <test-method is-config="true" signature="setUp()[pri:0, instance:Execution.userAccessGroups@6babf3bf]" started-at="2023-09-15T12:08:50 CDT" name="setUp" finished-at="2023-09-15T12:08:50 CDT" duration-ms="1" status="PASS">
          <reporter-output>
          </reporter-output>
        </test-method> <!-- setUp -->
        <test-method signature="confirmYes()[pri:305, instance:Execution.userAccessGroups@6babf3bf]" started-at="2023-09-15T12:08:50 CDT" name="confirmYes" finished-at="2023-09-15T12:08:51 CDT" duration-ms="759" status="PASS">
          <reporter-output>
          </reporter-output>
        </test-method> <!-- confirmYes -->
        <test-method signature="openAccessGroup4()[pri:307, instance:Execution.userAccessGroups@6babf3bf]" started-at="2023-09-15T12:08:51 CDT" name="openAccessGroup4" finished-at="2023-09-15T12:08:52 CDT" duration-ms="1434" status="PASS">
          <reporter-output>
          </reporter-output>
        </test-method> <!-- openAccessGroup4 -->
        <test-method is-config="true" signature="setUp()[pri:0, instance:Execution.userAccessGroups@6babf3bf]" started-at="2023-09-15T12:08:51 CDT" name="setUp" finished-at="2023-09-15T12:08:51 CDT" duration-ms="0" status="PASS">
          <reporter-output>
          </reporter-output>
        </test-method> <!-- setUp -->
        <test-method is-config="true" signature="setUp()[pri:0, instance:Execution.userAccessGroups@6babf3bf]" started-at="2023-09-15T12:08:52 CDT" name="setUp" finished-at="2023-09-15T12:08:52 CDT" duration-ms="0" status="PASS">
          <reporter-output>
          </reporter-output>
        </test-method> <!-- setUp -->
        <test-method signature="addNexusUser_1()[pri:310, instance:Execution.userAccessGroups@6babf3bf]" started-at="2023-09-15T12:08:52 CDT" name="addNexusUser_1" finished-at="2023-09-15T12:08:53 CDT" duration-ms="840" status="PASS">
          <reporter-output>
          </reporter-output>
        </test-method> <!-- addNexusUser_1 -->
        <test-method is-config="true" signature="setUp()[pri:0, instance:Execution.userAccessGroups@6babf3bf]" started-at="2023-09-15T12:08:53 CDT" name="setUp" finished-at="2023-09-15T12:08:53 CDT" duration-ms="0" status="PASS">
          <reporter-output>
          </reporter-output>
        </test-method> <!-- setUp -->
        <test-method signature="confirmYes2()[pri:320, instance:Execution.userAccessGroups@6babf3bf]" started-at="2023-09-15T12:08:53 CDT" name="confirmYes2" finished-at="2023-09-15T12:08:54 CDT" duration-ms="749" status="PASS">
          <reporter-output>
          </reporter-output>
        </test-method> <!-- confirmYes2 -->
        <test-method signature="openAccessGroup5()[pri:325, instance:Execution.userAccessGroups@6babf3bf]" started-at="2023-09-15T12:08:54 CDT" name="openAccessGroup5" finished-at="2023-09-15T12:08:55 CDT" duration-ms="1419" status="PASS">
          <reporter-output>
          </reporter-output>
        </test-method> <!-- openAccessGroup5 -->
        <test-method is-config="true" signature="setUp()[pri:0, instance:Execution.userAccessGroups@6babf3bf]" started-at="2023-09-15T12:08:54 CDT" name="setUp" finished-at="2023-09-15T12:08:54 CDT" duration-ms="0" status="PASS">
          <reporter-output>
          </reporter-output>
        </test-method> <!-- setUp -->
        <test-method is-config="true" signature="setUp()[pri:0, instance:Execution.userAccessGroups@6babf3bf]" started-at="2023-09-15T12:08:55 CDT" name="setUp" finished-at="2023-09-15T12:08:55 CDT" duration-ms="0" status="PASS">
          <reporter-output>
          </reporter-output>
        </test-method> <!-- setUp -->
        <test-method signature="addNexusUser_2()[pri:330, instance:Execution.userAccessGroups@6babf3bf]" started-at="2023-09-15T12:08:55 CDT" name="addNexusUser_2" finished-at="2023-09-15T12:08:56 CDT" duration-ms="849" status="PASS">
          <reporter-output>
          </reporter-output>
        </test-method> <!-- addNexusUser_2 -->
        <test-method is-config="true" signature="setUp()[pri:0, instance:Execution.userAccessGroups@6babf3bf]" started-at="2023-09-15T12:08:56 CDT" name="setUp" finished-at="2023-09-15T12:08:56 CDT" duration-ms="0" status="PASS">
          <reporter-output>
          </reporter-output>
        </test-method> <!-- setUp -->
        <test-method signature="confirmYes3()[pri:340, instance:Execution.userAccessGroups@6babf3bf]" started-at="2023-09-15T12:08:56 CDT" name="confirmYes3" finished-at="2023-09-15T12:08:57 CDT" duration-ms="855" status="PASS">
          <reporter-output>
          </reporter-output>
        </test-method> <!-- confirmYes3 -->
        <test-method signature="openAccessGroup6()[pri:345, instance:Execution.userAccessGroups@6babf3bf]" started-at="2023-09-15T12:08:57 CDT" name="openAccessGroup6" finished-at="2023-09-15T12:08:58 CDT" duration-ms="1434" status="PASS">
          <reporter-output>
          </reporter-output>
        </test-method> <!-- openAccessGroup6 -->
        <test-method is-config="true" signature="setUp()[pri:0, instance:Execution.userAccessGroups@6babf3bf]" started-at="2023-09-15T12:08:57 CDT" name="setUp" finished-at="2023-09-15T12:08:57 CDT" duration-ms="0" status="PASS">
          <reporter-output>
          </reporter-output>
        </test-method> <!-- setUp -->
        <test-method is-config="true" signature="setUp()[pri:0, instance:Execution.userAccessGroups@6babf3bf]" started-at="2023-09-15T12:08:58 CDT" name="setUp" finished-at="2023-09-15T12:08:58 CDT" duration-ms="0" status="PASS">
          <reporter-output>
          </reporter-output>
        </test-method> <!-- setUp -->
        <test-method signature="deleteUser_0()[pri:350, instance:Execution.userAccessGroups@6babf3bf]" started-at="2023-09-15T12:08:58 CDT" name="deleteUser_0" finished-at="2023-09-15T12:08:59 CDT" duration-ms="841" status="PASS">
          <reporter-output>
          </reporter-output>
        </test-method> <!-- deleteUser_0 -->
        <test-method is-config="true" signature="setUp()[pri:0, instance:Execution.userAccessGroups@6babf3bf]" started-at="2023-09-15T12:08:59 CDT" name="setUp" finished-at="2023-09-15T12:08:59 CDT" duration-ms="0" status="PASS">
          <reporter-output>
          </reporter-output>
        </test-method> <!-- setUp -->
        <test-method signature="confirmNo2()[pri:360, instance:Execution.userAccessGroups@6babf3bf]" started-at="2023-09-15T12:08:59 CDT" name="confirmNo2" finished-at="2023-09-15T12:09:00 CDT" duration-ms="734" status="PASS">
          <reporter-output>
          </reporter-output>
        </test-method> <!-- confirmNo2 -->
        <test-method signature="deleteUser_0_1()[pri:370, instance:Execution.userAccessGroups@6babf3bf]" started-at="2023-09-15T12:09:00 CDT" name="deleteUser_0_1" finished-at="2023-09-15T12:09:01 CDT" duration-ms="839" status="PASS">
          <reporter-output>
          </reporter-output>
        </test-method> <!-- deleteUser_0_1 -->
        <test-method is-config="true" signature="setUp()[pri:0, instance:Execution.userAccessGroups@6babf3bf]" started-at="2023-09-15T12:09:00 CDT" name="setUp" finished-at="2023-09-15T12:09:00 CDT" duration-ms="0" status="PASS">
          <reporter-output>
          </reporter-output>
        </test-method> <!-- setUp -->
        <test-method signature="confirmYes4()[pri:380, instance:Execution.userAccessGroups@6babf3bf]" started-at="2023-09-15T12:09:01 CDT" name="confirmYes4" finished-at="2023-09-15T12:09:02 CDT" duration-ms="747" status="PASS">
          <reporter-output>
          </reporter-output>
        </test-method> <!-- confirmYes4 -->
        <test-method is-config="true" signature="setUp()[pri:0, instance:Execution.userAccessGroups@6babf3bf]" started-at="2023-09-15T12:09:01 CDT" name="setUp" finished-at="2023-09-15T12:09:01 CDT" duration-ms="0" status="PASS">
          <reporter-output>
          </reporter-output>
        </test-method> <!-- setUp -->
        <test-method is-config="true" signature="setUp()[pri:0, instance:Execution.userAccessGroups@6babf3bf]" started-at="2023-09-15T12:09:02 CDT" name="setUp" finished-at="2023-09-15T12:09:02 CDT" duration-ms="1" status="PASS">
          <reporter-output>
          </reporter-output>
        </test-method> <!-- setUp -->
        <test-method signature="openAccessGroup7()[pri:390, instance:Execution.userAccessGroups@6babf3bf]" started-at="2023-09-15T12:09:02 CDT" name="openAccessGroup7" finished-at="2023-09-15T12:09:03 CDT" duration-ms="1431" status="PASS">
          <reporter-output>
          </reporter-output>
        </test-method> <!-- openAccessGroup7 -->
        <test-method is-config="true" signature="setUp()[pri:0, instance:Execution.userAccessGroups@6babf3bf]" started-at="2023-09-15T12:09:03 CDT" name="setUp" finished-at="2023-09-15T12:09:03 CDT" duration-ms="0" status="PASS">
          <reporter-output>
          </reporter-output>
        </test-method> <!-- setUp -->
        <test-method signature="deleteUser_1()[pri:400, instance:Execution.userAccessGroups@6babf3bf]" started-at="2023-09-15T12:09:03 CDT" name="deleteUser_1" finished-at="2023-09-15T12:09:04 CDT" duration-ms="854" status="PASS">
          <reporter-output>
          </reporter-output>
        </test-method> <!-- deleteUser_1 -->
        <test-method is-config="true" signature="setUp()[pri:0, instance:Execution.userAccessGroups@6babf3bf]" started-at="2023-09-15T12:09:04 CDT" name="setUp" finished-at="2023-09-15T12:09:04 CDT" duration-ms="0" status="PASS">
          <reporter-output>
          </reporter-output>
        </test-method> <!-- setUp -->
        <test-method signature="confirmYes5()[pri:410, instance:Execution.userAccessGroups@6babf3bf]" started-at="2023-09-15T12:09:04 CDT" name="confirmYes5" finished-at="2023-09-15T12:09:05 CDT" duration-ms="733" status="PASS">
          <reporter-output>
          </reporter-output>
        </test-method> <!-- confirmYes5 -->
        <test-method is-config="true" signature="setUp()[pri:0, instance:Execution.userAccessGroups@6babf3bf]" started-at="2023-09-15T12:09:05 CDT" name="setUp" finished-at="2023-09-15T12:09:05 CDT" duration-ms="0" status="PASS">
          <reporter-output>
          </reporter-output>
        </test-method> <!-- setUp -->
        <test-method signature="openAccessGroup8()[pri:420, instance:Execution.userAccessGroups@6babf3bf]" started-at="2023-09-15T12:09:05 CDT" name="openAccessGroup8" finished-at="2023-09-15T12:09:06 CDT" duration-ms="1438" status="PASS">
          <reporter-output>
          </reporter-output>
        </test-method> <!-- openAccessGroup8 -->
        <test-method is-config="true" signature="setUp()[pri:0, instance:Execution.userAccessGroups@6babf3bf]" started-at="2023-09-15T12:09:06 CDT" name="setUp" finished-at="2023-09-15T12:09:06 CDT" duration-ms="0" status="PASS">
          <reporter-output>
          </reporter-output>
        </test-method> <!-- setUp -->
        <test-method signature="deleteUser_3()[pri:425, instance:Execution.userAccessGroups@6babf3bf]" started-at="2023-09-15T12:09:06 CDT" name="deleteUser_3" finished-at="2023-09-15T12:09:07 CDT" duration-ms="840" status="PASS">
          <reporter-output>
          </reporter-output>
        </test-method> <!-- deleteUser_3 -->
        <test-method is-config="true" signature="setUp()[pri:0, instance:Execution.userAccessGroups@6babf3bf]" started-at="2023-09-15T12:09:07 CDT" name="setUp" finished-at="2023-09-15T12:09:07 CDT" duration-ms="0" status="PASS">
          <reporter-output>
          </reporter-output>
        </test-method> <!-- setUp -->
        <test-method signature="confirmYes6()[pri:430, instance:Execution.userAccessGroups@6babf3bf]" started-at="2023-09-15T12:09:07 CDT" name="confirmYes6" finished-at="2023-09-15T12:09:08 CDT" duration-ms="734" status="PASS">
          <reporter-output>
          </reporter-output>
        </test-method> <!-- confirmYes6 -->
        <test-method is-config="true" signature="setUp()[pri:0, instance:Execution.userAccessGroups@6babf3bf]" started-at="2023-09-15T12:09:08 CDT" name="setUp" finished-at="2023-09-15T12:09:08 CDT" duration-ms="0" status="PASS">
          <reporter-output>
          </reporter-output>
        </test-method> <!-- setUp -->
        <test-method signature="openAccessGroup12()[pri:435, instance:Execution.userAccessGroups@6babf3bf]" started-at="2023-09-15T12:09:08 CDT" name="openAccessGroup12" finished-at="2023-09-15T12:09:09 CDT" duration-ms="1436" status="PASS">
          <reporter-output>
          </reporter-output>
        </test-method> <!-- openAccessGroup12 -->
        <test-method is-config="true" signature="setUp()[pri:0, instance:Execution.userAccessGroups@6babf3bf]" started-at="2023-09-15T12:09:09 CDT" name="setUp" finished-at="2023-09-15T12:09:09 CDT" duration-ms="0" status="PASS">
          <reporter-output>
          </reporter-output>
        </test-method> <!-- setUp -->
        <test-method signature="ShowHideInactive()[pri:440, instance:Execution.userAccessGroups@6babf3bf]" started-at="2023-09-15T12:09:09 CDT" name="ShowHideInactive" finished-at="2023-09-15T12:09:10 CDT" duration-ms="845" status="PASS">
          <reporter-output>
          </reporter-output>
        </test-method> <!-- ShowHideInactive -->
        <test-method is-config="true" signature="setUp()[pri:0, instance:Execution.userAccessGroups@6babf3bf]" started-at="2023-09-15T12:09:10 CDT" name="setUp" finished-at="2023-09-15T12:09:10 CDT" duration-ms="0" status="PASS">
          <reporter-output>
          </reporter-output>
        </test-method> <!-- setUp -->
        <test-method signature="reactivateMember_0()[pri:445, instance:Execution.userAccessGroups@6babf3bf]" started-at="2023-09-15T12:09:10 CDT" name="reactivateMember_0" finished-at="2023-09-15T12:09:11 CDT" duration-ms="841" status="PASS">
          <reporter-output>
          </reporter-output>
        </test-method> <!-- reactivateMember_0 -->
        <test-method is-config="true" signature="setUp()[pri:0, instance:Execution.userAccessGroups@6babf3bf]" started-at="2023-09-15T12:09:11 CDT" name="setUp" finished-at="2023-09-15T12:09:11 CDT" duration-ms="0" status="PASS">
          <reporter-output>
          </reporter-output>
        </test-method> <!-- setUp -->
        <test-method signature="confirmReactivateMember_0()[pri:500, instance:Execution.userAccessGroups@6babf3bf]" started-at="2023-09-15T12:09:11 CDT" name="confirmReactivateMember_0" finished-at="2023-09-15T12:09:11 CDT" duration-ms="736" status="PASS">
          <reporter-output>
          </reporter-output>
        </test-method> <!-- confirmReactivateMember_0 -->
        <test-method is-config="true" signature="setUp()[pri:0, instance:Execution.userAccessGroups@6babf3bf]" started-at="2023-09-15T12:09:11 CDT" name="setUp" finished-at="2023-09-15T12:09:11 CDT" duration-ms="0" status="PASS">
          <reporter-output>
          </reporter-output>
        </test-method> <!-- setUp -->
        <test-method signature="openAccessGroup9()[pri:510, instance:Execution.userAccessGroups@6babf3bf]" started-at="2023-09-15T12:09:11 CDT" name="openAccessGroup9" finished-at="2023-09-15T12:09:13 CDT" duration-ms="1431" status="PASS">
          <reporter-output>
          </reporter-output>
        </test-method> <!-- openAccessGroup9 -->
        <test-method is-config="true" signature="setUp()[pri:0, instance:Execution.userAccessGroups@6babf3bf]" started-at="2023-09-15T12:09:13 CDT" name="setUp" finished-at="2023-09-15T12:09:13 CDT" duration-ms="0" status="PASS">
          <reporter-output>
          </reporter-output>
        </test-method> <!-- setUp -->
        <test-method signature="ShowHideInactive2()[pri:520, instance:Execution.userAccessGroups@6babf3bf]" started-at="2023-09-15T12:09:13 CDT" name="ShowHideInactive2" finished-at="2023-09-15T12:09:14 CDT" duration-ms="843" status="PASS">
          <reporter-output>
          </reporter-output>
        </test-method> <!-- ShowHideInactive2 -->
        <test-method is-config="true" signature="setUp()[pri:0, instance:Execution.userAccessGroups@6babf3bf]" started-at="2023-09-15T12:09:14 CDT" name="setUp" finished-at="2023-09-15T12:09:14 CDT" duration-ms="0" status="PASS">
          <reporter-output>
          </reporter-output>
        </test-method> <!-- setUp -->
        <test-method signature="reactivateMember_1()[pri:530, instance:Execution.userAccessGroups@6babf3bf]" started-at="2023-09-15T12:09:14 CDT" name="reactivateMember_1" finished-at="2023-09-15T12:09:15 CDT" duration-ms="840" status="PASS">
          <reporter-output>
          </reporter-output>
        </test-method> <!-- reactivateMember_1 -->
        <test-method is-config="true" signature="setUp()[pri:0, instance:Execution.userAccessGroups@6babf3bf]" started-at="2023-09-15T12:09:15 CDT" name="setUp" finished-at="2023-09-15T12:09:15 CDT" duration-ms="0" status="PASS">
          <reporter-output>
          </reporter-output>
        </test-method> <!-- setUp -->
        <test-method signature="confirmReactivate()[pri:540, instance:Execution.userAccessGroups@6babf3bf]" started-at="2023-09-15T12:09:15 CDT" name="confirmReactivate" finished-at="2023-09-15T12:09:15 CDT" duration-ms="732" status="PASS">
          <reporter-output>
          </reporter-output>
        </test-method> <!-- confirmReactivate -->
        <test-method is-config="true" signature="setUp()[pri:0, instance:Execution.userAccessGroups@6babf3bf]" started-at="2023-09-15T12:09:15 CDT" name="setUp" finished-at="2023-09-15T12:09:15 CDT" duration-ms="0" status="PASS">
          <reporter-output>
          </reporter-output>
        </test-method> <!-- setUp -->
        <test-method signature="openAccessGroup10()[pri:550, instance:Execution.userAccessGroups@6babf3bf]" started-at="2023-09-15T12:09:15 CDT" name="openAccessGroup10" finished-at="2023-09-15T12:09:17 CDT" duration-ms="1441" status="PASS">
          <reporter-output>
          </reporter-output>
        </test-method> <!-- openAccessGroup10 -->
        <test-method is-config="true" signature="setUp()[pri:0, instance:Execution.userAccessGroups@6babf3bf]" started-at="2023-09-15T12:09:17 CDT" name="setUp" finished-at="2023-09-15T12:09:17 CDT" duration-ms="0" status="PASS">
          <reporter-output>
          </reporter-output>
        </test-method> <!-- setUp -->
        <test-method signature="ShowHideInactive3()[pri:555, instance:Execution.userAccessGroups@6babf3bf]" started-at="2023-09-15T12:09:17 CDT" name="ShowHideInactive3" finished-at="2023-09-15T12:09:18 CDT" duration-ms="839" status="PASS">
          <reporter-output>
          </reporter-output>
        </test-method> <!-- ShowHideInactive3 -->
        <test-method is-config="true" signature="setUp()[pri:0, instance:Execution.userAccessGroups@6babf3bf]" started-at="2023-09-15T12:09:18 CDT" name="setUp" finished-at="2023-09-15T12:09:18 CDT" duration-ms="0" status="PASS">
          <reporter-output>
          </reporter-output>
        </test-method> <!-- setUp -->
        <test-method signature="pruneMember_3()[pri:560, instance:Execution.userAccessGroups@6babf3bf]" started-at="2023-09-15T12:09:18 CDT" name="pruneMember_3" finished-at="2023-09-15T12:09:18 CDT" duration-ms="837" status="PASS">
          <reporter-output>
          </reporter-output>
        </test-method> <!-- pruneMember_3 -->
        <test-method signature="confirmReactivate1()[pri:565, instance:Execution.userAccessGroups@6babf3bf]" started-at="2023-09-15T12:09:18 CDT" name="confirmReactivate1" finished-at="2023-09-15T12:09:19 CDT" duration-ms="732" status="PASS">
          <reporter-output>
          </reporter-output>
        </test-method> <!-- confirmReactivate1 -->
        <test-method is-config="true" signature="setUp()[pri:0, instance:Execution.userAccessGroups@6babf3bf]" started-at="2023-09-15T12:09:18 CDT" name="setUp" finished-at="2023-09-15T12:09:18 CDT" duration-ms="0" status="PASS">
          <reporter-output>
          </reporter-output>
        </test-method> <!-- setUp -->
        <test-method is-config="true" signature="setUp()[pri:0, instance:Execution.userAccessGroups@6babf3bf]" started-at="2023-09-15T12:09:19 CDT" name="setUp" finished-at="2023-09-15T12:09:19 CDT" duration-ms="0" status="PASS">
          <reporter-output>
          </reporter-output>
        </test-method> <!-- setUp -->
        <test-method signature="openAccessGroup11()[pri:570, instance:Execution.userAccessGroups@6babf3bf]" started-at="2023-09-15T12:09:19 CDT" name="openAccessGroup11" finished-at="2023-09-15T12:09:21 CDT" duration-ms="1433" status="PASS">
          <reporter-output>
          </reporter-output>
        </test-method> <!-- openAccessGroup11 -->
        <test-method is-config="true" signature="setUp()[pri:0, instance:Execution.userAccessGroups@6babf3bf]" started-at="2023-09-15T12:09:21 CDT" name="setUp" finished-at="2023-09-15T12:09:21 CDT" duration-ms="0" status="PASS">
          <reporter-output>
          </reporter-output>
        </test-method> <!-- setUp -->
        <test-method signature="getElementID()[pri:990, instance:Execution.userAccessGroups@6babf3bf]" started-at="2023-09-15T12:09:21 CDT" name="getElementID" finished-at="2023-09-15T12:09:24 CDT" duration-ms="2971" status="PASS">
          <reporter-output>
          </reporter-output>
        </test-method> <!-- getElementID -->
        <test-method signature="closeDownMainPortal1()[pri:993, instance:Execution.userAccessGroups@6babf3bf]" started-at="2023-09-15T12:09:24 CDT" name="closeDownMainPortal1" finished-at="2023-09-15T12:09:24 CDT" duration-ms="765" status="PASS">
          <reporter-output>
          </reporter-output>
        </test-method> <!-- closeDownMainPortal1 -->
        <test-method is-config="true" signature="setUp()[pri:0, instance:Execution.userAccessGroups@6babf3bf]" started-at="2023-09-15T12:09:24 CDT" name="setUp" finished-at="2023-09-15T12:09:24 CDT" duration-ms="0" status="PASS">
          <reporter-output>
          </reporter-output>
        </test-method> <!-- setUp -->
        <test-method is-config="true" signature="setUp()[pri:0, instance:Execution.userAccessGroups@6babf3bf]" started-at="2023-09-15T12:09:24 CDT" name="setUp" finished-at="2023-09-15T12:09:24 CDT" duration-ms="0" status="PASS">
          <reporter-output>
          </reporter-output>
        </test-method> <!-- setUp -->
        <test-method signature="createNexusDriver1()[pri:995, instance:Execution.userAccessGroups@6babf3bf]" started-at="2023-09-15T12:09:24 CDT" name="createNexusDriver1" finished-at="2023-09-15T12:09:30 CDT" duration-ms="5375" status="PASS">
          <reporter-output>
          </reporter-output>
        </test-method> <!-- createNexusDriver1 -->
        <test-method is-config="true" signature="setUp()[pri:0, instance:Execution.userAccessGroups@6babf3bf]" started-at="2023-09-15T12:09:30 CDT" name="setUp" finished-at="2023-09-15T12:09:30 CDT" duration-ms="1" status="PASS">
          <reporter-output>
          </reporter-output>
        </test-method> <!-- setUp -->
        <test-method signature="clickAddUserInNexus()[pri:1000, instance:Execution.userAccessGroups@6babf3bf]" started-at="2023-09-15T12:09:30 CDT" name="clickAddUserInNexus" finished-at="2023-09-15T12:09:33 CDT" duration-ms="3191" status="PASS">
          <reporter-output>
          </reporter-output>
        </test-method> <!-- clickAddUserInNexus -->
        <test-method is-config="true" signature="setUp()[pri:0, instance:Execution.userAccessGroups@6babf3bf]" started-at="2023-09-15T12:09:33 CDT" name="setUp" finished-at="2023-09-15T12:09:33 CDT" duration-ms="1" status="PASS">
          <reporter-output>
          </reporter-output>
        </test-method> <!-- setUp -->
        <test-method signature="selectSearchEmployeesOnly()[pri:1010, instance:Execution.userAccessGroups@6babf3bf]" started-at="2023-09-15T12:09:33 CDT" name="selectSearchEmployeesOnly" finished-at="2023-09-15T12:09:34 CDT" duration-ms="936" status="PASS">
          <reporter-output>
          </reporter-output>
        </test-method> <!-- selectSearchEmployeesOnly -->
        <test-method signature="inputNexusEmployee()[pri:1020, instance:Execution.userAccessGroups@6babf3bf]" started-at="2023-09-15T12:09:34 CDT" name="inputNexusEmployee" finished-at="2023-09-15T12:09:36 CDT" duration-ms="1782" status="PASS">
          <reporter-output>
          </reporter-output>
        </test-method> <!-- inputNexusEmployee -->
        <test-method is-config="true" signature="setUp()[pri:0, instance:Execution.userAccessGroups@6babf3bf]" started-at="2023-09-15T12:09:34 CDT" name="setUp" finished-at="2023-09-15T12:09:34 CDT" duration-ms="0" status="PASS">
          <reporter-output>
          </reporter-output>
        </test-method> <!-- setUp -->
        <test-method is-config="true" signature="setUp()[pri:0, instance:Execution.userAccessGroups@6babf3bf]" started-at="2023-09-15T12:09:36 CDT" name="setUp" finished-at="2023-09-15T12:09:36 CDT" duration-ms="1" status="PASS">
          <reporter-output>
          </reporter-output>
        </test-method> <!-- setUp -->
        <test-method signature="saveNexusEmployee()[pri:1030, instance:Execution.userAccessGroups@6babf3bf]" started-at="2023-09-15T12:09:36 CDT" name="saveNexusEmployee" finished-at="2023-09-15T12:09:36 CDT" duration-ms="486" status="PASS">
          <reporter-output>
          </reporter-output>
        </test-method> <!-- saveNexusEmployee -->
        <test-method signature="clickAddUserInNexus2()[pri:1040, instance:Execution.userAccessGroups@6babf3bf]" started-at="2023-09-15T12:09:36 CDT" name="clickAddUserInNexus2" finished-at="2023-09-15T12:09:39 CDT" duration-ms="2445" status="PASS">
          <reporter-output>
          </reporter-output>
        </test-method> <!-- clickAddUserInNexus2 -->
        <test-method is-config="true" signature="setUp()[pri:0, instance:Execution.userAccessGroups@6babf3bf]" started-at="2023-09-15T12:09:36 CDT" name="setUp" finished-at="2023-09-15T12:09:36 CDT" duration-ms="0" status="PASS">
          <reporter-output>
          </reporter-output>
        </test-method> <!-- setUp -->
        <test-method is-config="true" signature="setUp()[pri:0, instance:Execution.userAccessGroups@6babf3bf]" started-at="2023-09-15T12:09:39 CDT" name="setUp" finished-at="2023-09-15T12:09:39 CDT" duration-ms="0" status="PASS">
          <reporter-output>
          </reporter-output>
        </test-method> <!-- setUp -->
        <test-method signature="selectSearchEmployeesOnly2()[pri:1050, instance:Execution.userAccessGroups@6babf3bf]" started-at="2023-09-15T12:09:39 CDT" name="selectSearchEmployeesOnly2" finished-at="2023-09-15T12:09:39 CDT" duration-ms="927" status="PASS">
          <reporter-output>
          </reporter-output>
        </test-method> <!-- selectSearchEmployeesOnly2 -->
        <test-method is-config="true" signature="setUp()[pri:0, instance:Execution.userAccessGroups@6babf3bf]" started-at="2023-09-15T12:09:39 CDT" name="setUp" finished-at="2023-09-15T12:09:39 CDT" duration-ms="0" status="PASS">
          <reporter-output>
          </reporter-output>
        </test-method> <!-- setUp -->
        <test-method signature="inputNexusEmployee2()[pri:1060, instance:Execution.userAccessGroups@6babf3bf]" started-at="2023-09-15T12:09:39 CDT" name="inputNexusEmployee2" finished-at="2023-09-15T12:09:41 CDT" duration-ms="1800" status="PASS">
          <reporter-output>
          </reporter-output>
        </test-method> <!-- inputNexusEmployee2 -->
        <test-method signature="saveNexusEmployee2()[pri:1070, instance:Execution.userAccessGroups@6babf3bf]" started-at="2023-09-15T12:09:41 CDT" name="saveNexusEmployee2" finished-at="2023-09-15T12:09:42 CDT" duration-ms="471" status="PASS">
          <reporter-output>
          </reporter-output>
        </test-method> <!-- saveNexusEmployee2 -->
        <test-method is-config="true" signature="setUp()[pri:0, instance:Execution.userAccessGroups@6babf3bf]" started-at="2023-09-15T12:09:41 CDT" name="setUp" finished-at="2023-09-15T12:09:41 CDT" duration-ms="0" status="PASS">
          <reporter-output>
          </reporter-output>
        </test-method> <!-- setUp -->
        <test-method is-config="true" signature="setUp()[pri:0, instance:Execution.userAccessGroups@6babf3bf]" started-at="2023-09-15T12:09:42 CDT" name="setUp" finished-at="2023-09-15T12:09:42 CDT" duration-ms="0" status="PASS">
          <reporter-output>
          </reporter-output>
        </test-method> <!-- setUp -->
        <test-method signature="clickAddUserInNexus3()[pri:1080, instance:Execution.userAccessGroups@6babf3bf]" started-at="2023-09-15T12:09:42 CDT" name="clickAddUserInNexus3" finished-at="2023-09-15T12:09:44 CDT" duration-ms="2445" status="PASS">
          <reporter-output>
          </reporter-output>
        </test-method> <!-- clickAddUserInNexus3 -->
        <test-method is-config="true" signature="setUp()[pri:0, instance:Execution.userAccessGroups@6babf3bf]" started-at="2023-09-15T12:09:44 CDT" name="setUp" finished-at="2023-09-15T12:09:44 CDT" duration-ms="1" status="PASS">
          <reporter-output>
          </reporter-output>
        </test-method> <!-- setUp -->
        <test-method signature="selectSearchEmployeesOnly3()[pri:1090, instance:Execution.userAccessGroups@6babf3bf]" started-at="2023-09-15T12:09:44 CDT" name="selectSearchEmployeesOnly3" finished-at="2023-09-15T12:09:45 CDT" duration-ms="931" status="PASS">
          <reporter-output>
          </reporter-output>
        </test-method> <!-- selectSearchEmployeesOnly3 -->
        <test-method signature="inputNexusEmployee3()[pri:1100, instance:Execution.userAccessGroups@6babf3bf]" started-at="2023-09-15T12:09:45 CDT" name="inputNexusEmployee3" finished-at="2023-09-15T12:09:47 CDT" duration-ms="1746" status="PASS">
          <reporter-output>
          </reporter-output>
        </test-method> <!-- inputNexusEmployee3 -->
        <test-method is-config="true" signature="setUp()[pri:0, instance:Execution.userAccessGroups@6babf3bf]" started-at="2023-09-15T12:09:45 CDT" name="setUp" finished-at="2023-09-15T12:09:45 CDT" duration-ms="0" status="PASS">
          <reporter-output>
          </reporter-output>
        </test-method> <!-- setUp -->
        <test-method is-config="true" signature="setUp()[pri:0, instance:Execution.userAccessGroups@6babf3bf]" started-at="2023-09-15T12:09:47 CDT" name="setUp" finished-at="2023-09-15T12:09:47 CDT" duration-ms="0" status="PASS">
          <reporter-output>
          </reporter-output>
        </test-method> <!-- setUp -->
        <test-method signature="saveNexusEmployee3()[pri:1110, instance:Execution.userAccessGroups@6babf3bf]" started-at="2023-09-15T12:09:47 CDT" name="saveNexusEmployee3" finished-at="2023-09-15T12:09:47 CDT" duration-ms="469" status="PASS">
          <reporter-output>
          </reporter-output>
        </test-method> <!-- saveNexusEmployee3 -->
        <test-method is-config="true" signature="setUp()[pri:0, instance:Execution.userAccessGroups@6babf3bf]" started-at="2023-09-15T12:09:47 CDT" name="setUp" finished-at="2023-09-15T12:09:47 CDT" duration-ms="0" status="PASS">
          <reporter-output>
          </reporter-output>
        </test-method> <!-- setUp -->
        <test-method signature="selectMemberPosition1()[pri:1200, instance:Execution.userAccessGroups@6babf3bf]" started-at="2023-09-15T12:09:47 CDT" name="selectMemberPosition1" finished-at="2023-09-15T12:09:50 CDT" duration-ms="2987" status="PASS">
          <reporter-output>
          </reporter-output>
        </test-method> <!-- selectMemberPosition1 -->
        <test-method is-config="true" signature="setUp()[pri:0, instance:Execution.userAccessGroups@6babf3bf]" started-at="2023-09-15T12:09:50 CDT" name="setUp" finished-at="2023-09-15T12:09:50 CDT" duration-ms="0" status="PASS">
          <reporter-output>
          </reporter-output>
        </test-method> <!-- setUp -->
        <test-method signature="clickAssignBackup()[pri:1210, instance:Execution.userAccessGroups@6babf3bf]" started-at="2023-09-15T12:09:50 CDT" name="clickAssignBackup" finished-at="2023-09-15T12:09:52 CDT" duration-ms="1550" status="PASS">
          <reporter-output>
          </reporter-output>
        </test-method> <!-- clickAssignBackup -->
        <test-method is-config="true" signature="setUp()[pri:0, instance:Execution.userAccessGroups@6babf3bf]" started-at="2023-09-15T12:09:52 CDT" name="setUp" finished-at="2023-09-15T12:09:52 CDT" duration-ms="0" status="PASS">
          <reporter-output>
          </reporter-output>
        </test-method> <!-- setUp -->
        <test-method signature="addBackupPosition1()[pri:1220, instance:Execution.userAccessGroups@6babf3bf]" started-at="2023-09-15T12:09:52 CDT" name="addBackupPosition1" finished-at="2023-09-15T12:09:54 CDT" duration-ms="1841" status="PASS">
          <reporter-output>
          </reporter-output>
        </test-method> <!-- addBackupPosition1 -->
        <test-method is-config="true" signature="setUp()[pri:0, instance:Execution.userAccessGroups@6babf3bf]" started-at="2023-09-15T12:09:54 CDT" name="setUp" finished-at="2023-09-15T12:09:54 CDT" duration-ms="0" status="PASS">
          <reporter-output>
          </reporter-output>
        </test-method> <!-- setUp -->
        <test-method signature="saveBackup()[pri:1230, instance:Execution.userAccessGroups@6babf3bf]" started-at="2023-09-15T12:09:54 CDT" name="saveBackup" finished-at="2023-09-15T12:09:54 CDT" duration-ms="482" status="PASS">
          <reporter-output>
          </reporter-output>
        </test-method> <!-- saveBackup -->
        <test-method is-config="true" signature="setUp()[pri:0, instance:Execution.userAccessGroups@6babf3bf]" started-at="2023-09-15T12:09:54 CDT" name="setUp" finished-at="2023-09-15T12:09:54 CDT" duration-ms="0" status="PASS">
          <reporter-output>
          </reporter-output>
        </test-method> <!-- setUp -->
        <test-method signature="navigateNexusBack()[pri:1240, instance:Execution.userAccessGroups@6babf3bf]" started-at="2023-09-15T12:09:54 CDT" name="navigateNexusBack" finished-at="2023-09-15T12:09:55 CDT" duration-ms="369" status="PASS">
          <reporter-output>
          </reporter-output>
        </test-method> <!-- navigateNexusBack -->
        <test-method is-config="true" signature="setUp()[pri:0, instance:Execution.userAccessGroups@6babf3bf]" started-at="2023-09-15T12:09:55 CDT" name="setUp" finished-at="2023-09-15T12:09:55 CDT" duration-ms="1" status="PASS">
          <reporter-output>
          </reporter-output>
        </test-method> <!-- setUp -->
        <test-method signature="selectMemberPosition2()[pri:1250, instance:Execution.userAccessGroups@6babf3bf]" started-at="2023-09-15T12:09:55 CDT" name="selectMemberPosition2" finished-at="2023-09-15T12:09:57 CDT" duration-ms="2895" status="PASS">
          <reporter-output>
          </reporter-output>
        </test-method> <!-- selectMemberPosition2 -->
        <test-method is-config="true" signature="setUp()[pri:0, instance:Execution.userAccessGroups@6babf3bf]" started-at="2023-09-15T12:09:57 CDT" name="setUp" finished-at="2023-09-15T12:09:57 CDT" duration-ms="0" status="PASS">
          <reporter-output>
          </reporter-output>
        </test-method> <!-- setUp -->
        <test-method signature="clickAssignBackup2()[pri:1260, instance:Execution.userAccessGroups@6babf3bf]" started-at="2023-09-15T12:09:57 CDT" name="clickAssignBackup2" finished-at="2023-09-15T12:09:59 CDT" duration-ms="1563" status="PASS">
          <reporter-output>
          </reporter-output>
        </test-method> <!-- clickAssignBackup2 -->
        <test-method is-config="true" signature="setUp()[pri:0, instance:Execution.userAccessGroups@6babf3bf]" started-at="2023-09-15T12:09:59 CDT" name="setUp" finished-at="2023-09-15T12:09:59 CDT" duration-ms="1" status="PASS">
          <reporter-output>
          </reporter-output>
        </test-method> <!-- setUp -->
        <test-method signature="addBackupPosition2()[pri:1270, instance:Execution.userAccessGroups@6babf3bf]" started-at="2023-09-15T12:09:59 CDT" name="addBackupPosition2" finished-at="2023-09-15T12:10:01 CDT" duration-ms="1742" status="PASS">
          <reporter-output>
          </reporter-output>
        </test-method> <!-- addBackupPosition2 -->
        <test-method signature="saveBackup2()[pri:1280, instance:Execution.userAccessGroups@6babf3bf]" started-at="2023-09-15T12:10:01 CDT" name="saveBackup2" finished-at="2023-09-15T12:10:01 CDT" duration-ms="468" status="PASS">
          <reporter-output>
          </reporter-output>
        </test-method> <!-- saveBackup2 -->
        <test-method is-config="true" signature="setUp()[pri:0, instance:Execution.userAccessGroups@6babf3bf]" started-at="2023-09-15T12:10:01 CDT" name="setUp" finished-at="2023-09-15T12:10:01 CDT" duration-ms="0" status="PASS">
          <reporter-output>
          </reporter-output>
        </test-method> <!-- setUp -->
        <test-method signature="navigateNexusBack0()[pri:1290, instance:Execution.userAccessGroups@6babf3bf]" started-at="2023-09-15T12:10:01 CDT" name="navigateNexusBack0" finished-at="2023-09-15T12:10:02 CDT" duration-ms="328" status="PASS">
          <reporter-output>
          </reporter-output>
        </test-method> <!-- navigateNexusBack0 -->
        <test-method is-config="true" signature="setUp()[pri:0, instance:Execution.userAccessGroups@6babf3bf]" started-at="2023-09-15T12:10:01 CDT" name="setUp" finished-at="2023-09-15T12:10:01 CDT" duration-ms="0" status="PASS">
          <reporter-output>
          </reporter-output>
        </test-method> <!-- setUp -->
        <test-method is-config="true" signature="setUp()[pri:0, instance:Execution.userAccessGroups@6babf3bf]" started-at="2023-09-15T12:10:02 CDT" name="setUp" finished-at="2023-09-15T12:10:02 CDT" duration-ms="1" status="PASS">
          <reporter-output>
          </reporter-output>
        </test-method> <!-- setUp -->
        <test-method signature="selectMemberPosition1_2()[pri:1300, instance:Execution.userAccessGroups@6babf3bf]" started-at="2023-09-15T12:10:02 CDT" name="selectMemberPosition1_2" finished-at="2023-09-15T12:10:05 CDT" duration-ms="2935" status="PASS">
          <reporter-output>
          </reporter-output>
        </test-method> <!-- selectMemberPosition1_2 -->
        <test-method is-config="true" signature="setUp()[pri:0, instance:Execution.userAccessGroups@6babf3bf]" started-at="2023-09-15T12:10:05 CDT" name="setUp" finished-at="2023-09-15T12:10:05 CDT" duration-ms="1" status="PASS">
          <reporter-output>
          </reporter-output>
        </test-method> <!-- setUp -->
        <test-method signature="clickRemoveBackup()[pri:1310, instance:Execution.userAccessGroups@6babf3bf]" started-at="2023-09-15T12:10:05 CDT" name="clickRemoveBackup" finished-at="2023-09-15T12:10:06 CDT" duration-ms="1574" status="PASS">
          <reporter-output>
          </reporter-output>
        </test-method> <!-- clickRemoveBackup -->
        <test-method is-config="true" signature="setUp()[pri:0, instance:Execution.userAccessGroups@6babf3bf]" started-at="2023-09-15T12:10:06 CDT" name="setUp" finished-at="2023-09-15T12:10:06 CDT" duration-ms="0" status="PASS">
          <reporter-output>
          </reporter-output>
        </test-method> <!-- setUp -->
        <test-method signature="saveRemoveBackup()[pri:1320, instance:Execution.userAccessGroups@6babf3bf]" started-at="2023-09-15T12:10:06 CDT" name="saveRemoveBackup" finished-at="2023-09-15T12:10:07 CDT" duration-ms="838" status="PASS">
          <reporter-output>
          </reporter-output>
        </test-method> <!-- saveRemoveBackup -->
        <test-method is-config="true" signature="setUp()[pri:0, instance:Execution.userAccessGroups@6babf3bf]" started-at="2023-09-15T12:10:07 CDT" name="setUp" finished-at="2023-09-15T12:10:07 CDT" duration-ms="0" status="PASS">
          <reporter-output>
          </reporter-output>
        </test-method> <!-- setUp -->
        <test-method signature="navigateNexusBackTwice()[pri:1330, instance:Execution.userAccessGroups@6babf3bf]" started-at="2023-09-15T12:10:07 CDT" name="navigateNexusBackTwice" finished-at="2023-09-15T12:10:08 CDT" duration-ms="576" status="PASS">
          <reporter-output>
          </reporter-output>
        </test-method> <!-- navigateNexusBackTwice -->
        <test-method is-config="true" signature="setUp()[pri:0, instance:Execution.userAccessGroups@6babf3bf]" started-at="2023-09-15T12:10:08 CDT" name="setUp" finished-at="2023-09-15T12:10:08 CDT" duration-ms="1" status="PASS">
          <reporter-output>
          </reporter-output>
        </test-method> <!-- setUp -->
        <test-method signature="selectMemberPosition1_3()[pri:1340, instance:Execution.userAccessGroups@6babf3bf]" started-at="2023-09-15T12:10:08 CDT" name="selectMemberPosition1_3" finished-at="2023-09-15T12:10:11 CDT" duration-ms="3912" status="PASS">
          <reporter-output>
          </reporter-output>
        </test-method> <!-- selectMemberPosition1_3 -->
        <test-method is-config="true" signature="setUp()[pri:0, instance:Execution.userAccessGroups@6babf3bf]" started-at="2023-09-15T12:10:11 CDT" name="setUp" finished-at="2023-09-15T12:10:11 CDT" duration-ms="0" status="PASS">
          <reporter-output>
          </reporter-output>
        </test-method> <!-- setUp -->
        <test-method signature="navigateNexusBack1()[pri:1350, instance:Execution.userAccessGroups@6babf3bf]" started-at="2023-09-15T12:10:11 CDT" name="navigateNexusBack1" finished-at="2023-09-15T12:10:12 CDT" duration-ms="522" status="PASS">
          <reporter-output>
          </reporter-output>
        </test-method> <!-- navigateNexusBack1 -->
        <test-method is-config="true" signature="setUp()[pri:0, instance:Execution.userAccessGroups@6babf3bf]" started-at="2023-09-15T12:10:12 CDT" name="setUp" finished-at="2023-09-15T12:10:12 CDT" duration-ms="0" status="PASS">
          <reporter-output>
          </reporter-output>
        </test-method> <!-- setUp -->
        <test-method signature="selectMemberPosition2_2()[pri:1360, instance:Execution.userAccessGroups@6babf3bf]" started-at="2023-09-15T12:10:12 CDT" name="selectMemberPosition2_2" finished-at="2023-09-15T12:10:15 CDT" duration-ms="2903" status="PASS">
          <reporter-output>
          </reporter-output>
        </test-method> <!-- selectMemberPosition2_2 -->
        <test-method signature="clickRemoveBackup2()[pri:1370, instance:Execution.userAccessGroups@6babf3bf]" started-at="2023-09-15T12:10:15 CDT" name="clickRemoveBackup2" finished-at="2023-09-15T12:10:16 CDT" duration-ms="1581" status="PASS">
          <reporter-output>
          </reporter-output>
        </test-method> <!-- clickRemoveBackup2 -->
        <test-method is-config="true" signature="setUp()[pri:0, instance:Execution.userAccessGroups@6babf3bf]" started-at="2023-09-15T12:10:15 CDT" name="setUp" finished-at="2023-09-15T12:10:15 CDT" duration-ms="0" status="PASS">
          <reporter-output>
          </reporter-output>
        </test-method> <!-- setUp -->
        <test-method is-config="true" signature="setUp()[pri:0, instance:Execution.userAccessGroups@6babf3bf]" started-at="2023-09-15T12:10:16 CDT" name="setUp" finished-at="2023-09-15T12:10:16 CDT" duration-ms="0" status="PASS">
          <reporter-output>
          </reporter-output>
        </test-method> <!-- setUp -->
        <test-method signature="saveRemoveBackup2()[pri:1380, instance:Execution.userAccessGroups@6babf3bf]" started-at="2023-09-15T12:10:16 CDT" name="saveRemoveBackup2" finished-at="2023-09-15T12:10:17 CDT" duration-ms="841" status="PASS">
          <reporter-output>
          </reporter-output>
        </test-method> <!-- saveRemoveBackup2 -->
        <test-method signature="navigateNexusBackTwice2()[pri:1390, instance:Execution.userAccessGroups@6babf3bf]" started-at="2023-09-15T12:10:17 CDT" name="navigateNexusBackTwice2" finished-at="2023-09-15T12:10:18 CDT" duration-ms="728" status="PASS">
          <reporter-output>
          </reporter-output>
        </test-method> <!-- navigateNexusBackTwice2 -->
        <test-method is-config="true" signature="setUp()[pri:0, instance:Execution.userAccessGroups@6babf3bf]" started-at="2023-09-15T12:10:17 CDT" name="setUp" finished-at="2023-09-15T12:10:17 CDT" duration-ms="0" status="PASS">
          <reporter-output>
          </reporter-output>
        </test-method> <!-- setUp -->
        <test-method signature="selectMemberPosition2_3()[pri:1400, instance:Execution.userAccessGroups@6babf3bf]" started-at="2023-09-15T12:10:18 CDT" name="selectMemberPosition2_3" finished-at="2023-09-15T12:10:22 CDT" duration-ms="3877" status="PASS">
          <reporter-output>
          </reporter-output>
        </test-method> <!-- selectMemberPosition2_3 -->
        <test-method is-config="true" signature="setUp()[pri:0, instance:Execution.userAccessGroups@6babf3bf]" started-at="2023-09-15T12:10:18 CDT" name="setUp" finished-at="2023-09-15T12:10:18 CDT" duration-ms="0" status="PASS">
          <reporter-output>
          </reporter-output>
        </test-method> <!-- setUp -->
        <test-method is-config="true" signature="setUp()[pri:0, instance:Execution.userAccessGroups@6babf3bf]" started-at="2023-09-15T12:10:22 CDT" name="setUp" finished-at="2023-09-15T12:10:22 CDT" duration-ms="0" status="PASS">
          <reporter-output>
          </reporter-output>
        </test-method> <!-- setUp -->
        <test-method signature="navigateNexusBack2()[pri:1410, instance:Execution.userAccessGroups@6babf3bf]" started-at="2023-09-15T12:10:22 CDT" name="navigateNexusBack2" finished-at="2023-09-15T12:10:22 CDT" duration-ms="287" status="PASS">
          <reporter-output>
          </reporter-output>
        </test-method> <!-- navigateNexusBack2 -->
        <test-method signature="closeDownNexus1()[pri:9999, instance:Execution.userAccessGroups@6babf3bf]" started-at="2023-09-15T12:10:22 CDT" name="closeDownNexus1" finished-at="2023-09-15T12:10:23 CDT" duration-ms="854" status="PASS">
          <reporter-output>
          </reporter-output>
        </test-method> <!-- closeDownNexus1 -->
        <test-method is-config="true" signature="setUp()[pri:0, instance:Execution.userAccessGroups@6babf3bf]" started-at="2023-09-15T12:10:22 CDT" name="setUp" finished-at="2023-09-15T12:10:22 CDT" duration-ms="0" status="PASS">
          <reporter-output>
          </reporter-output>
        </test-method> <!-- setUp -->
        <test-method is-config="true" signature="closeDown()[pri:0, instance:Execution.userAccessGroups@6babf3bf]" started-at="2023-09-15T12:10:23 CDT" name="closeDown" finished-at="2023-09-15T12:10:23 CDT" duration-ms="1" status="PASS">
          <reporter-output>
          </reporter-output>
        </test-method> <!-- closeDown -->
      </class> <!-- Execution.userAccessGroups -->
    </test> <!-- User Access Groups -->
    <test started-at="2023-09-15T12:10:23 CDT" name="User Access Groups Part 2" finished-at="2023-09-15T12:11:06 CDT" duration-ms="42491">
      <class name="Execution.userAccessGroupsPart2">
        <test-method is-config="true" signature="initializeFramework(java.lang.String,java.lang.String)[pri:0, instance:Execution.userAccessGroupsPart2@3b6ddd1d]" started-at="2023-09-15T12:10:23 CDT" name="initializeFramework" finished-at="2023-09-15T12:10:25 CDT" duration-ms="1886" status="PASS">
          <params>
            <param index="0">
              <value>
                <![CDATA[chrome]]>
              </value>
            </param>
            <param index="1">
              <value>
                <![CDATA[https://localhost/LEAF_Request_Portal/admin/]]>
              </value>
            </param>
          </params>
          <reporter-output>
          </reporter-output>
        </test-method> <!-- initializeFramework -->
        <test-method is-config="true" signature="setUp()[pri:0, instance:Execution.userAccessGroupsPart2@3b6ddd1d]" started-at="2023-09-15T12:10:25 CDT" name="setUp" finished-at="2023-09-15T12:10:25 CDT" duration-ms="0" status="PASS">
          <reporter-output>
          </reporter-output>
        </test-method> <!-- setUp -->
        <test-method is-config="true" signature="setUp()[pri:0, instance:Execution.userAccessGroupsPart2@3b6ddd1d]" started-at="2023-09-15T12:10:25 CDT" name="setUp" finished-at="2023-09-15T12:10:25 CDT" duration-ms="0" status="PASS">
          <reporter-output>
          </reporter-output>
        </test-method> <!-- setUp -->
        <test-method signature="testForCertPage()[pri:1, instance:Execution.userAccessGroupsPart2@3b6ddd1d]" started-at="2023-09-15T12:10:25 CDT" name="testForCertPage" finished-at="2023-09-15T12:10:26 CDT" duration-ms="1501" status="PASS">
          <reporter-output>
          </reporter-output>
        </test-method> <!-- testForCertPage -->
        <test-method is-config="true" signature="setUp()[pri:0, instance:Execution.userAccessGroupsPart2@3b6ddd1d]" started-at="2023-09-15T12:10:26 CDT" name="setUp" finished-at="2023-09-15T12:10:26 CDT" duration-ms="0" status="PASS">
          <reporter-output>
          </reporter-output>
        </test-method> <!-- setUp -->
        <test-method signature="scrollDown()[pri:2000, instance:Execution.userAccessGroupsPart2@3b6ddd1d]" started-at="2023-09-15T12:10:26 CDT" name="scrollDown" finished-at="2023-09-15T12:10:29 CDT" duration-ms="2024" status="PASS">
          <reporter-output>
          </reporter-output>
        </test-method> <!-- scrollDown -->
        <test-method signature="syncServices()[pri:2010, instance:Execution.userAccessGroupsPart2@3b6ddd1d]" started-at="2023-09-15T12:10:29 CDT" name="syncServices" finished-at="2023-09-15T12:10:30 CDT" duration-ms="1819" status="PASS">
          <reporter-output>
          </reporter-output>
        </test-method> <!-- syncServices -->
        <test-method is-config="true" signature="setUp()[pri:0, instance:Execution.userAccessGroupsPart2@3b6ddd1d]" started-at="2023-09-15T12:10:29 CDT" name="setUp" finished-at="2023-09-15T12:10:29 CDT" duration-ms="0" status="PASS">
          <reporter-output>
          </reporter-output>
        </test-method> <!-- setUp -->
        <test-method is-config="true" signature="setUp()[pri:0, instance:Execution.userAccessGroupsPart2@3b6ddd1d]" started-at="2023-09-15T12:10:30 CDT" name="setUp" finished-at="2023-09-15T12:10:30 CDT" duration-ms="1" status="PASS">
          <reporter-output>
          </reporter-output>
        </test-method> <!-- setUp -->
        <test-method signature="gotoAdminPanel()[pri:2020, instance:Execution.userAccessGroupsPart2@3b6ddd1d]" started-at="2023-09-15T12:10:30 CDT" name="gotoAdminPanel" finished-at="2023-09-15T12:10:34 CDT" duration-ms="3451" status="PASS">
          <reporter-output>
          </reporter-output>
        </test-method> <!-- gotoAdminPanel -->
        <test-method signature="navigateAdminBack()[pri:2030, instance:Execution.userAccessGroupsPart2@3b6ddd1d]" started-at="2023-09-15T12:10:34 CDT" name="navigateAdminBack" finished-at="2023-09-15T12:10:34 CDT" duration-ms="208" status="PASS">
          <reporter-output>
          </reporter-output>
        </test-method> <!-- navigateAdminBack -->
        <test-method is-config="true" signature="setUp()[pri:0, instance:Execution.userAccessGroupsPart2@3b6ddd1d]" started-at="2023-09-15T12:10:34 CDT" name="setUp" finished-at="2023-09-15T12:10:34 CDT" duration-ms="0" status="PASS">
          <reporter-output>
          </reporter-output>
        </test-method> <!-- setUp -->
        <test-method is-config="true" signature="setUp()[pri:0, instance:Execution.userAccessGroupsPart2@3b6ddd1d]" started-at="2023-09-15T12:10:34 CDT" name="setUp" finished-at="2023-09-15T12:10:34 CDT" duration-ms="1" status="PASS">
          <reporter-output>
          </reporter-output>
        </test-method> <!-- setUp -->
        <test-method signature="openUserAccessGroups()[pri:2040, instance:Execution.userAccessGroupsPart2@3b6ddd1d]" started-at="2023-09-15T12:10:34 CDT" name="openUserAccessGroups" finished-at="2023-09-15T12:10:36 CDT" duration-ms="2383" status="PASS">
          <reporter-output>
          </reporter-output>
        </test-method> <!-- openUserAccessGroups -->
        <test-method is-config="true" signature="setUp()[pri:0, instance:Execution.userAccessGroupsPart2@3b6ddd1d]" started-at="2023-09-15T12:10:36 CDT" name="setUp" finished-at="2023-09-15T12:10:36 CDT" duration-ms="0" status="PASS">
          <reporter-output>
          </reporter-output>
        </test-method> <!-- setUp -->
        <test-method signature="scrollUp()[pri:2050, instance:Execution.userAccessGroupsPart2@3b6ddd1d]" started-at="2023-09-15T12:10:36 CDT" name="scrollUp" finished-at="2023-09-15T12:10:37 CDT" duration-ms="1018" status="PASS">
          <reporter-output>
          </reporter-output>
        </test-method> <!-- scrollUp -->
        <test-method signature="openAccessGroup()[pri:2070, instance:Execution.userAccessGroupsPart2@3b6ddd1d]" started-at="2023-09-15T12:10:37 CDT" name="openAccessGroup" finished-at="2023-09-15T12:10:39 CDT" duration-ms="1522" status="FAIL">
          <exception class="org.openqa.selenium.NoSuchElementException">
            <message>
              <![CDATA[no such element: Unable to locate element: {"method":"xpath","selector":"//span[contains(text(),'User Access Groups')]"}
  (Session info: chrome=116.0.5845.188)
For documentation on this error, please visit: https://www.seleniumhq.org/exceptions/no_such_element.html
Build info: version: '3.141.59', revision: 'e82be7d358', time: '2018-11-14T08:25:48'
System info: host: 'DESKTOP-OOHKJP3', ip: '192.168.1.223', os.name: 'Windows 10', os.arch: 'amd64', os.version: '10.0', java.version: '15.0.2'
Driver info: org.openqa.selenium.chrome.ChromeDriver
Capabilities {acceptInsecureCerts: false, browserName: chrome, browserVersion: 116.0.5845.188, chrome: {chromedriverVersion: 116.0.5845.96 (1a3918166880..., userDataDir: C:\Users\MAXRIC~1\AppData\L...}, fedcm:accounts: true, goog:chromeOptions: {debuggerAddress: localhost:61279}, javascriptEnabled: true, networkConnectionEnabled: false, pageLoadStrategy: normal, platform: WINDOWS, platformName: WINDOWS, proxy: Proxy(), setWindowRect: true, strictFileInteractability: false, timeouts: {implicit: 0, pageLoad: 300000, script: 30000}, unhandledPromptBehavior: dismiss and notify, webauthn:extension:credBlob: true, webauthn:extension:largeBlob: true, webauthn:extension:minPinLength: true, webauthn:extension:prf: true, webauthn:virtualAuthenticators: true}
Session ID: 0d1622844f26265c1b647d35480e8662
*** Element info: {Using=xpath, value=//span[contains(text(),'User Access Groups')]}]]>
            </message>
            <full-stacktrace>
              <![CDATA[org.openqa.selenium.NoSuchElementException: no such element: Unable to locate element: {"method":"xpath","selector":"//span[contains(text(),'User Access Groups')]"}
  (Session info: chrome=116.0.5845.188)
For documentation on this error, please visit: https://www.seleniumhq.org/exceptions/no_such_element.html
Build info: version: '3.141.59', revision: 'e82be7d358', time: '2018-11-14T08:25:48'
System info: host: 'DESKTOP-OOHKJP3', ip: '192.168.1.223', os.name: 'Windows 10', os.arch: 'amd64', os.version: '10.0', java.version: '15.0.2'
Driver info: org.openqa.selenium.chrome.ChromeDriver
Capabilities {acceptInsecureCerts: false, browserName: chrome, browserVersion: 116.0.5845.188, chrome: {chromedriverVersion: 116.0.5845.96 (1a3918166880..., userDataDir: C:\Users\MAXRIC~1\AppData\L...}, fedcm:accounts: true, goog:chromeOptions: {debuggerAddress: localhost:61279}, javascriptEnabled: true, networkConnectionEnabled: false, pageLoadStrategy: normal, platform: WINDOWS, platformName: WINDOWS, proxy: Proxy(), setWindowRect: true, strictFileInteractability: false, timeouts: {implicit: 0, pageLoad: 300000, script: 30000}, unhandledPromptBehavior: dismiss and notify, webauthn:extension:credBlob: true, webauthn:extension:largeBlob: true, webauthn:extension:minPinLength: true, webauthn:extension:prf: true, webauthn:virtualAuthenticators: true}
Session ID: 0d1622844f26265c1b647d35480e8662
*** Element info: {Using=xpath, value=//span[contains(text(),'User Access Groups')]}
at java.base/jdk.internal.reflect.NativeConstructorAccessorImpl.newInstance0(Native Method)
at java.base/jdk.internal.reflect.NativeConstructorAccessorImpl.newInstance(NativeConstructorAccessorImpl.java:64)
at java.base/jdk.internal.reflect.DelegatingConstructorAccessorImpl.newInstance(DelegatingConstructorAccessorImpl.java:45)
at java.base/java.lang.reflect.Constructor.newInstanceWithCaller(Constructor.java:500)
at java.base/java.lang.reflect.Constructor.newInstance(Constructor.java:481)
at org.openqa.selenium.remote.http.W3CHttpResponseCodec.createException(W3CHttpResponseCodec.java:187)
at org.openqa.selenium.remote.http.W3CHttpResponseCodec.decode(W3CHttpResponseCodec.java:122)
at org.openqa.selenium.remote.http.W3CHttpResponseCodec.decode(W3CHttpResponseCodec.java:49)
at org.openqa.selenium.remote.HttpCommandExecutor.execute(HttpCommandExecutor.java:158)
at org.openqa.selenium.remote.service.DriverCommandExecutor.execute(DriverCommandExecutor.java:83)
at org.openqa.selenium.remote.RemoteWebDriver.execute(RemoteWebDriver.java:552)
at org.openqa.selenium.remote.RemoteWebDriver.findElement(RemoteWebDriver.java:323)
at org.openqa.selenium.remote.RemoteWebDriver.findElementByXPath(RemoteWebDriver.java:428)
at org.openqa.selenium.By$ByXPath.findElement(By.java:353)
at org.openqa.selenium.remote.RemoteWebDriver.findElement(RemoteWebDriver.java:315)
at Execution.userAccessGroupsPart2.openUserAccessGroups(userAccessGroupsPart2.java:229)
at Execution.userAccessGroupsPart2.openAccessGroup(userAccessGroupsPart2.java:251)
at java.base/jdk.internal.reflect.NativeMethodAccessorImpl.invoke0(Native Method)
at java.base/jdk.internal.reflect.NativeMethodAccessorImpl.invoke(NativeMethodAccessorImpl.java:64)
at java.base/jdk.internal.reflect.DelegatingMethodAccessorImpl.invoke(DelegatingMethodAccessorImpl.java:43)
at java.base/java.lang.reflect.Method.invoke(Method.java:564)
at org.testng.internal.MethodInvocationHelper.invokeMethod(MethodInvocationHelper.java:133)
at org.testng.internal.TestInvoker.invokeMethod(TestInvoker.java:598)
at org.testng.internal.TestInvoker.invokeTestMethod(TestInvoker.java:173)
at org.testng.internal.MethodRunner.runInSequence(MethodRunner.java:46)
at org.testng.internal.TestInvoker$MethodInvocationAgent.invoke(TestInvoker.java:824)
at org.testng.internal.TestInvoker.invokeTestMethods(TestInvoker.java:146)
at org.testng.internal.TestMethodWorker.invokeTestMethods(TestMethodWorker.java:146)
at org.testng.internal.TestMethodWorker.run(TestMethodWorker.java:128)
at java.base/java.util.ArrayList.forEach(ArrayList.java:1511)
at org.testng.TestRunner.privateRun(TestRunner.java:794)
at org.testng.TestRunner.run(TestRunner.java:596)
at org.testng.SuiteRunner.runTest(SuiteRunner.java:377)
at org.testng.SuiteRunner.runSequentially(SuiteRunner.java:371)
at org.testng.SuiteRunner.privateRun(SuiteRunner.java:332)
at org.testng.SuiteRunner.run(SuiteRunner.java:276)
at org.testng.SuiteRunnerWorker.runSuite(SuiteRunnerWorker.java:53)
at org.testng.SuiteRunnerWorker.run(SuiteRunnerWorker.java:96)
at org.testng.TestNG.runSuitesSequentially(TestNG.java:1212)
at org.testng.TestNG.runSuitesLocally(TestNG.java:1134)
at org.testng.TestNG.runSuites(TestNG.java:1063)
at org.testng.TestNG.run(TestNG.java:1031)
at org.testng.remote.AbstractRemoteTestNG.run(AbstractRemoteTestNG.java:115)
at org.testng.remote.RemoteTestNG.initAndRun(RemoteTestNG.java:251)
at org.testng.remote.RemoteTestNG.main(RemoteTestNG.java:77)
]]>
            </full-stacktrace>
          </exception> <!-- org.openqa.selenium.NoSuchElementException -->
          <reporter-output>
          </reporter-output>
        </test-method> <!-- openAccessGroup -->
        <test-method is-config="true" signature="setUp()[pri:0, instance:Execution.userAccessGroupsPart2@3b6ddd1d]" started-at="2023-09-15T12:10:37 CDT" name="setUp" finished-at="2023-09-15T12:10:37 CDT" duration-ms="0" status="PASS">
          <reporter-output>
          </reporter-output>
        </test-method> <!-- setUp -->
        <test-method is-config="true" signature="setUp()[pri:0, instance:Execution.userAccessGroupsPart2@3b6ddd1d]" started-at="2023-09-15T12:10:39 CDT" name="setUp" finished-at="2023-09-15T12:10:39 CDT" duration-ms="0" status="PASS">
          <reporter-output>
          </reporter-output>
        </test-method> <!-- setUp -->
        <test-method signature="getElementID()[pri:2080, instance:Execution.userAccessGroupsPart2@3b6ddd1d]" started-at="2023-09-15T12:10:39 CDT" name="getElementID" finished-at="2023-09-15T12:10:43 CDT" duration-ms="3903" status="PASS">
          <reporter-output>
          </reporter-output>
        </test-method> <!-- getElementID -->
        <test-method is-config="true" signature="setUp()[pri:0, instance:Execution.userAccessGroupsPart2@3b6ddd1d]" started-at="2023-09-15T12:10:43 CDT" name="setUp" finished-at="2023-09-15T12:10:43 CDT" duration-ms="0" status="PASS">
          <reporter-output>
          </reporter-output>
        </test-method> <!-- setUp -->
        <test-method signature="closeDownMainPortal1()[pri:2085, instance:Execution.userAccessGroupsPart2@3b6ddd1d]" started-at="2023-09-15T12:10:43 CDT" name="closeDownMainPortal1" finished-at="2023-09-15T12:10:44 CDT" duration-ms="980" status="PASS">
          <reporter-output>
          </reporter-output>
        </test-method> <!-- closeDownMainPortal1 -->
        <test-method is-config="true" signature="setUp()[pri:0, instance:Execution.userAccessGroupsPart2@3b6ddd1d]" started-at="2023-09-15T12:10:44 CDT" name="setUp" finished-at="2023-09-15T12:10:44 CDT" duration-ms="0" status="PASS">
          <reporter-output>
          </reporter-output>
        </test-method> <!-- setUp -->
        <test-method signature="createNexusDriver1()[pri:2090, instance:Execution.userAccessGroupsPart2@3b6ddd1d]" started-at="2023-09-15T12:10:44 CDT" name="createNexusDriver1" finished-at="2023-09-15T12:10:49 CDT" duration-ms="5319" status="PASS">
          <reporter-output>
          </reporter-output>
        </test-method> <!-- createNexusDriver1 -->
        <test-method is-config="true" signature="setUp()[pri:0, instance:Execution.userAccessGroupsPart2@3b6ddd1d]" started-at="2023-09-15T12:10:49 CDT" name="setUp" finished-at="2023-09-15T12:10:49 CDT" duration-ms="1" status="PASS">
          <reporter-output>
          </reporter-output>
        </test-method> <!-- setUp -->
        <test-method signature="deleteNexusUser6()[pri:2100, instance:Execution.userAccessGroupsPart2@3b6ddd1d]" started-at="2023-09-15T12:10:49 CDT" name="deleteNexusUser6" finished-at="2023-09-15T12:10:51 CDT" duration-ms="1581" status="PASS">
          <reporter-output>
          </reporter-output>
        </test-method> <!-- deleteNexusUser6 -->
[...]
          <reporter-output>
          </reporter-output>
        </test-method> <!-- setUp -->
        <test-method signature="deleteNexusUser5()[pri:2130, instance:Execution.userAccessGroupsPart2@3b6ddd1d]" started-at="2023-09-15T12:10:51 CDT" name="deleteNexusUser5" finished-at="2023-09-15T12:10:53 CDT" duration-ms="1550" status="PASS">
          <reporter-output>
          </reporter-output>
        </test-method> <!-- deleteNexusUser5 -->
        <test-method is-config="true" signature="setUp()[pri:0, instance:Execution.userAccessGroupsPart2@3b6ddd1d]" started-at="2023-09-15T12:10:53 CDT" name="setUp" finished-at="2023-09-15T12:10:53 CDT" duration-ms="1" status="PASS">
          <reporter-output>
          </reporter-output>
        </test-method> <!-- setUp -->
        <test-method signature="confirmYes5()[pri:2140, instance:Execution.userAccessGroupsPart2@3b6ddd1d]" started-at="2023-09-15T12:10:53 CDT" name="confirmYes5" finished-at="2023-09-15T12:10:54 CDT" duration-ms="744" status="PASS">
          <reporter-output>
          </reporter-output>
        </test-method> <!-- confirmYes5 -->
        <test-method is-config="true" signature="setUp()[pri:0, instance:Execution.userAccessGroupsPart2@3b6ddd1d]" started-at="2023-09-15T12:10:54 CDT" name="setUp" finished-at="2023-09-15T12:10:54 CDT" duration-ms="0" status="PASS">
          <reporter-output>
          </reporter-output>
        </test-method> <!-- setUp -->
        <test-method signature="deleteNexusUser4()[pri:2150, instance:Execution.userAccessGroupsPart2@3b6ddd1d]" started-at="2023-09-15T12:10:54 CDT" name="deleteNexusUser4" finished-at="2023-09-15T12:10:55 CDT" duration-ms="1549" status="PASS">
          <reporter-output>
          </reporter-output>
        </test-method> <!-- deleteNexusUser4 -->
        <test-method signature="confirmYes4()[pri:2160, instance:Execution.userAccessGroupsPart2@3b6ddd1d]" started-at="2023-09-15T12:10:55 CDT" name="confirmYes4" finished-at="2023-09-15T12:10:56 CDT" duration-ms="752" status="PASS">
          <reporter-output>
          </reporter-output>
        </test-method> <!-- confirmYes4 -->
        <test-method is-config="true" signature="setUp()[pri:0, instance:Execution.userAccessGroupsPart2@3b6ddd1d]" started-at="2023-09-15T12:10:55 CDT" name="setUp" finished-at="2023-09-15T12:10:55 CDT" duration-ms="0" status="PASS">
          <reporter-output>
          </reporter-output>
        </test-method> <!-- setUp -->
        <test-method is-config="true" signature="setUp()[pri:0, instance:Execution.userAccessGroupsPart2@3b6ddd1d]" started-at="2023-09-15T12:10:56 CDT" name="setUp" finished-at="2023-09-15T12:10:56 CDT" duration-ms="1" status="PASS">
          <reporter-output>
          </reporter-output>
        </test-method> <!-- setUp -->
        <test-method signature="deleteNexusUser3()[pri:2170, instance:Execution.userAccessGroupsPart2@3b6ddd1d]" started-at="2023-09-15T12:10:56 CDT" name="deleteNexusUser3" finished-at="2023-09-15T12:10:58 CDT" duration-ms="1566" status="PASS">
          <reporter-output>
          </reporter-output>
        </test-method> <!-- deleteNexusUser3 -->
        <test-method signature="confirmYes3()[pri:2180, instance:Execution.userAccessGroupsPart2@3b6ddd1d]" started-at="2023-09-15T12:10:58 CDT" name="confirmYes3" finished-at="2023-09-15T12:10:58 CDT" duration-ms="743" status="PASS">
          <reporter-output>
          </reporter-output>
        </test-method> <!-- confirmYes3 -->
        <test-method is-config="true" signature="setUp()[pri:0, instance:Execution.userAccessGroupsPart2@3b6ddd1d]" started-at="2023-09-15T12:10:58 CDT" name="setUp" finished-at="2023-09-15T12:10:58 CDT" duration-ms="0" status="PASS">
          <reporter-output>
          </reporter-output>
        </test-method> <!-- setUp -->
        <test-method is-config="true" signature="setUp()[pri:0, instance:Execution.userAccessGroupsPart2@3b6ddd1d]" started-at="2023-09-15T12:10:58 CDT" name="setUp" finished-at="2023-09-15T12:10:58 CDT" duration-ms="0" status="PASS">
          <reporter-output>
          </reporter-output>
        </test-method> <!-- setUp -->
        <test-method signature="deleteNexusUser2()[pri:2190, instance:Execution.userAccessGroupsPart2@3b6ddd1d]" started-at="2023-09-15T12:10:58 CDT" name="deleteNexusUser2" finished-at="2023-09-15T12:11:00 CDT" duration-ms="1585" status="PASS">
          <reporter-output>
          </reporter-output>
        </test-method> <!-- deleteNexusUser2 -->
        <test-method signature="confirmYes2()[pri:2200, instance:Execution.userAccessGroupsPart2@3b6ddd1d]" started-at="2023-09-15T12:11:00 CDT" name="confirmYes2" finished-at="2023-09-15T12:11:01 CDT" duration-ms="786" status="PASS">
          <reporter-output>
          </reporter-output>
        </test-method> <!-- confirmYes2 -->
        <test-method is-config="true" signature="setUp()[pri:0, instance:Execution.userAccessGroupsPart2@3b6ddd1d]" started-at="2023-09-15T12:11:00 CDT" name="setUp" finished-at="2023-09-15T12:11:00 CDT" duration-ms="0" status="PASS">
          <reporter-output>
          </reporter-output>
        </test-method> <!-- setUp -->
        <test-method signature="deleteNexusUser1()[pri:2210, instance:Execution.userAccessGroupsPart2@3b6ddd1d]" started-at="2023-09-15T12:11:01 CDT" name="deleteNexusUser1" finished-at="2023-09-15T12:11:02 CDT" duration-ms="1560" status="PASS">
          <reporter-output>
          </reporter-output>
        </test-method> <!-- deleteNexusUser1 -->
        <test-method is-config="true" signature="setUp()[pri:0, instance:Execution.userAccessGroupsPart2@3b6ddd1d]" started-at="2023-09-15T12:11:01 CDT" name="setUp" finished-at="2023-09-15T12:11:01 CDT" duration-ms="0" status="PASS">
          <reporter-output>
          </reporter-output>
        </test-method> <!-- setUp -->
        <test-method is-config="true" signature="setUp()[pri:0, instance:Execution.userAccessGroupsPart2@3b6ddd1d]" started-at="2023-09-15T12:11:02 CDT" name="setUp" finished-at="2023-09-15T12:11:02 CDT" duration-ms="0" status="PASS">
          <reporter-output>
          </reporter-output>
        </test-method> <!-- setUp -->
        <test-method signature="confirmYes1()[pri:2220, instance:Execution.userAccessGroupsPart2@3b6ddd1d]" started-at="2023-09-15T12:11:02 CDT" name="confirmYes1" finished-at="2023-09-15T12:11:03 CDT" duration-ms="735" status="PASS">
          <reporter-output>
          </reporter-output>
        </test-method> <!-- confirmYes1 -->
        <test-method signature="DELETE_GROUP()[pri:2230, instance:Execution.userAccessGroupsPart2@3b6ddd1d]" started-at="2023-09-15T12:11:03 CDT" name="DELETE_GROUP" finished-at="2023-09-15T12:11:04 CDT" duration-ms="1016" status="FAIL">
          <exception class="org.openqa.selenium.NoSuchSessionException">
            <message>
              <![CDATA[Session ID is null. Using WebDriver after calling quit()?
Build info: version: '3.141.59', revision: 'e82be7d358', time: '2018-11-14T08:25:48'
System info: host: 'DESKTOP-OOHKJP3', ip: '192.168.1.223', os.name: 'Windows 10', os.arch: 'amd64', os.version: '10.0', java.version: '15.0.2'
Driver info: driver.version: RemoteWebDriver]]>
            </message>
            <full-stacktrace>
              <![CDATA[org.openqa.selenium.NoSuchSessionException: Session ID is null. Using WebDriver after calling quit()?
Build info: version: '3.141.59', revision: 'e82be7d358', time: '2018-11-14T08:25:48'
System info: host: 'DESKTOP-OOHKJP3', ip: '192.168.1.223', os.name: 'Windows 10', os.arch: 'amd64', os.version: '10.0', java.version: '15.0.2'
Driver info: driver.version: RemoteWebDriver
at org.openqa.selenium.remote.HttpCommandExecutor.execute(HttpCommandExecutor.java:125)
at org.openqa.selenium.remote.service.DriverCommandExecutor.execute(DriverCommandExecutor.java:83)
at org.openqa.selenium.remote.RemoteWebDriver.execute(RemoteWebDriver.java:552)
at org.openqa.selenium.remote.RemoteWebDriver.findElement(RemoteWebDriver.java:323)
at org.openqa.selenium.remote.RemoteWebDriver.findElementByXPath(RemoteWebDriver.java:428)
at org.openqa.selenium.By$ByXPath.findElement(By.java:353)
at org.openqa.selenium.remote.RemoteWebDriver.findElement(RemoteWebDriver.java:315)
at Execution.userAccessGroupsPart2.DELETE_GROUP(userAccessGroupsPart2.java:407)
at java.base/jdk.internal.reflect.NativeMethodAccessorImpl.invoke0(Native Method)
at java.base/jdk.internal.reflect.NativeMethodAccessorImpl.invoke(NativeMethodAccessorImpl.java:64)
at java.base/jdk.internal.reflect.DelegatingMethodAccessorImpl.invoke(DelegatingMethodAccessorImpl.java:43)
at java.base/java.lang.reflect.Method.invoke(Method.java:564)
at org.testng.internal.MethodInvocationHelper.invokeMethod(MethodInvocationHelper.java:133)
at org.testng.internal.TestInvoker.invokeMethod(TestInvoker.java:598)
at org.testng.internal.TestInvoker.invokeTestMethod(TestInvoker.java:173)
at org.testng.internal.MethodRunner.runInSequence(MethodRunner.java:46)
at org.testng.internal.TestInvoker$MethodInvocationAgent.invoke(TestInvoker.java:824)
at org.testng.internal.TestInvoker.invokeTestMethods(TestInvoker.java:146)
at org.testng.internal.TestMethodWorker.invokeTestMethods(TestMethodWorker.java:146)
at org.testng.internal.TestMethodWorker.run(TestMethodWorker.java:128)
at java.base/java.util.ArrayList.forEach(ArrayList.java:1511)
at org.testng.TestRunner.privateRun(TestRunner.java:794)
at org.testng.TestRunner.run(TestRunner.java:596)
at org.testng.SuiteRunner.runTest(SuiteRunner.java:377)
at org.testng.SuiteRunner.runSequentially(SuiteRunner.java:371)
at org.testng.SuiteRunner.privateRun(SuiteRunner.java:332)
at org.testng.SuiteRunner.run(SuiteRunner.java:276)
at org.testng.SuiteRunnerWorker.runSuite(SuiteRunnerWorker.java:53)
at org.testng.SuiteRunnerWorker.run(SuiteRunnerWorker.java:96)
at org.testng.TestNG.runSuitesSequentially(TestNG.java:1212)
at org.testng.TestNG.runSuitesLocally(TestNG.java:1134)
at org.testng.TestNG.runSuites(TestNG.java:1063)
at org.testng.TestNG.run(TestNG.java:1031)
at org.testng.remote.AbstractRemoteTestNG.run(AbstractRemoteTestNG.java:115)
at org.testng.remote.RemoteTestNG.initAndRun(RemoteTestNG.java:251)
at org.testng.remote.RemoteTestNG.main(RemoteTestNG.java:77)
]]>
            </full-stacktrace>
          </exception> <!-- org.openqa.selenium.NoSuchSessionException -->
          <reporter-output>
          </reporter-output>
        </test-method> <!-- DELETE_GROUP -->
        <test-method is-config="true" signature="setUp()[pri:0, instance:Execution.userAccessGroupsPart2@3b6ddd1d]" started-at="2023-09-15T12:11:03 CDT" name="setUp" finished-at="2023-09-15T12:11:03 CDT" duration-ms="0" status="PASS">
          <reporter-output>
          </reporter-output>
        </test-method> <!-- setUp -->
        <test-method signature="createPortalDriver1()[pri:5000, instance:Execution.userAccessGroupsPart2@3b6ddd1d]" started-at="2023-09-15T12:11:04 CDT" name="createPortalDriver1" finished-at="2023-09-15T12:11:04 CDT" duration-ms="1" status="FAIL">
          <exception class="org.openqa.selenium.NoSuchSessionException">
            <message>
              <![CDATA[Session ID is null. Using WebDriver after calling quit()?
Build info: version: '3.141.59', revision: 'e82be7d358', time: '2018-11-14T08:25:48'
System info: host: 'DESKTOP-OOHKJP3', ip: '192.168.1.223', os.name: 'Windows 10', os.arch: 'amd64', os.version: '10.0', java.version: '15.0.2'
Driver info: driver.version: RemoteWebDriver]]>
            </message>
            <full-stacktrace>
              <![CDATA[org.openqa.selenium.NoSuchSessionException: Session ID is null. Using WebDriver after calling quit()?
Build info: version: '3.141.59', revision: 'e82be7d358', time: '2018-11-14T08:25:48'
System info: host: 'DESKTOP-OOHKJP3', ip: '192.168.1.223', os.name: 'Windows 10', os.arch: 'amd64', os.version: '10.0', java.version: '15.0.2'
Driver info: driver.version: RemoteWebDriver
at org.openqa.selenium.remote.HttpCommandExecutor.execute(HttpCommandExecutor.java:125)
at org.openqa.selenium.remote.service.DriverCommandExecutor.execute(DriverCommandExecutor.java:83)
at org.openqa.selenium.remote.RemoteWebDriver.execute(RemoteWebDriver.java:552)
at org.openqa.selenium.remote.RemoteWebDriver.get(RemoteWebDriver.java:277)
at org.openqa.selenium.remote.RemoteWebDriver$RemoteNavigation.to(RemoteWebDriver.java:857)
at Execution.userAccessGroupsPart2.createPortalDriver1(userAccessGroupsPart2.java:427)
at java.base/jdk.internal.reflect.NativeMethodAccessorImpl.invoke0(Native Method)
at java.base/jdk.internal.reflect.NativeMethodAccessorImpl.invoke(NativeMethodAccessorImpl.java:64)
at java.base/jdk.internal.reflect.DelegatingMethodAccessorImpl.invoke(DelegatingMethodAccessorImpl.java:43)
at java.base/java.lang.reflect.Method.invoke(Method.java:564)
at org.testng.internal.MethodInvocationHelper.invokeMethod(MethodInvocationHelper.java:133)
at org.testng.internal.TestInvoker.invokeMethod(TestInvoker.java:598)
at org.testng.internal.TestInvoker.invokeTestMethod(TestInvoker.java:173)
at org.testng.internal.MethodRunner.runInSequence(MethodRunner.java:46)
at org.testng.internal.TestInvoker$MethodInvocationAgent.invoke(TestInvoker.java:824)
at org.testng.internal.TestInvoker.invokeTestMethods(TestInvoker.java:146)
at org.testng.internal.TestMethodWorker.invokeTestMethods(TestMethodWorker.java:146)
at org.testng.internal.TestMethodWorker.run(TestMethodWorker.java:128)
at java.base/java.util.ArrayList.forEach(ArrayList.java:1511)
at org.testng.TestRunner.privateRun(TestRunner.java:794)
at org.testng.TestRunner.run(TestRunner.java:596)
at org.testng.SuiteRunner.runTest(SuiteRunner.java:377)
at org.testng.SuiteRunner.runSequentially(SuiteRunner.java:371)
at org.testng.SuiteRunner.privateRun(SuiteRunner.java:332)
at org.testng.SuiteRunner.run(SuiteRunner.java:276)
at org.testng.SuiteRunnerWorker.runSuite(SuiteRunnerWorker.java:53)
at org.testng.SuiteRunnerWorker.run(SuiteRunnerWorker.java:96)
at org.testng.TestNG.runSuitesSequentially(TestNG.java:1212)
at org.testng.TestNG.runSuitesLocally(TestNG.java:1134)
at org.testng.TestNG.runSuites(TestNG.java:1063)
at org.testng.TestNG.run(TestNG.java:1031)
at org.testng.remote.AbstractRemoteTestNG.run(AbstractRemoteTestNG.java:115)
at org.testng.remote.RemoteTestNG.initAndRun(RemoteTestNG.java:251)
at org.testng.remote.RemoteTestNG.main(RemoteTestNG.java:77)
]]>
            </full-stacktrace>
          </exception> <!-- org.openqa.selenium.NoSuchSessionException -->
          <reporter-output>
          </reporter-output>
        </test-method> <!-- createPortalDriver1 -->
        <test-method is-config="true" signature="setUp()[pri:0, instance:Execution.userAccessGroupsPart2@3b6ddd1d]" started-at="2023-09-15T12:11:04 CDT" name="setUp" finished-at="2023-09-15T12:11:04 CDT" duration-ms="0" status="PASS">
          <reporter-output>
          </reporter-output>
        </test-method> <!-- setUp -->
        <test-method signature="openAccessGroup2()[pri:6000, instance:Execution.userAccessGroupsPart2@3b6ddd1d]" started-at="2023-09-15T12:11:04 CDT" name="openAccessGroup2" finished-at="2023-09-15T12:11:06 CDT" duration-ms="1509" status="FAIL">
          <exception class="org.openqa.selenium.NoSuchSessionException">
            <message>
              <![CDATA[Session ID is null. Using WebDriver after calling quit()?
Build info: version: '3.141.59', revision: 'e82be7d358', time: '2018-11-14T08:25:48'
System info: host: 'DESKTOP-OOHKJP3', ip: '192.168.1.223', os.name: 'Windows 10', os.arch: 'amd64', os.version: '10.0', java.version: '15.0.2'
Driver info: driver.version: RemoteWebDriver]]>
            </message>
            <full-stacktrace>
              <![CDATA[org.openqa.selenium.NoSuchSessionException: Session ID is null. Using WebDriver after calling quit()?
Build info: version: '3.141.59', revision: 'e82be7d358', time: '2018-11-14T08:25:48'
System info: host: 'DESKTOP-OOHKJP3', ip: '192.168.1.223', os.name: 'Windows 10', os.arch: 'amd64', os.version: '10.0', java.version: '15.0.2'
Driver info: driver.version: RemoteWebDriver
at org.openqa.selenium.remote.HttpCommandExecutor.execute(HttpCommandExecutor.java:125)
at org.openqa.selenium.remote.service.DriverCommandExecutor.execute(DriverCommandExecutor.java:83)
at org.openqa.selenium.remote.RemoteWebDriver.execute(RemoteWebDriver.java:552)
at org.openqa.selenium.remote.RemoteWebDriver.findElement(RemoteWebDriver.java:323)
at org.openqa.selenium.remote.RemoteWebDriver.findElementByXPath(RemoteWebDriver.java:428)
at org.openqa.selenium.By$ByXPath.findElement(By.java:353)
at org.openqa.selenium.remote.RemoteWebDriver.findElement(RemoteWebDriver.java:315)
at Execution.userAccessGroupsPart2.openUserAccessGroups(userAccessGroupsPart2.java:229)
at Execution.userAccessGroupsPart2.openAccessGroup2(userAccessGroupsPart2.java:434)
at java.base/jdk.internal.reflect.NativeMethodAccessorImpl.invoke0(Native Method)
at java.base/jdk.internal.reflect.NativeMethodAccessorImpl.invoke(NativeMethodAccessorImpl.java:64)
at java.base/jdk.internal.reflect.DelegatingMethodAccessorImpl.invoke(DelegatingMethodAccessorImpl.java:43)
at java.base/java.lang.reflect.Method.invoke(Method.java:564)
at org.testng.internal.MethodInvocationHelper.invokeMethod(MethodInvocationHelper.java:133)
at org.testng.internal.TestInvoker.invokeMethod(TestInvoker.java:598)
at org.testng.internal.TestInvoker.invokeTestMethod(TestInvoker.java:173)
at org.testng.internal.MethodRunner.runInSequence(MethodRunner.java:46)
at org.testng.internal.TestInvoker$MethodInvocationAgent.invoke(TestInvoker.java:824)
at org.testng.internal.TestInvoker.invokeTestMethods(TestInvoker.java:146)
at org.testng.internal.TestMethodWorker.invokeTestMethods(TestMethodWorker.java:146)
at org.testng.internal.TestMethodWorker.run(TestMethodWorker.java:128)
at java.base/java.util.ArrayList.forEach(ArrayList.java:1511)
at org.testng.TestRunner.privateRun(TestRunner.java:794)
at org.testng.TestRunner.run(TestRunner.java:596)
at org.testng.SuiteRunner.runTest(SuiteRunner.java:377)
at org.testng.SuiteRunner.runSequentially(SuiteRunner.java:371)
at org.testng.SuiteRunner.privateRun(SuiteRunner.java:332)
at org.testng.SuiteRunner.run(SuiteRunner.java:276)
at org.testng.SuiteRunnerWorker.runSuite(SuiteRunnerWorker.java:53)
at org.testng.SuiteRunnerWorker.run(SuiteRunnerWorker.java:96)
at org.testng.TestNG.runSuitesSequentially(TestNG.java:1212)
at org.testng.TestNG.runSuitesLocally(TestNG.java:1134)
at org.testng.TestNG.runSuites(TestNG.java:1063)
at org.testng.TestNG.run(TestNG.java:1031)
at org.testng.remote.AbstractRemoteTestNG.run(AbstractRemoteTestNG.java:115)
at org.testng.remote.RemoteTestNG.initAndRun(RemoteTestNG.java:251)
at org.testng.remote.RemoteTestNG.main(RemoteTestNG.java:77)
]]>
            </full-stacktrace>
          </exception> <!-- org.openqa.selenium.NoSuchSessionException -->
          <reporter-output>
          </reporter-output>
        </test-method> <!-- openAccessGroup2 -->
        <test-method is-config="true" signature="setUp()[pri:0, instance:Execution.userAccessGroupsPart2@3b6ddd1d]" started-at="2023-09-15T12:11:04 CDT" name="setUp" finished-at="2023-09-15T12:11:04 CDT" duration-ms="0" status="PASS">
          <reporter-output>
          </reporter-output>
        </test-method> <!-- setUp -->
        <test-method is-config="true" signature="closeDown()[pri:0, instance:Execution.userAccessGroupsPart2@3b6ddd1d]" started-at="2023-09-15T12:11:06 CDT" name="closeDown" finished-at="2023-09-15T12:11:06 CDT" duration-ms="0" status="PASS">
          <reporter-output>
          </reporter-output>
        </test-method> <!-- closeDown -->
      </class> <!-- Execution.userAccessGroupsPart2 -->
    </test> <!-- User Access Groups Part 2 -->
  </suite> <!-- RegressionSuite -->
</testng-results>
