<?xml version="1.0" encoding="UTF-8"?>
<testng-results ignored="0" total="26" passed="23" failed="3" skipped="0">
  <reporter-output>
  </reporter-output>
  <suite started-at="2023-09-11T15:33:19 CDT" name="RegressionSuite" finished-at="2023-09-11T15:34:03 CDT" duration-ms="43017">
    <groups>
    </groups>
    <test started-at="2023-09-11T15:33:19 CDT" name="User Access Groups TESTING" finished-at="2023-09-11T15:34:03 CDT" duration-ms="43017">
      <class name="Execution.userAccessGroupsTESTING">
        <test-method is-config="true" signature="initializeFramework(java.lang.String,java.lang.String)[pri:0, instance:Execution.userAccessGroupsTESTING@57af006c]" started-at="2023-09-11T15:33:20 CDT" name="initializeFramework" finished-at="2023-09-11T15:33:22 CDT" duration-ms="2320" status="PASS">
          <params>
            <param index="0">
              <value>
                <![CDATA[chrome]]>
              </value>
            </param>
            <param index="1">
              <value>
                <![CDATA[https://localhost/LEAF_Request_Portal/admin/?a=mod_groups]]>
              </value>
            </param>
          </params>
          <reporter-output>
          </reporter-output>
        </test-method> <!-- initializeFramework -->
        <test-method is-config="true" signature="setUp()[pri:0, instance:Execution.userAccessGroupsTESTING@57af006c]" started-at="2023-09-11T15:33:22 CDT" name="setUp" finished-at="2023-09-11T15:33:22 CDT" duration-ms="0" status="PASS">
          <reporter-output>
          </reporter-output>
        </test-method> <!-- setUp -->
        <test-method is-config="true" signature="setUp()[pri:0, instance:Execution.userAccessGroupsTESTING@57af006c]" started-at="2023-09-11T15:33:22 CDT" name="setUp" finished-at="2023-09-11T15:33:22 CDT" duration-ms="0" status="PASS">
          <reporter-output>
          </reporter-output>
        </test-method> <!-- setUp -->
        <test-method signature="testForCertPage()[pri:1, instance:Execution.userAccessGroupsTESTING@57af006c]" started-at="2023-09-11T15:33:22 CDT" name="testForCertPage" finished-at="2023-09-11T15:33:23 CDT" duration-ms="1545" status="PASS">
          <reporter-output>
          </reporter-output>
        </test-method> <!-- testForCertPage -->
        <test-method is-config="true" signature="setUp()[pri:0, instance:Execution.userAccessGroupsTESTING@57af006c]" started-at="2023-09-11T15:33:23 CDT" name="setUp" finished-at="2023-09-11T15:33:23 CDT" duration-ms="0" status="PASS">
          <reporter-output>
          </reporter-output>
        </test-method> <!-- setUp -->
        <test-method signature="getElementID()[pri:990, instance:Execution.userAccessGroupsTESTING@57af006c]" started-at="2023-09-11T15:33:23 CDT" name="getElementID" finished-at="2023-09-11T15:33:26 CDT" duration-ms="2936" status="PASS">
          <reporter-output>
          </reporter-output>
        </test-method> <!-- getElementID -->
        <test-method signature="createNexusDriver1()[pri:995, instance:Execution.userAccessGroupsTESTING@57af006c]" started-at="2023-09-11T15:33:26 CDT" name="createNexusDriver1" finished-at="2023-09-11T15:33:32 CDT" duration-ms="5271" status="PASS">
          <reporter-output>
          </reporter-output>
        </test-method> <!-- createNexusDriver1 -->
        <test-method is-config="true" signature="setUp()[pri:0, instance:Execution.userAccessGroupsTESTING@57af006c]" started-at="2023-09-11T15:33:26 CDT" name="setUp" finished-at="2023-09-11T15:33:26 CDT" duration-ms="0" status="PASS">
          <reporter-output>
          </reporter-output>
        </test-method> <!-- setUp -->
        <test-method is-config="true" signature="setUp()[pri:0, instance:Execution.userAccessGroupsTESTING@57af006c]" started-at="2023-09-11T15:33:32 CDT" name="setUp" finished-at="2023-09-11T15:33:32 CDT" duration-ms="2" status="PASS">
          <reporter-output>
          </reporter-output>
        </test-method> <!-- setUp -->
        <test-method signature="clickAddUserInNexus()[pri:1000, instance:Execution.userAccessGroupsTESTING@57af006c]" started-at="2023-09-11T15:33:32 CDT" name="clickAddUserInNexus" finished-at="2023-09-11T15:33:36 CDT" duration-ms="4188" status="PASS">
          <reporter-output>
          </reporter-output>
        </test-method> <!-- clickAddUserInNexus -->
        <test-method is-config="true" signature="setUp()[pri:0, instance:Execution.userAccessGroupsTESTING@57af006c]" started-at="2023-09-11T15:33:36 CDT" name="setUp" finished-at="2023-09-11T15:33:36 CDT" duration-ms="0" status="PASS">
          <reporter-output>
          </reporter-output>
        </test-method> <!-- setUp -->
        <test-method signature="selectSearchEmployeesOnly()[pri:1010, instance:Execution.userAccessGroupsTESTING@57af006c]" started-at="2023-09-11T15:33:36 CDT" name="selectSearchEmployeesOnly" finished-at="2023-09-11T15:33:37 CDT" duration-ms="1438" status="PASS">
          <reporter-output>
          </reporter-output>
        </test-method> <!-- selectSearchEmployeesOnly -->
        <test-method is-config="true" signature="setUp()[pri:0, instance:Execution.userAccessGroupsTESTING@57af006c]" started-at="2023-09-11T15:33:37 CDT" name="setUp" finished-at="2023-09-11T15:33:37 CDT" duration-ms="1" status="PASS">
          <reporter-output>
          </reporter-output>
        </test-method> <!-- setUp -->
        <test-method signature="inputNexusEmployee()[pri:1020, instance:Execution.userAccessGroupsTESTING@57af006c]" started-at="2023-09-11T15:33:37 CDT" name="inputNexusEmployee" finished-at="2023-09-11T15:33:39 CDT" duration-ms="1814" status="PASS">
          <reporter-output>
          </reporter-output>
        </test-method> <!-- inputNexusEmployee -->
        <test-method is-config="true" signature="setUp()[pri:0, instance:Execution.userAccessGroupsTESTING@57af006c]" started-at="2023-09-11T15:33:39 CDT" name="setUp" finished-at="2023-09-11T15:33:39 CDT" duration-ms="0" status="PASS">
          <reporter-output>
          </reporter-output>
        </test-method> <!-- setUp -->
        <test-method signature="saveNexusEmployee()[pri:1030, instance:Execution.userAccessGroupsTESTING@57af006c]" started-at="2023-09-11T15:33:39 CDT" name="saveNexusEmployee" finished-at="2023-09-11T15:33:40 CDT" duration-ms="505" status="PASS">
          <reporter-output>
          </reporter-output>
        </test-method> <!-- saveNexusEmployee -->
        <test-method is-config="true" signature="setUp()[pri:0, instance:Execution.userAccessGroupsTESTING@57af006c]" started-at="2023-09-11T15:33:40 CDT" name="setUp" finished-at="2023-09-11T15:33:40 CDT" duration-ms="0" status="PASS">
          <reporter-output>
          </reporter-output>
        </test-method> <!-- setUp -->
        <test-method signature="clickAddUserInNexus2()[pri:1040, instance:Execution.userAccessGroupsTESTING@57af006c]" started-at="2023-09-11T15:33:40 CDT" name="clickAddUserInNexus2" finished-at="2023-09-11T15:33:40 CDT" duration-ms="69" status="FAIL">
          <exception class="org.openqa.selenium.UnhandledAlertException">
            <message>
              <![CDATA[unexpected alert open: {Alert text : You must select an employee or position}
  (Session info: chrome=116.0.5845.180): You must select an employee or position
Build info: version: '3.141.59', revision: 'e82be7d358', time: '2018-11-14T08:25:48'
System info: host: 'DESKTOP-OOHKJP3', ip: '172.31.0.1', os.name: 'Windows 10', os.arch: 'amd64', os.version: '10.0', java.version: '15.0.2'
Driver info: org.openqa.selenium.chrome.ChromeDriver
Capabilities {acceptInsecureCerts: false, browserName: chrome, browserVersion: 116.0.5845.180, chrome: {chromedriverVersion: 116.0.5845.96 (1a3918166880..., userDataDir: C:\Users\MAXRIC~1\AppData\L...}, fedcm:accounts: true, goog:chromeOptions: {debuggerAddress: localhost:58032}, javascriptEnabled: true, networkConnectionEnabled: false, pageLoadStrategy: normal, platform: WINDOWS, platformName: WINDOWS, proxy: Proxy(), setWindowRect: true, strictFileInteractability: false, timeouts: {implicit: 0, pageLoad: 300000, script: 30000}, unhandledPromptBehavior: dismiss and notify, webauthn:extension:credBlob: true, webauthn:extension:largeBlob: true, webauthn:extension:minPinLength: true, webauthn:extension:prf: true, webauthn:virtualAuthenticators: true}
Session ID: 96738ffe42079d38efe65c66b78478e6]]>
            </message>
            <full-stacktrace>
              <![CDATA[org.openqa.selenium.UnhandledAlertException: unexpected alert open: {Alert text : You must select an employee or position}
  (Session info: chrome=116.0.5845.180): You must select an employee or position
Build info: version: '3.141.59', revision: 'e82be7d358', time: '2018-11-14T08:25:48'
System info: host: 'DESKTOP-OOHKJP3', ip: '172.31.0.1', os.name: 'Windows 10', os.arch: 'amd64', os.version: '10.0', java.version: '15.0.2'
Driver info: org.openqa.selenium.chrome.ChromeDriver
Capabilities {acceptInsecureCerts: false, browserName: chrome, browserVersion: 116.0.5845.180, chrome: {chromedriverVersion: 116.0.5845.96 (1a3918166880..., userDataDir: C:\Users\MAXRIC~1\AppData\L...}, fedcm:accounts: true, goog:chromeOptions: {debuggerAddress: localhost:58032}, javascriptEnabled: true, networkConnectionEnabled: false, pageLoadStrategy: normal, platform: WINDOWS, platformName: WINDOWS, proxy: Proxy(), setWindowRect: true, strictFileInteractability: false, timeouts: {implicit: 0, pageLoad: 300000, script: 30000}, unhandledPromptBehavior: dismiss and notify, webauthn:extension:credBlob: true, webauthn:extension:largeBlob: true, webauthn:extension:minPinLength: true, webauthn:extension:prf: true, webauthn:virtualAuthenticators: true}
Session ID: 96738ffe42079d38efe65c66b78478e6
at org.openqa.selenium.remote.http.W3CHttpResponseCodec.decode(W3CHttpResponseCodec.java:120)
at org.openqa.selenium.remote.http.W3CHttpResponseCodec.decode(W3CHttpResponseCodec.java:49)
at org.openqa.selenium.remote.HttpCommandExecutor.execute(HttpCommandExecutor.java:158)
at org.openqa.selenium.remote.service.DriverCommandExecutor.execute(DriverCommandExecutor.java:83)
at org.openqa.selenium.remote.RemoteWebDriver.execute(RemoteWebDriver.java:552)
at org.openqa.selenium.remote.RemoteWebDriver.execute(RemoteWebDriver.java:609)
at org.openqa.selenium.remote.RemoteWebDriver.getCurrentUrl(RemoteWebDriver.java:287)
at Execution.userAccessGroupsTESTING.clickAddUserInNexus(userAccessGroupsTESTING.java:673)
at Execution.userAccessGroupsTESTING.clickAddUserInNexus2(userAccessGroupsTESTING.java:737)
at java.base/jdk.internal.reflect.NativeMethodAccessorImpl.invoke0(Native Method)
at java.base/jdk.internal.reflect.NativeMethodAccessorImpl.invoke(NativeMethodAccessorImpl.java:64)
at java.base/jdk.internal.reflect.DelegatingMethodAccessorImpl.invoke(DelegatingMethodAccessorImpl.java:43)
at java.base/java.lang.reflect.Method.invoke(Method.java:564)
at org.testng.internal.MethodInvocationHelper.invokeMethod(MethodInvocationHelper.java:133)
at org.testng.internal.TestInvoker.invokeMethod(TestInvoker.java:598)
at org.testng.internal.TestInvoker.invokeTestMethod(TestInvoker.java:173)
at org.testng.internal.MethodRunner.runInSequence(MethodRunner.java:46)
at org.testng.internal.TestInvoker$MethodInvocationAgent.invoke(TestInvoker.java:824)
at org.testng.internal.TestInvoker.invokeTestMethods(TestInvoker.java:146)
at org.testng.internal.TestMethodWorker.invokeTestMethods(TestMethodWorker.java:146)
at org.testng.internal.TestMethodWorker.run(TestMethodWorker.java:128)
at java.base/java.util.ArrayList.forEach(ArrayList.java:1511)
at org.testng.TestRunner.privateRun(TestRunner.java:794)
at org.testng.TestRunner.run(TestRunner.java:596)
at org.testng.SuiteRunner.runTest(SuiteRunner.java:377)
at org.testng.SuiteRunner.runSequentially(SuiteRunner.java:371)
at org.testng.SuiteRunner.privateRun(SuiteRunner.java:332)
at org.testng.SuiteRunner.run(SuiteRunner.java:276)
at org.testng.SuiteRunnerWorker.runSuite(SuiteRunnerWorker.java:53)
at org.testng.SuiteRunnerWorker.run(SuiteRunnerWorker.java:96)
at org.testng.TestNG.runSuitesSequentially(TestNG.java:1212)
at org.testng.TestNG.runSuitesLocally(TestNG.java:1134)
at org.testng.TestNG.runSuites(TestNG.java:1063)
at org.testng.TestNG.run(TestNG.java:1031)
at org.testng.remote.AbstractRemoteTestNG.run(AbstractRemoteTestNG.java:115)
at org.testng.remote.RemoteTestNG.initAndRun(RemoteTestNG.java:251)
at org.testng.remote.RemoteTestNG.main(RemoteTestNG.java:77)
]]>
            </full-stacktrace>
          </exception> <!-- org.openqa.selenium.UnhandledAlertException -->
          <reporter-output>
          </reporter-output>
        </test-method> <!-- clickAddUserInNexus2 -->
        <test-method is-config="true" signature="setUp()[pri:0, instance:Execution.userAccessGroupsTESTING@57af006c]" started-at="2023-09-11T15:33:40 CDT" name="setUp" finished-at="2023-09-11T15:33:40 CDT" duration-ms="1" status="PASS">
          <reporter-output>
          </reporter-output>
        </test-method> <!-- setUp -->
        <test-method signature="selectSearchEmployeesOnly2()[pri:1050, instance:Execution.userAccessGroupsTESTING@57af006c]" started-at="2023-09-11T15:33:40 CDT" name="selectSearchEmployeesOnly2" finished-at="2023-09-11T15:33:41 CDT" duration-ms="1455" status="PASS">
          <reporter-output>
          </reporter-output>
        </test-method> <!-- selectSearchEmployeesOnly2 -->
        <test-method is-config="true" signature="setUp()[pri:0, instance:Execution.userAccessGroupsTESTING@57af006c]" started-at="2023-09-11T15:33:41 CDT" name="setUp" finished-at="2023-09-11T15:33:41 CDT" duration-ms="1" status="PASS">
          <reporter-output>
          </reporter-output>
        </test-method> <!-- setUp -->
        <test-method signature="inputNexusEmployee2()[pri:1060, instance:Execution.userAccessGroupsTESTING@57af006c]" started-at="2023-09-11T15:33:41 CDT" name="inputNexusEmployee2" finished-at="2023-09-11T15:33:42 CDT" duration-ms="727" status="FAIL">
          <exception class="org.openqa.selenium.ElementNotInteractableException">
            <message>
              <![CDATA[element not interactable
  (Session info: chrome=116.0.5845.180)
Build info: version: '3.141.59', revision: 'e82be7d358', time: '2018-11-14T08:25:48'
System info: host: 'DESKTOP-OOHKJP3', ip: '172.31.0.1', os.name: 'Windows 10', os.arch: 'amd64', os.version: '10.0', java.version: '15.0.2'
Driver info: org.openqa.selenium.chrome.ChromeDriver
Capabilities {acceptInsecureCerts: false, browserName: chrome, browserVersion: 116.0.5845.180, chrome: {chromedriverVersion: 116.0.5845.96 (1a3918166880..., userDataDir: C:\Users\MAXRIC~1\AppData\L...}, fedcm:accounts: true, goog:chromeOptions: {debuggerAddress: localhost:58032}, javascriptEnabled: true, networkConnectionEnabled: false, pageLoadStrategy: normal, platform: WINDOWS, platformName: WINDOWS, proxy: Proxy(), setWindowRect: true, strictFileInteractability: false, timeouts: {implicit: 0, pageLoad: 300000, script: 30000}, unhandledPromptBehavior: dismiss and notify, webauthn:extension:credBlob: true, webauthn:extension:largeBlob: true, webauthn:extension:minPinLength: true, webauthn:extension:prf: true, webauthn:virtualAuthenticators: true}
Session ID: 96738ffe42079d38efe65c66b78478e6]]>
            </message>
            <full-stacktrace>
              <![CDATA[org.openqa.selenium.ElementNotInteractableException: element not interactable
  (Session info: chrome=116.0.5845.180)
Build info: version: '3.141.59', revision: 'e82be7d358', time: '2018-11-14T08:25:48'
System info: host: 'DESKTOP-OOHKJP3', ip: '172.31.0.1', os.name: 'Windows 10', os.arch: 'amd64', os.version: '10.0', java.version: '15.0.2'
Driver info: org.openqa.selenium.chrome.ChromeDriver
Capabilities {acceptInsecureCerts: false, browserName: chrome, browserVersion: 116.0.5845.180, chrome: {chromedriverVersion: 116.0.5845.96 (1a3918166880..., userDataDir: C:\Users\MAXRIC~1\AppData\L...}, fedcm:accounts: true, goog:chromeOptions: {debuggerAddress: localhost:58032}, javascriptEnabled: true, networkConnectionEnabled: false, pageLoadStrategy: normal, platform: WINDOWS, platformName: WINDOWS, proxy: Proxy(), setWindowRect: true, strictFileInteractability: false, timeouts: {implicit: 0, pageLoad: 300000, script: 30000}, unhandledPromptBehavior: dismiss and notify, webauthn:extension:credBlob: true, webauthn:extension:largeBlob: true, webauthn:extension:minPinLength: true, webauthn:extension:prf: true, webauthn:virtualAuthenticators: true}
Session ID: 96738ffe42079d38efe65c66b78478e6
at java.base/jdk.internal.reflect.NativeConstructorAccessorImpl.newInstance0(Native Method)
at java.base/jdk.internal.reflect.NativeConstructorAccessorImpl.newInstance(NativeConstructorAccessorImpl.java:64)
at java.base/jdk.internal.reflect.DelegatingConstructorAccessorImpl.newInstance(DelegatingConstructorAccessorImpl.java:45)
at java.base/java.lang.reflect.Constructor.newInstanceWithCaller(Constructor.java:500)
at java.base/java.lang.reflect.Constructor.newInstance(Constructor.java:481)
at org.openqa.selenium.remote.http.W3CHttpResponseCodec.createException(W3CHttpResponseCodec.java:187)
at org.openqa.selenium.remote.http.W3CHttpResponseCodec.decode(W3CHttpResponseCodec.java:122)
at org.openqa.selenium.remote.http.W3CHttpResponseCodec.decode(W3CHttpResponseCodec.java:49)
at org.openqa.selenium.remote.HttpCommandExecutor.execute(HttpCommandExecutor.java:158)
at org.openqa.selenium.remote.service.DriverCommandExecutor.execute(DriverCommandExecutor.java:83)
at org.openqa.selenium.remote.RemoteWebDriver.execute(RemoteWebDriver.java:552)
at org.openqa.selenium.remote.RemoteWebElement.execute(RemoteWebElement.java:285)
at org.openqa.selenium.remote.RemoteWebElement.sendKeys(RemoteWebElement.java:106)
at Execution.userAccessGroupsTESTING.inputNexusEmployee2(userAccessGroupsTESTING.java:763)
at java.base/jdk.internal.reflect.NativeMethodAccessorImpl.invoke0(Native Method)
at java.base/jdk.internal.reflect.NativeMethodAccessorImpl.invoke(NativeMethodAccessorImpl.java:64)
at java.base/jdk.internal.reflect.DelegatingMethodAccessorImpl.invoke(DelegatingMethodAccessorImpl.java:43)
at java.base/java.lang.reflect.Method.invoke(Method.java:564)
at org.testng.internal.MethodInvocationHelper.invokeMethod(MethodInvocationHelper.java:133)
at org.testng.internal.TestInvoker.invokeMethod(TestInvoker.java:598)
at org.testng.internal.TestInvoker.invokeTestMethod(TestInvoker.java:173)
at org.testng.internal.MethodRunner.runInSequence(MethodRunner.java:46)
at org.testng.internal.TestInvoker$MethodInvocationAgent.invoke(TestInvoker.java:824)
at org.testng.internal.TestInvoker.invokeTestMethods(TestInvoker.java:146)
at org.testng.internal.TestMethodWorker.invokeTestMethods(TestMethodWorker.java:146)
at org.testng.internal.TestMethodWorker.run(TestMethodWorker.java:128)
at java.base/java.util.ArrayList.forEach(ArrayList.java:1511)
at org.testng.TestRunner.privateRun(TestRunner.java:794)
at org.testng.TestRunner.run(TestRunner.java:596)
at org.testng.SuiteRunner.runTest(SuiteRunner.java:377)
at org.testng.SuiteRunner.runSequentially(SuiteRunner.java:371)
at org.testng.SuiteRunner.privateRun(SuiteRunner.java:332)
at org.testng.SuiteRunner.run(SuiteRunner.java:276)
at org.testng.SuiteRunnerWorker.runSuite(SuiteRunnerWorker.java:53)
at org.testng.SuiteRunnerWorker.run(SuiteRunnerWorker.java:96)
at org.testng.TestNG.runSuitesSequentially(TestNG.java:1212)
at org.testng.TestNG.runSuitesLocally(TestNG.java:1134)
at org.testng.TestNG.runSuites(TestNG.java:1063)
at org.testng.TestNG.run(TestNG.java:1031)
at org.testng.remote.AbstractRemoteTestNG.run(AbstractRemoteTestNG.java:115)
at org.testng.remote.RemoteTestNG.initAndRun(RemoteTestNG.java:251)
at org.testng.remote.RemoteTestNG.main(RemoteTestNG.java:77)
]]>
            </full-stacktrace>
          </exception> <!-- org.openqa.selenium.ElementNotInteractableException -->
          <reporter-output>
          </reporter-output>
        </test-method> <!-- inputNexusEmployee2 -->
        <test-method is-config="true" signature="setUp()[pri:0, instance:Execution.userAccessGroupsTESTING@57af006c]" started-at="2023-09-11T15:33:42 CDT" name="setUp" finished-at="2023-09-11T15:33:42 CDT" duration-ms="1" status="PASS">
          <reporter-output>
          </reporter-output>
        </test-method> <!-- setUp -->
        <test-method signature="saveNexusEmployee2()[pri:1070, instance:Execution.userAccessGroupsTESTING@57af006c]" started-at="2023-09-11T15:33:42 CDT" name="saveNexusEmployee2" finished-at="2023-09-11T15:33:42 CDT" duration-ms="457" status="PASS">
          <reporter-output>
          </reporter-output>
        </test-method> <!-- saveNexusEmployee2 -->
        <test-method is-config="true" signature="setUp()[pri:0, instance:Execution.userAccessGroupsTESTING@57af006c]" started-at="2023-09-11T15:33:42 CDT" name="setUp" finished-at="2023-09-11T15:33:42 CDT" duration-ms="0" status="PASS">
          <reporter-output>
          </reporter-output>
        </test-method> <!-- setUp -->
        <test-method signature="clickAddUserInNexus3()[pri:1080, instance:Execution.userAccessGroupsTESTING@57af006c]" started-at="2023-09-11T15:33:42 CDT" name="clickAddUserInNexus3" finished-at="2023-09-11T15:33:42 CDT" duration-ms="8" status="FAIL">
          <exception class="org.openqa.selenium.UnhandledAlertException">
            <message>
              <![CDATA[unexpected alert open: {Alert text : You must select an employee or position}
  (Session info: chrome=116.0.5845.180): You must select an employee or position
Build info: version: '3.141.59', revision: 'e82be7d358', time: '2018-11-14T08:25:48'
System info: host: 'DESKTOP-OOHKJP3', ip: '172.31.0.1', os.name: 'Windows 10', os.arch: 'amd64', os.version: '10.0', java.version: '15.0.2'
Driver info: org.openqa.selenium.chrome.ChromeDriver
Capabilities {acceptInsecureCerts: false, browserName: chrome, browserVersion: 116.0.5845.180, chrome: {chromedriverVersion: 116.0.5845.96 (1a3918166880..., userDataDir: C:\Users\MAXRIC~1\AppData\L...}, fedcm:accounts: true, goog:chromeOptions: {debuggerAddress: localhost:58032}, javascriptEnabled: true, networkConnectionEnabled: false, pageLoadStrategy: normal, platform: WINDOWS, platformName: WINDOWS, proxy: Proxy(), setWindowRect: true, strictFileInteractability: false, timeouts: {implicit: 0, pageLoad: 300000, script: 30000}, unhandledPromptBehavior: dismiss and notify, webauthn:extension:credBlob: true, webauthn:extension:largeBlob: true, webauthn:extension:minPinLength: true, webauthn:extension:prf: true, webauthn:virtualAuthenticators: true}
Session ID: 96738ffe42079d38efe65c66b78478e6]]>
            </message>
            <full-stacktrace>
              <![CDATA[org.openqa.selenium.UnhandledAlertException: unexpected alert open: {Alert text : You must select an employee or position}
  (Session info: chrome=116.0.5845.180): You must select an employee or position
Build info: version: '3.141.59', revision: 'e82be7d358', time: '2018-11-14T08:25:48'
System info: host: 'DESKTOP-OOHKJP3', ip: '172.31.0.1', os.name: 'Windows 10', os.arch: 'amd64', os.version: '10.0', java.version: '15.0.2'
Driver info: org.openqa.selenium.chrome.ChromeDriver
Capabilities {acceptInsecureCerts: false, browserName: chrome, browserVersion: 116.0.5845.180, chrome: {chromedriverVersion: 116.0.5845.96 (1a3918166880..., userDataDir: C:\Users\MAXRIC~1\AppData\L...}, fedcm:accounts: true, goog:chromeOptions: {debuggerAddress: localhost:58032}, javascriptEnabled: true, networkConnectionEnabled: false, pageLoadStrategy: normal, platform: WINDOWS, platformName: WINDOWS, proxy: Proxy(), setWindowRect: true, strictFileInteractability: false, timeouts: {implicit: 0, pageLoad: 300000, script: 30000}, unhandledPromptBehavior: dismiss and notify, webauthn:extension:credBlob: true, webauthn:extension:largeBlob: true, webauthn:extension:minPinLength: true, webauthn:extension:prf: true, webauthn:virtualAuthenticators: true}
Session ID: 96738ffe42079d38efe65c66b78478e6
at org.openqa.selenium.remote.http.W3CHttpResponseCodec.decode(W3CHttpResponseCodec.java:120)
at org.openqa.selenium.remote.http.W3CHttpResponseCodec.decode(W3CHttpResponseCodec.java:49)
at org.openqa.selenium.remote.HttpCommandExecutor.execute(HttpCommandExecutor.java:158)
at org.openqa.selenium.remote.service.DriverCommandExecutor.execute(DriverCommandExecutor.java:83)
at org.openqa.selenium.remote.RemoteWebDriver.execute(RemoteWebDriver.java:552)
at org.openqa.selenium.remote.RemoteWebDriver.execute(RemoteWebDriver.java:609)
at org.openqa.selenium.remote.RemoteWebDriver.getCurrentUrl(RemoteWebDriver.java:287)
at Execution.userAccessGroupsTESTING.clickAddUserInNexus(userAccessGroupsTESTING.java:673)
at Execution.userAccessGroupsTESTING.clickAddUserInNexus3(userAccessGroupsTESTING.java:782)
at java.base/jdk.internal.reflect.NativeMethodAccessorImpl.invoke0(Native Method)
at java.base/jdk.internal.reflect.NativeMethodAccessorImpl.invoke(NativeMethodAccessorImpl.java:64)
at java.base/jdk.internal.reflect.DelegatingMethodAccessorImpl.invoke(DelegatingMethodAccessorImpl.java:43)
at java.base/java.lang.reflect.Method.invoke(Method.java:564)
at org.testng.internal.MethodInvocationHelper.invokeMethod(MethodInvocationHelper.java:133)
at org.testng.internal.TestInvoker.invokeMethod(TestInvoker.java:598)
at org.testng.internal.TestInvoker.invokeTestMethod(TestInvoker.java:173)
at org.testng.internal.MethodRunner.runInSequence(MethodRunner.java:46)
at org.testng.internal.TestInvoker$MethodInvocationAgent.invoke(TestInvoker.java:824)
at org.testng.internal.TestInvoker.invokeTestMethods(TestInvoker.java:146)
at org.testng.internal.TestMethodWorker.invokeTestMethods(TestMethodWorker.java:146)
at org.testng.internal.TestMethodWorker.run(TestMethodWorker.java:128)
at java.base/java.util.ArrayList.forEach(ArrayList.java:1511)
at org.testng.TestRunner.privateRun(TestRunner.java:794)
at org.testng.TestRunner.run(TestRunner.java:596)
at org.testng.SuiteRunner.runTest(SuiteRunner.java:377)
at org.testng.SuiteRunner.runSequentially(SuiteRunner.java:371)
at org.testng.SuiteRunner.privateRun(SuiteRunner.java:332)
at org.testng.SuiteRunner.run(SuiteRunner.java:276)
at org.testng.SuiteRunnerWorker.runSuite(SuiteRunnerWorker.java:53)
at org.testng.SuiteRunnerWorker.run(SuiteRunnerWorker.java:96)
at org.testng.TestNG.runSuitesSequentially(TestNG.java:1212)
at org.testng.TestNG.runSuitesLocally(TestNG.java:1134)
at org.testng.TestNG.runSuites(TestNG.java:1063)
at org.testng.TestNG.run(TestNG.java:1031)
at org.testng.remote.AbstractRemoteTestNG.run(AbstractRemoteTestNG.java:115)
at org.testng.remote.RemoteTestNG.initAndRun(RemoteTestNG.java:251)
at org.testng.remote.RemoteTestNG.main(RemoteTestNG.java:77)
]]>
            </full-stacktrace>
          </exception> <!-- org.openqa.selenium.UnhandledAlertException -->
          <reporter-output>
          </reporter-output>
        </test-method> <!-- clickAddUserInNexus3 -->
        <test-method is-config="true" signature="setUp()[pri:0, instance:Execution.userAccessGroupsTESTING@57af006c]" started-at="2023-09-11T15:33:42 CDT" name="setUp" finished-at="2023-09-11T15:33:42 CDT" duration-ms="1" status="PASS">
          <reporter-output>
          </reporter-output>
        </test-method> <!-- setUp -->
        <test-method signature="selectSearchEmployeesOnly3()[pri:1090, instance:Execution.userAccessGroupsTESTING@57af006c]" started-at="2023-09-11T15:33:42 CDT" name="selectSearchEmployeesOnly3" finished-at="2023-09-11T15:33:44 CDT" duration-ms="1414" status="PASS">
          <reporter-output>
          </reporter-output>
        </test-method> <!-- selectSearchEmployeesOnly3 -->
        <test-method is-config="true" signature="setUp()[pri:0, instance:Execution.userAccessGroupsTESTING@57af006c]" started-at="2023-09-11T15:33:44 CDT" name="setUp" finished-at="2023-09-11T15:33:44 CDT" duration-ms="1" status="PASS">
          <reporter-output>
          </reporter-output>
        </test-method> <!-- setUp -->
        <test-method signature="inputNexusEmployee3()[pri:1100, instance:Execution.userAccessGroupsTESTING@57af006c]" started-at="2023-09-11T15:33:44 CDT" name="inputNexusEmployee3" finished-at="2023-09-11T15:33:45 CDT" duration-ms="1542" status="PASS">
          <reporter-output>
          </reporter-output>
        </test-method> <!-- inputNexusEmployee3 -->
        <test-method is-config="true" signature="setUp()[pri:0, instance:Execution.userAccessGroupsTESTING@57af006c]" started-at="2023-09-11T15:33:45 CDT" name="setUp" finished-at="2023-09-11T15:33:45 CDT" duration-ms="1" status="PASS">
          <reporter-output>
          </reporter-output>
        </test-method> <!-- setUp -->
        <test-method signature="saveNexusEmployee3()[pri:1110, instance:Execution.userAccessGroupsTESTING@57af006c]" started-at="2023-09-11T15:33:45 CDT" name="saveNexusEmployee3" finished-at="2023-09-11T15:33:46 CDT" duration-ms="449" status="PASS">
          <reporter-output>
          </reporter-output>
        </test-method> <!-- saveNexusEmployee3 -->
        <test-method is-config="true" signature="setUp()[pri:0, instance:Execution.userAccessGroupsTESTING@57af006c]" started-at="2023-09-11T15:33:46 CDT" name="setUp" finished-at="2023-09-11T15:33:46 CDT" duration-ms="0" status="PASS">
          <reporter-output>
          </reporter-output>
        </test-method> <!-- setUp -->
        <test-method signature="selectMemberPosition1()[pri:1200, instance:Execution.userAccessGroupsTESTING@57af006c]" started-at="2023-09-11T15:33:46 CDT" name="selectMemberPosition1" finished-at="2023-09-11T15:33:50 CDT" duration-ms="3928" status="PASS">
          <reporter-output>
          </reporter-output>
        </test-method> <!-- selectMemberPosition1 -->
        <test-method signature="clickAssignBackup()[pri:1210, instance:Execution.userAccessGroupsTESTING@57af006c]" started-at="2023-09-11T15:33:50 CDT" name="clickAssignBackup" finished-at="2023-09-11T15:33:51 CDT" duration-ms="1537" status="PASS">
          <reporter-output>
          </reporter-output>
        </test-method> <!-- clickAssignBackup -->
        <test-method is-config="true" signature="setUp()[pri:0, instance:Execution.userAccessGroupsTESTING@57af006c]" started-at="2023-09-11T15:33:50 CDT" name="setUp" finished-at="2023-09-11T15:33:50 CDT" duration-ms="0" status="PASS">
          <reporter-output>
          </reporter-output>
        </test-method> <!-- setUp -->
        <test-method is-config="true" signature="setUp()[pri:0, instance:Execution.userAccessGroupsTESTING@57af006c]" started-at="2023-09-11T15:33:51 CDT" name="setUp" finished-at="2023-09-11T15:33:51 CDT" duration-ms="0" status="PASS">
          <reporter-output>
          </reporter-output>
        </test-method> <!-- setUp -->
        <test-method signature="addBackupPosition1()[pri:1220, instance:Execution.userAccessGroupsTESTING@57af006c]" started-at="2023-09-11T15:33:51 CDT" name="addBackupPosition1" finished-at="2023-09-11T15:33:53 CDT" duration-ms="1660" status="PASS">
          <reporter-output>
          </reporter-output>
        </test-method> <!-- addBackupPosition1 -->
        <test-method is-config="true" signature="setUp()[pri:0, instance:Execution.userAccessGroupsTESTING@57af006c]" started-at="2023-09-11T15:33:53 CDT" name="setUp" finished-at="2023-09-11T15:33:53 CDT" duration-ms="1" status="PASS">
          <reporter-output>
          </reporter-output>
        </test-method> <!-- setUp -->
        <test-method signature="saveBackup()[pri:1230, instance:Execution.userAccessGroupsTESTING@57af006c]" started-at="2023-09-11T15:33:53 CDT" name="saveBackup" finished-at="2023-09-11T15:33:53 CDT" duration-ms="457" status="PASS">
          <reporter-output>
          </reporter-output>
        </test-method> <!-- saveBackup -->
        <test-method signature="navigateNexusBack()[pri:1240, instance:Execution.userAccessGroupsTESTING@57af006c]" started-at="2023-09-11T15:33:53 CDT" name="navigateNexusBack" finished-at="2023-09-11T15:33:54 CDT" duration-ms="461" status="PASS">
          <reporter-output>
          </reporter-output>
        </test-method> <!-- navigateNexusBack -->
        <test-method is-config="true" signature="setUp()[pri:0, instance:Execution.userAccessGroupsTESTING@57af006c]" started-at="2023-09-11T15:33:53 CDT" name="setUp" finished-at="2023-09-11T15:33:53 CDT" duration-ms="0" status="PASS">
          <reporter-output>
          </reporter-output>
        </test-method> <!-- setUp -->
        <test-method signature="selectMemberPosition2()[pri:1250, instance:Execution.userAccessGroupsTESTING@57af006c]" started-at="2023-09-11T15:33:54 CDT" name="selectMemberPosition2" finished-at="2023-09-11T15:33:58 CDT" duration-ms="3802" status="PASS">
          <reporter-output>
          </reporter-output>
        </test-method> <!-- selectMemberPosition2 -->
        <test-method is-config="true" signature="setUp()[pri:0, instance:Execution.userAccessGroupsTESTING@57af006c]" started-at="2023-09-11T15:33:54 CDT" name="setUp" finished-at="2023-09-11T15:33:54 CDT" duration-ms="0" status="PASS">
          <reporter-output>
          </reporter-output>
        </test-method> <!-- setUp -->
        <test-method is-config="true" signature="setUp()[pri:0, instance:Execution.userAccessGroupsTESTING@57af006c]" started-at="2023-09-11T15:33:58 CDT" name="setUp" finished-at="2023-09-11T15:33:58 CDT" duration-ms="0" status="PASS">
          <reporter-output>
          </reporter-output>
        </test-method> <!-- setUp -->
        <test-method signature="clickAssignBackup2()[pri:1260, instance:Execution.userAccessGroupsTESTING@57af006c]" started-at="2023-09-11T15:33:58 CDT" name="clickAssignBackup2" finished-at="2023-09-11T15:33:59 CDT" duration-ms="1516" status="PASS">
          <reporter-output>
          </reporter-output>
        </test-method> <!-- clickAssignBackup2 -->
        <test-method signature="addBackupPosition2()[pri:1270, instance:Execution.userAccessGroupsTESTING@57af006c]" started-at="2023-09-11T15:33:59 CDT" name="addBackupPosition2" finished-at="2023-09-11T15:34:01 CDT" duration-ms="1638" status="PASS">
          <reporter-output>
          </reporter-output>
        </test-method> <!-- addBackupPosition2 -->
        <test-method is-config="true" signature="setUp()[pri:0, instance:Execution.userAccessGroupsTESTING@57af006c]" started-at="2023-09-11T15:33:59 CDT" name="setUp" finished-at="2023-09-11T15:33:59 CDT" duration-ms="0" status="PASS">
          <reporter-output>
          </reporter-output>
        </test-method> <!-- setUp -->
        <test-method signature="saveBackup2()[pri:1280, instance:Execution.userAccessGroupsTESTING@57af006c]" started-at="2023-09-11T15:34:01 CDT" name="saveBackup2" finished-at="2023-09-11T15:34:01 CDT" duration-ms="449" status="PASS">
          <reporter-output>
          </reporter-output>
        </test-method> <!-- saveBackup2 -->
        <test-method is-config="true" signature="setUp()[pri:0, instance:Execution.userAccessGroupsTESTING@57af006c]" started-at="2023-09-11T15:34:01 CDT" name="setUp" finished-at="2023-09-11T15:34:01 CDT" duration-ms="0" status="PASS">
          <reporter-output>
          </reporter-output>
        </test-method> <!-- setUp -->
        <test-method is-config="true" signature="setUp()[pri:0, instance:Execution.userAccessGroupsTESTING@57af006c]" started-at="2023-09-11T15:34:01 CDT" name="setUp" finished-at="2023-09-11T15:34:01 CDT" duration-ms="0" status="PASS">
          <reporter-output>
          </reporter-output>
        </test-method> <!-- setUp -->
        <test-method signature="navigateNexusBack2()[pri:1290, instance:Execution.userAccessGroupsTESTING@57af006c]" started-at="2023-09-11T15:34:01 CDT" name="navigateNexusBack2" finished-at="2023-09-11T15:34:02 CDT" duration-ms="406" status="PASS">
          <reporter-output>
          </reporter-output>
        </test-method> <!-- navigateNexusBack2 -->
        <test-method is-config="true" signature="setUp()[pri:0, instance:Execution.userAccessGroupsTESTING@57af006c]" started-at="2023-09-11T15:34:02 CDT" name="setUp" finished-at="2023-09-11T15:34:02 CDT" duration-ms="1" status="PASS">
          <reporter-output>
          </reporter-output>
        </test-method> <!-- setUp -->
        <test-method signature="closeDownNexus1()[pri:1300, instance:Execution.userAccessGroupsTESTING@57af006c]" started-at="2023-09-11T15:34:02 CDT" name="closeDownNexus1" finished-at="2023-09-11T15:34:03 CDT" duration-ms="879" status="PASS">
          <reporter-output>
          </reporter-output>
        </test-method> <!-- closeDownNexus1 -->
        <test-method is-config="true" signature="closeDown()[pri:0, instance:Execution.userAccessGroupsTESTING@57af006c]" started-at="2023-09-11T15:34:03 CDT" name="closeDown" finished-at="2023-09-11T15:34:03 CDT" duration-ms="0" status="PASS">
          <reporter-output>
          </reporter-output>
        </test-method> <!-- closeDown -->
      </class> <!-- Execution.userAccessGroupsTESTING -->
    </test> <!-- User Access Groups TESTING -->
  </suite> <!-- RegressionSuite -->
</testng-results>
