<?xml version="1.0" encoding="UTF-8"?>
<testng-results ignored="0" total="4" passed="4" failed="0" skipped="0">
  <reporter-output>
  </reporter-output>
  <suite started-at="2023-09-19T09:50:37 CDT" name="RegressionSuite" finished-at="2023-09-19T09:50:46 CDT" duration-ms="8895">
    <groups>
    </groups>
    <test started-at="2023-09-19T09:50:37 CDT" name="User Access Groups Part 3" finished-at="2023-09-19T09:50:46 CDT" duration-ms="8895">
      <class name="Execution.userAccessGroupsPart3">
        <test-method is-config="true" signature="initializeFramework(java.lang.String,java.lang.String)[pri:0, instance:Execution.userAccessGroupsPart3@1cbb87f3]" started-at="2023-09-19T09:50:37 CDT" name="initializeFramework" finished-at="2023-09-19T09:50:39 CDT" duration-ms="2306" status="PASS">
          <params>
            <param index="0">
              <value>
                <![CDATA[chrome]]>
              </value>
            </param>
            <param index="1">
              <value>
                <![CDATA[https://localhost/LEAF_Request_Portal/admin/?a=mod_groups]]>
              </value>
            </param>
          </params>
          <reporter-output>
          </reporter-output>
        </test-method> <!-- initializeFramework -->
        <test-method is-config="true" signature="setUp()[pri:0, instance:Execution.userAccessGroupsPart3@1cbb87f3]" started-at="2023-09-19T09:50:39 CDT" name="setUp" finished-at="2023-09-19T09:50:39 CDT" duration-ms="0" status="PASS">
          <reporter-output>
          </reporter-output>
        </test-method> <!-- setUp -->
        <test-method is-config="true" signature="setUp()[pri:0, instance:Execution.userAccessGroupsPart3@1cbb87f3]" started-at="2023-09-19T09:50:39 CDT" name="setUp" finished-at="2023-09-19T09:50:39 CDT" duration-ms="0" status="PASS">
          <reporter-output>
          </reporter-output>
        </test-method> <!-- setUp -->
        <test-method signature="testForCertPage()[pri:1, instance:Execution.userAccessGroupsPart3@1cbb87f3]" started-at="2023-09-19T09:50:39 CDT" name="testForCertPage" finished-at="2023-09-19T09:50:41 CDT" duration-ms="1566" status="PASS">
          <reporter-output>
          </reporter-output>
        </test-method> <!-- testForCertPage -->
        <test-method is-config="true" signature="setUp()[pri:0, instance:Execution.userAccessGroupsPart3@1cbb87f3]" started-at="2023-09-19T09:50:41 CDT" name="setUp" finished-at="2023-09-19T09:50:41 CDT" duration-ms="1" status="PASS">
          <reporter-output>
          </reporter-output>
        </test-method> <!-- setUp -->
        <test-method signature="openAccessGroup()[pri:4040, instance:Execution.userAccessGroupsPart3@1cbb87f3]" started-at="2023-09-19T09:50:41 CDT" name="openAccessGroup" finished-at="2023-09-19T09:50:43 CDT" duration-ms="2452" status="PASS">
          <reporter-output>
          </reporter-output>
        </test-method> <!-- openAccessGroup -->
        <test-method is-config="true" signature="setUp()[pri:0, instance:Execution.userAccessGroupsPart3@1cbb87f3]" started-at="2023-09-19T09:50:43 CDT" name="setUp" finished-at="2023-09-19T09:50:43 CDT" duration-ms="1" status="PASS">
          <reporter-output>
          </reporter-output>
        </test-method> <!-- setUp -->
        <test-method signature="deleteUserGroup()[pri:4060, instance:Execution.userAccessGroupsPart3@1cbb87f3]" started-at="2023-09-19T09:50:43 CDT" name="deleteUserGroup" finished-at="2023-09-19T09:50:45 CDT" duration-ms="1455" status="PASS">
          <reporter-output>
          </reporter-output>
        </test-method> <!-- deleteUserGroup -->
        <test-method signature="confirmYes()[pri:4080, instance:Execution.userAccessGroupsPart3@1cbb87f3]" started-at="2023-09-19T09:50:45 CDT" name="confirmYes" finished-at="2023-09-19T09:50:46 CDT" duration-ms="1053" status="PASS">
          <reporter-output>
          </reporter-output>
        </test-method> <!-- confirmYes -->
        <test-method is-config="true" signature="setUp()[pri:0, instance:Execution.userAccessGroupsPart3@1cbb87f3]" started-at="2023-09-19T09:50:45 CDT" name="setUp" finished-at="2023-09-19T09:50:45 CDT" duration-ms="0" status="PASS">
          <reporter-output>
          </reporter-output>
        </test-method> <!-- setUp -->
        <test-method is-config="true" signature="closeDown()[pri:0, instance:Execution.userAccessGroupsPart3@1cbb87f3]" started-at="2023-09-19T09:50:46 CDT" name="closeDown" finished-at="2023-09-19T09:50:46 CDT" duration-ms="1" status="PASS">
          <reporter-output>
          </reporter-output>
        </test-method> <!-- closeDown -->
      </class> <!-- Execution.userAccessGroupsPart3 -->
    </test> <!-- User Access Groups Part 3 -->
  </suite> <!-- RegressionSuite -->
</testng-results>
