<?xml version="1.0" encoding="UTF-8"?>
<testng-results ignored="0" total="44" passed="44" failed="0" skipped="0">
  <reporter-output>
  </reporter-output>
  <suite started-at="2023-09-01T10:50:43 CDT" name="RegressionSuite" finished-at="2023-09-01T10:51:43 CDT" duration-ms="59481">
    <groups>
    </groups>
    <test started-at="2023-09-01T10:50:43 CDT" name="User Access Groups" finished-at="2023-09-01T10:51:43 CDT" duration-ms="59481">
      <class name="Execution.userAccessGroups">
        <test-method is-config="true" signature="initializeFramework(java.lang.String,java.lang.String)[pri:0, instance:Execution.userAccessGroups@49912c99]" started-at="2023-09-01T10:50:43 CDT" name="initializeFramework" finished-at="2023-09-01T10:50:46 CDT" duration-ms="2403" status="PASS">
          <params>
            <param index="0">
              <value>
                <![CDATA[chrome]]>
              </value>
            </param>
            <param index="1">
              <value>
                <![CDATA[https://localhost/LEAF_Request_Portal/admin/?a=mod_groups]]>
              </value>
            </param>
          </params>
          <reporter-output>
          </reporter-output>
        </test-method> <!-- initializeFramework -->
        <test-method is-config="true" signature="setUp()[pri:0, instance:Execution.userAccessGroups@49912c99]" started-at="2023-09-01T10:50:46 CDT" name="setUp" finished-at="2023-09-01T10:50:46 CDT" duration-ms="0" status="PASS">
          <reporter-output>
          </reporter-output>
        </test-method> <!-- setUp -->
        <test-method is-config="true" signature="setUp()[pri:0, instance:Execution.userAccessGroups@49912c99]" started-at="2023-09-01T10:50:46 CDT" name="setUp" finished-at="2023-09-01T10:50:46 CDT" duration-ms="1" status="PASS">
          <reporter-output>
          </reporter-output>
        </test-method> <!-- setUp -->
        <test-method signature="testForCertPage()[pri:1, instance:Execution.userAccessGroups@49912c99]" started-at="2023-09-01T10:50:46 CDT" name="testForCertPage" finished-at="2023-09-01T10:50:48 CDT" duration-ms="1767" status="PASS">
          <reporter-output>
          </reporter-output>
        </test-method> <!-- testForCertPage -->
        <test-method signature="createUserAccessGroup()[pri:100, instance:Execution.userAccessGroups@49912c99]" started-at="2023-09-01T10:50:48 CDT" name="createUserAccessGroup" finished-at="2023-09-01T10:50:49 CDT" duration-ms="1439" status="PASS">
          <reporter-output>
          </reporter-output>
        </test-method> <!-- createUserAccessGroup -->
        <test-method is-config="true" signature="setUp()[pri:0, instance:Execution.userAccessGroups@49912c99]" started-at="2023-09-01T10:50:48 CDT" name="setUp" finished-at="2023-09-01T10:50:48 CDT" duration-ms="0" status="PASS">
          <reporter-output>
          </reporter-output>
        </test-method> <!-- setUp -->
        <test-method signature="inputGroupName()[pri:110, instance:Execution.userAccessGroups@49912c99]" started-at="2023-09-01T10:50:49 CDT" name="inputGroupName" finished-at="2023-09-01T10:50:51 CDT" duration-ms="2086" status="PASS">
          <reporter-output>
          </reporter-output>
        </test-method> <!-- inputGroupName -->
        <test-method is-config="true" signature="setUp()[pri:0, instance:Execution.userAccessGroups@49912c99]" started-at="2023-09-01T10:50:49 CDT" name="setUp" finished-at="2023-09-01T10:50:49 CDT" duration-ms="0" status="PASS">
          <reporter-output>
          </reporter-output>
        </test-method> <!-- setUp -->
        <test-method is-config="true" signature="setUp()[pri:0, instance:Execution.userAccessGroups@49912c99]" started-at="2023-09-01T10:50:51 CDT" name="setUp" finished-at="2023-09-01T10:50:51 CDT" duration-ms="1" status="PASS">
          <reporter-output>
          </reporter-output>
        </test-method> <!-- setUp -->
        <test-method signature="cancelCreateUserGroup()[pri:120, instance:Execution.userAccessGroups@49912c99]" started-at="2023-09-01T10:50:51 CDT" name="cancelCreateUserGroup" finished-at="2023-09-01T10:50:52 CDT" duration-ms="996" status="PASS">
          <reporter-output>
          </reporter-output>
        </test-method> <!-- cancelCreateUserGroup -->
        <test-method signature="createUserAccessGroup2()[pri:130, instance:Execution.userAccessGroups@49912c99]" started-at="2023-09-01T10:50:52 CDT" name="createUserAccessGroup2" finished-at="2023-09-01T10:50:53 CDT" duration-ms="791" status="PASS">
          <reporter-output>
          </reporter-output>
        </test-method> <!-- createUserAccessGroup2 -->
        <test-method is-config="true" signature="setUp()[pri:0, instance:Execution.userAccessGroups@49912c99]" started-at="2023-09-01T10:50:52 CDT" name="setUp" finished-at="2023-09-01T10:50:52 CDT" duration-ms="0" status="PASS">
          <reporter-output>
          </reporter-output>
        </test-method> <!-- setUp -->
        <test-method signature="inputGroupName2()[pri:140, instance:Execution.userAccessGroups@49912c99]" started-at="2023-09-01T10:50:53 CDT" name="inputGroupName2" finished-at="2023-09-01T10:50:55 CDT" duration-ms="2071" status="PASS">
          <reporter-output>
          </reporter-output>
        </test-method> <!-- inputGroupName2 -->
        <test-method is-config="true" signature="setUp()[pri:0, instance:Execution.userAccessGroups@49912c99]" started-at="2023-09-01T10:50:53 CDT" name="setUp" finished-at="2023-09-01T10:50:53 CDT" duration-ms="0" status="PASS">
          <reporter-output>
          </reporter-output>
        </test-method> <!-- setUp -->
        <test-method is-config="true" signature="setUp()[pri:0, instance:Execution.userAccessGroups@49912c99]" started-at="2023-09-01T10:50:55 CDT" name="setUp" finished-at="2023-09-01T10:50:55 CDT" duration-ms="1" status="PASS">
          <reporter-output>
          </reporter-output>
        </test-method> <!-- setUp -->
        <test-method signature="saveUserGroup()[pri:150, instance:Execution.userAccessGroups@49912c99]" started-at="2023-09-01T10:50:55 CDT" name="saveUserGroup" finished-at="2023-09-01T10:50:56 CDT" duration-ms="1175" status="PASS">
          <reporter-output>
          </reporter-output>
        </test-method> <!-- saveUserGroup -->
        <test-method is-config="true" signature="setUp()[pri:0, instance:Execution.userAccessGroups@49912c99]" started-at="2023-09-01T10:50:56 CDT" name="setUp" finished-at="2023-09-01T10:50:56 CDT" duration-ms="0" status="PASS">
          <reporter-output>
          </reporter-output>
        </test-method> <!-- setUp -->
        <test-method signature="openAccessGroup()[pri:160, instance:Execution.userAccessGroups@49912c99]" started-at="2023-09-01T10:50:56 CDT" name="openAccessGroup" finished-at="2023-09-01T10:50:58 CDT" duration-ms="1452" status="PASS">
          <reporter-output>
          </reporter-output>
        </test-method> <!-- openAccessGroup -->
        <test-method is-config="true" signature="setUp()[pri:0, instance:Execution.userAccessGroups@49912c99]" started-at="2023-09-01T10:50:58 CDT" name="setUp" finished-at="2023-09-01T10:50:58 CDT" duration-ms="2" status="PASS">
          <reporter-output>
          </reporter-output>
        </test-method> <!-- setUp -->
        <test-method signature="inputEmployee()[pri:170, instance:Execution.userAccessGroups@49912c99]" started-at="2023-09-01T10:50:58 CDT" name="inputEmployee" finished-at="2023-09-01T10:51:00 CDT" duration-ms="2261" status="PASS">
          <reporter-output>
          </reporter-output>
        </test-method> <!-- inputEmployee -->
        <test-method is-config="true" signature="setUp()[pri:0, instance:Execution.userAccessGroups@49912c99]" started-at="2023-09-01T10:51:00 CDT" name="setUp" finished-at="2023-09-01T10:51:00 CDT" duration-ms="0" status="PASS">
          <reporter-output>
          </reporter-output>
        </test-method> <!-- setUp -->
        <test-method signature="saveEmployee()[pri:180, instance:Execution.userAccessGroups@49912c99]" started-at="2023-09-01T10:51:00 CDT" name="saveEmployee" finished-at="2023-09-01T10:51:01 CDT" duration-ms="1294" status="PASS">
          <reporter-output>
          </reporter-output>
        </test-method> <!-- saveEmployee -->
        <test-method is-config="true" signature="setUp()[pri:0, instance:Execution.userAccessGroups@49912c99]" started-at="2023-09-01T10:51:01 CDT" name="setUp" finished-at="2023-09-01T10:51:01 CDT" duration-ms="1" status="PASS">
          <reporter-output>
          </reporter-output>
        </test-method> <!-- setUp -->
        <test-method signature="openAccessGroup1()[pri:190, instance:Execution.userAccessGroups@49912c99]" started-at="2023-09-01T10:51:01 CDT" name="openAccessGroup1" finished-at="2023-09-01T10:51:03 CDT" duration-ms="1463" status="PASS">
          <reporter-output>
          </reporter-output>
        </test-method> <!-- openAccessGroup1 -->
        <test-method is-config="true" signature="setUp()[pri:0, instance:Execution.userAccessGroups@49912c99]" started-at="2023-09-01T10:51:03 CDT" name="setUp" finished-at="2023-09-01T10:51:03 CDT" duration-ms="1" status="PASS">
          <reporter-output>
          </reporter-output>
        </test-method> <!-- setUp -->
        <test-method signature="inputEmployee2()[pri:200, instance:Execution.userAccessGroups@49912c99]" started-at="2023-09-01T10:51:03 CDT" name="inputEmployee2" finished-at="2023-09-01T10:51:05 CDT" duration-ms="2465" status="PASS">
          <reporter-output>
          </reporter-output>
        </test-method> <!-- inputEmployee2 -->
        <test-method is-config="true" signature="setUp()[pri:0, instance:Execution.userAccessGroups@49912c99]" started-at="2023-09-01T10:51:05 CDT" name="setUp" finished-at="2023-09-01T10:51:05 CDT" duration-ms="0" status="PASS">
          <reporter-output>
          </reporter-output>
        </test-method> <!-- setUp -->
        <test-method signature="saveEmployee2()[pri:210, instance:Execution.userAccessGroups@49912c99]" started-at="2023-09-01T10:51:05 CDT" name="saveEmployee2" finished-at="2023-09-01T10:51:06 CDT" duration-ms="1281" status="PASS">
          <reporter-output>
          </reporter-output>
        </test-method> <!-- saveEmployee2 -->
        <test-method is-config="true" signature="setUp()[pri:0, instance:Execution.userAccessGroups@49912c99]" started-at="2023-09-01T10:51:06 CDT" name="setUp" finished-at="2023-09-01T10:51:06 CDT" duration-ms="1" status="PASS">
          <reporter-output>
          </reporter-output>
        </test-method> <!-- setUp -->
        <test-method signature="openAccessGroup2()[pri:220, instance:Execution.userAccessGroups@49912c99]" started-at="2023-09-01T10:51:06 CDT" name="openAccessGroup2" finished-at="2023-09-01T10:51:08 CDT" duration-ms="1580" status="PASS">
          <reporter-output>
          </reporter-output>
        </test-method> <!-- openAccessGroup2 -->
        <test-method is-config="true" signature="setUp()[pri:0, instance:Execution.userAccessGroups@49912c99]" started-at="2023-09-01T10:51:08 CDT" name="setUp" finished-at="2023-09-01T10:51:08 CDT" duration-ms="1" status="PASS">
          <reporter-output>
          </reporter-output>
        </test-method> <!-- setUp -->
        <test-method signature="inputEmployee3()[pri:230, instance:Execution.userAccessGroups@49912c99]" started-at="2023-09-01T10:51:08 CDT" name="inputEmployee3" finished-at="2023-09-01T10:51:10 CDT" duration-ms="2335" status="PASS">
          <reporter-output>
          </reporter-output>
        </test-method> <!-- inputEmployee3 -->
        <test-method is-config="true" signature="setUp()[pri:0, instance:Execution.userAccessGroups@49912c99]" started-at="2023-09-01T10:51:10 CDT" name="setUp" finished-at="2023-09-01T10:51:10 CDT" duration-ms="0" status="PASS">
          <reporter-output>
          </reporter-output>
        </test-method> <!-- setUp -->
        <test-method signature="saveEmployee3()[pri:240, instance:Execution.userAccessGroups@49912c99]" started-at="2023-09-01T10:51:10 CDT" name="saveEmployee3" finished-at="2023-09-01T10:51:12 CDT" duration-ms="1261" status="PASS">
          <reporter-output>
          </reporter-output>
        </test-method> <!-- saveEmployee3 -->
        <test-method signature="openAccessGroup3()[pri:250, instance:Execution.userAccessGroups@49912c99]" started-at="2023-09-01T10:51:12 CDT" name="openAccessGroup3" finished-at="2023-09-01T10:51:13 CDT" duration-ms="1567" status="PASS">
          <reporter-output>
          </reporter-output>
        </test-method> <!-- openAccessGroup3 -->
        <test-method is-config="true" signature="setUp()[pri:0, instance:Execution.userAccessGroups@49912c99]" started-at="2023-09-01T10:51:12 CDT" name="setUp" finished-at="2023-09-01T10:51:12 CDT" duration-ms="0" status="PASS">
          <reporter-output>
          </reporter-output>
        </test-method> <!-- setUp -->
        <test-method signature="addNexusUser_0()[pri:260, instance:Execution.userAccessGroups@49912c99]" started-at="2023-09-01T10:51:13 CDT" name="addNexusUser_0" finished-at="2023-09-01T10:51:14 CDT" duration-ms="984" status="PASS">
          <reporter-output>
          </reporter-output>
        </test-method> <!-- addNexusUser_0 -->
        <test-method is-config="true" signature="setUp()[pri:0, instance:Execution.userAccessGroups@49912c99]" started-at="2023-09-01T10:51:13 CDT" name="setUp" finished-at="2023-09-01T10:51:13 CDT" duration-ms="0" status="PASS">
          <reporter-output>
          </reporter-output>
        </test-method> <!-- setUp -->
        <test-method is-config="true" signature="setUp()[pri:0, instance:Execution.userAccessGroups@49912c99]" started-at="2023-09-01T10:51:14 CDT" name="setUp" finished-at="2023-09-01T10:51:14 CDT" duration-ms="1" status="PASS">
          <reporter-output>
          </reporter-output>
        </test-method> <!-- setUp -->
        <test-method signature="confirmNo()[pri:280, instance:Execution.userAccessGroups@49912c99]" started-at="2023-09-01T10:51:14 CDT" name="confirmNo" finished-at="2023-09-01T10:51:15 CDT" duration-ms="884" status="PASS">
          <reporter-output>
          </reporter-output>
        </test-method> <!-- confirmNo -->
        <test-method is-config="true" signature="setUp()[pri:0, instance:Execution.userAccessGroups@49912c99]" started-at="2023-09-01T10:51:15 CDT" name="setUp" finished-at="2023-09-01T10:51:15 CDT" duration-ms="1" status="PASS">
          <reporter-output>
          </reporter-output>
        </test-method> <!-- setUp -->
        <test-method signature="addNexusUser_0_2()[pri:300, instance:Execution.userAccessGroups@49912c99]" started-at="2023-09-01T10:51:15 CDT" name="addNexusUser_0_2" finished-at="2023-09-01T10:51:16 CDT" duration-ms="1024" status="PASS">
          <reporter-output>
          </reporter-output>
        </test-method> <!-- addNexusUser_0_2 -->
        <test-method is-config="true" signature="setUp()[pri:0, instance:Execution.userAccessGroups@49912c99]" started-at="2023-09-01T10:51:16 CDT" name="setUp" finished-at="2023-09-01T10:51:16 CDT" duration-ms="1" status="PASS">
          <reporter-output>
          </reporter-output>
        </test-method> <!-- setUp -->
        <test-method signature="confirmYes()[pri:305, instance:Execution.userAccessGroups@49912c99]" started-at="2023-09-01T10:51:16 CDT" name="confirmYes" finished-at="2023-09-01T10:51:17 CDT" duration-ms="867" status="PASS">
          <reporter-output>
          </reporter-output>
        </test-method> <!-- confirmYes -->
        <test-method signature="openAccessGroup4()[pri:307, instance:Execution.userAccessGroups@49912c99]" started-at="2023-09-01T10:51:17 CDT" name="openAccessGroup4" finished-at="2023-09-01T10:51:18 CDT" duration-ms="1502" status="PASS">
          <reporter-output>
          </reporter-output>
        </test-method> <!-- openAccessGroup4 -->
        <test-method is-config="true" signature="setUp()[pri:0, instance:Execution.userAccessGroups@49912c99]" started-at="2023-09-01T10:51:17 CDT" name="setUp" finished-at="2023-09-01T10:51:17 CDT" duration-ms="0" status="PASS">
          <reporter-output>
          </reporter-output>
        </test-method> <!-- setUp -->
        <test-method is-config="true" signature="setUp()[pri:0, instance:Execution.userAccessGroups@49912c99]" started-at="2023-09-01T10:51:18 CDT" name="setUp" finished-at="2023-09-01T10:51:18 CDT" duration-ms="0" status="PASS">
          <reporter-output>
          </reporter-output>
        </test-method> <!-- setUp -->
        <test-method signature="addNexusUser_1()[pri:310, instance:Execution.userAccessGroups@49912c99]" started-at="2023-09-01T10:51:18 CDT" name="addNexusUser_1" finished-at="2023-09-01T10:51:19 CDT" duration-ms="897" status="PASS">
          <reporter-output>
          </reporter-output>
        </test-method> <!-- addNexusUser_1 -->
        <test-method is-config="true" signature="setUp()[pri:0, instance:Execution.userAccessGroups@49912c99]" started-at="2023-09-01T10:51:19 CDT" name="setUp" finished-at="2023-09-01T10:51:19 CDT" duration-ms="0" status="PASS">
          <reporter-output>
          </reporter-output>
        </test-method> <!-- setUp -->
        <test-method signature="confirmYes2()[pri:320, instance:Execution.userAccessGroups@49912c99]" started-at="2023-09-01T10:51:19 CDT" name="confirmYes2" finished-at="2023-09-01T10:51:20 CDT" duration-ms="875" status="PASS">
          <reporter-output>
          </reporter-output>
        </test-method> <!-- confirmYes2 -->
        <test-method is-config="true" signature="setUp()[pri:0, instance:Execution.userAccessGroups@49912c99]" started-at="2023-09-01T10:51:20 CDT" name="setUp" finished-at="2023-09-01T10:51:20 CDT" duration-ms="1" status="PASS">
          <reporter-output>
          </reporter-output>
        </test-method> <!-- setUp -->
        <test-method signature="openAccessGroup5()[pri:325, instance:Execution.userAccessGroups@49912c99]" started-at="2023-09-01T10:51:20 CDT" name="openAccessGroup5" finished-at="2023-09-01T10:51:22 CDT" duration-ms="1619" status="PASS">
          <reporter-output>
          </reporter-output>
        </test-method> <!-- openAccessGroup5 -->
        <test-method signature="addNexusUser_2()[pri:330, instance:Execution.userAccessGroups@49912c99]" started-at="2023-09-01T10:51:22 CDT" name="addNexusUser_2" finished-at="2023-09-01T10:51:23 CDT" duration-ms="886" status="PASS">
          <reporter-output>
          </reporter-output>
        </test-method> <!-- addNexusUser_2 -->
        <test-method is-config="true" signature="setUp()[pri:0, instance:Execution.userAccessGroups@49912c99]" started-at="2023-09-01T10:51:22 CDT" name="setUp" finished-at="2023-09-01T10:51:22 CDT" duration-ms="0" status="PASS">
          <reporter-output>
          </reporter-output>
        </test-method> <!-- setUp -->
        <test-method is-config="true" signature="setUp()[pri:0, instance:Execution.userAccessGroups@49912c99]" started-at="2023-09-01T10:51:23 CDT" name="setUp" finished-at="2023-09-01T10:51:23 CDT" duration-ms="1" status="PASS">
          <reporter-output>
          </reporter-output>
        </test-method> <!-- setUp -->
        <test-method signature="confirmYes3()[pri:340, instance:Execution.userAccessGroups@49912c99]" started-at="2023-09-01T10:51:23 CDT" name="confirmYes3" finished-at="2023-09-01T10:51:24 CDT" duration-ms="1009" status="PASS">
          <reporter-output>
          </reporter-output>
        </test-method> <!-- confirmYes3 -->
        <test-method is-config="true" signature="setUp()[pri:0, instance:Execution.userAccessGroups@49912c99]" started-at="2023-09-01T10:51:24 CDT" name="setUp" finished-at="2023-09-01T10:51:24 CDT" duration-ms="0" status="PASS">
          <reporter-output>
          </reporter-output>
        </test-method> <!-- setUp -->
        <test-method signature="openAccessGroup6()[pri:345, instance:Execution.userAccessGroups@49912c99]" started-at="2023-09-01T10:51:24 CDT" name="openAccessGroup6" finished-at="2023-09-01T10:51:25 CDT" duration-ms="1554" status="PASS">
          <reporter-output>
          </reporter-output>
        </test-method> <!-- openAccessGroup6 -->
        <test-method signature="deleteUser_0()[pri:350, instance:Execution.userAccessGroups@49912c99]" started-at="2023-09-01T10:51:25 CDT" name="deleteUser_0" finished-at="2023-09-01T10:51:26 CDT" duration-ms="1013" status="PASS">
          <reporter-output>
          </reporter-output>
        </test-method> <!-- deleteUser_0 -->
        <test-method is-config="true" signature="setUp()[pri:0, instance:Execution.userAccessGroups@49912c99]" started-at="2023-09-01T10:51:25 CDT" name="setUp" finished-at="2023-09-01T10:51:25 CDT" duration-ms="0" status="PASS">
          <reporter-output>
          </reporter-output>
        </test-method> <!-- setUp -->
        <test-method is-config="true" signature="setUp()[pri:0, instance:Execution.userAccessGroups@49912c99]" started-at="2023-09-01T10:51:26 CDT" name="setUp" finished-at="2023-09-01T10:51:26 CDT" duration-ms="1" status="PASS">
          <reporter-output>
          </reporter-output>
        </test-method> <!-- setUp -->
        <test-method signature="confirmNo2()[pri:360, instance:Execution.userAccessGroups@49912c99]" started-at="2023-09-01T10:51:26 CDT" name="confirmNo2" finished-at="2023-09-01T10:51:27 CDT" duration-ms="965" status="PASS">
          <reporter-output>
          </reporter-output>
        </test-method> <!-- confirmNo2 -->
        <test-method is-config="true" signature="setUp()[pri:0, instance:Execution.userAccessGroups@49912c99]" started-at="2023-09-01T10:51:27 CDT" name="setUp" finished-at="2023-09-01T10:51:27 CDT" duration-ms="1" status="PASS">
          <reporter-output>
          </reporter-output>
        </test-method> <!-- setUp -->
        <test-method signature="deleteUser_0_1()[pri:370, instance:Execution.userAccessGroups@49912c99]" started-at="2023-09-01T10:51:27 CDT" name="deleteUser_0_1" finished-at="2023-09-01T10:51:28 CDT" duration-ms="993" status="PASS">
          <reporter-output>
          </reporter-output>
        </test-method> <!-- deleteUser_0_1 -->
        <test-method signature="confirmYes4()[pri:380, instance:Execution.userAccessGroups@49912c99]" started-at="2023-09-01T10:51:28 CDT" name="confirmYes4" finished-at="2023-09-01T10:51:29 CDT" duration-ms="812" status="PASS">
          <reporter-output>
          </reporter-output>
        </test-method> <!-- confirmYes4 -->
        <test-method is-config="true" signature="setUp()[pri:0, instance:Execution.userAccessGroups@49912c99]" started-at="2023-09-01T10:51:28 CDT" name="setUp" finished-at="2023-09-01T10:51:28 CDT" duration-ms="0" status="PASS">
          <reporter-output>
          </reporter-output>
        </test-method> <!-- setUp -->
        <test-method is-config="true" signature="setUp()[pri:0, instance:Execution.userAccessGroups@49912c99]" started-at="2023-09-01T10:51:29 CDT" name="setUp" finished-at="2023-09-01T10:51:29 CDT" duration-ms="1" status="PASS">
          <reporter-output>
          </reporter-output>
        </test-method> <!-- setUp -->
        <test-method signature="openAccessGroup7()[pri:390, instance:Execution.userAccessGroups@49912c99]" started-at="2023-09-01T10:51:29 CDT" name="openAccessGroup7" finished-at="2023-09-01T10:51:31 CDT" duration-ms="1497" status="PASS">
          <reporter-output>
          </reporter-output>
        </test-method> <!-- openAccessGroup7 -->
        <test-method is-config="true" signature="setUp()[pri:0, instance:Execution.userAccessGroups@49912c99]" started-at="2023-09-01T10:51:31 CDT" name="setUp" finished-at="2023-09-01T10:51:31 CDT" duration-ms="1" status="PASS">
          <reporter-output>
          </reporter-output>
        </test-method> <!-- setUp -->
        <test-method signature="deleteUser_1()[pri:450, instance:Execution.userAccessGroups@49912c99]" started-at="2023-09-01T10:51:31 CDT" name="deleteUser_1" finished-at="2023-09-01T10:51:32 CDT" duration-ms="914" status="PASS">
          <reporter-output>
          </reporter-output>
        </test-method> <!-- deleteUser_1 -->
        <test-method signature="confirmYes5()[pri:460, instance:Execution.userAccessGroups@49912c99]" started-at="2023-09-01T10:51:32 CDT" name="confirmYes5" finished-at="2023-09-01T10:51:32 CDT" duration-ms="867" status="PASS">
          <reporter-output>
          </reporter-output>
        </test-method> <!-- confirmYes5 -->
        <test-method is-config="true" signature="setUp()[pri:0, instance:Execution.userAccessGroups@49912c99]" started-at="2023-09-01T10:51:32 CDT" name="setUp" finished-at="2023-09-01T10:51:32 CDT" duration-ms="0" status="PASS">
          <reporter-output>
          </reporter-output>
        </test-method> <!-- setUp -->
        <test-method is-config="true" signature="setUp()[pri:0, instance:Execution.userAccessGroups@49912c99]" started-at="2023-09-01T10:51:32 CDT" name="setUp" finished-at="2023-09-01T10:51:32 CDT" duration-ms="0" status="PASS">
          <reporter-output>
          </reporter-output>
        </test-method> <!-- setUp -->
        <test-method signature="openAccessGroup8()[pri:470, instance:Execution.userAccessGroups@49912c99]" started-at="2023-09-01T10:51:32 CDT" name="openAccessGroup8" finished-at="2023-09-01T10:51:34 CDT" duration-ms="1586" status="PASS">
          <reporter-output>
          </reporter-output>
        </test-method> <!-- openAccessGroup8 -->
        <test-method is-config="true" signature="setUp()[pri:0, instance:Execution.userAccessGroups@49912c99]" started-at="2023-09-01T10:51:34 CDT" name="setUp" finished-at="2023-09-01T10:51:34 CDT" duration-ms="1" status="PASS">
          <reporter-output>
          </reporter-output>
        </test-method> <!-- setUp -->
        <test-method signature="ShowHideInactive()[pri:480, instance:Execution.userAccessGroups@49912c99]" started-at="2023-09-01T10:51:34 CDT" name="ShowHideInactive" finished-at="2023-09-01T10:51:35 CDT" duration-ms="918" status="PASS">
          <reporter-output>
          </reporter-output>
        </test-method> <!-- ShowHideInactive -->
        <test-method is-config="true" signature="setUp()[pri:0, instance:Execution.userAccessGroups@49912c99]" started-at="2023-09-01T10:51:35 CDT" name="setUp" finished-at="2023-09-01T10:51:35 CDT" duration-ms="1" status="PASS">
          <reporter-output>
          </reporter-output>
        </test-method> <!-- setUp -->
        <test-method signature="reactivateMember_0()[pri:490, instance:Execution.userAccessGroups@49912c99]" started-at="2023-09-01T10:51:35 CDT" name="reactivateMember_0" finished-at="2023-09-01T10:51:36 CDT" duration-ms="908" status="PASS">
          <reporter-output>
          </reporter-output>
        </test-method> <!-- reactivateMember_0 -->
        <test-method is-config="true" signature="setUp()[pri:0, instance:Execution.userAccessGroups@49912c99]" started-at="2023-09-01T10:51:36 CDT" name="setUp" finished-at="2023-09-01T10:51:36 CDT" duration-ms="0" status="PASS">
          <reporter-output>
          </reporter-output>
        </test-method> <!-- setUp -->
        <test-method signature="confirmReactivateMember_0()[pri:500, instance:Execution.userAccessGroups@49912c99]" started-at="2023-09-01T10:51:36 CDT" name="confirmReactivateMember_0" finished-at="2023-09-01T10:51:37 CDT" duration-ms="978" status="PASS">
          <reporter-output>
          </reporter-output>
        </test-method> <!-- confirmReactivateMember_0 -->
        <test-method is-config="true" signature="setUp()[pri:0, instance:Execution.userAccessGroups@49912c99]" started-at="2023-09-01T10:51:37 CDT" name="setUp" finished-at="2023-09-01T10:51:37 CDT" duration-ms="1" status="PASS">
          <reporter-output>
          </reporter-output>
        </test-method> <!-- setUp -->
        <test-method signature="openAccessGroup9()[pri:510, instance:Execution.userAccessGroups@49912c99]" started-at="2023-09-01T10:51:37 CDT" name="openAccessGroup9" finished-at="2023-09-01T10:51:38 CDT" duration-ms="1594" status="PASS">
          <reporter-output>
          </reporter-output>
        </test-method> <!-- openAccessGroup9 -->
        <test-method is-config="true" signature="setUp()[pri:0, instance:Execution.userAccessGroups@49912c99]" started-at="2023-09-01T10:51:38 CDT" name="setUp" finished-at="2023-09-01T10:51:38 CDT" duration-ms="1" status="PASS">
          <reporter-output>
          </reporter-output>
        </test-method> <!-- setUp -->
        <test-method signature="ShowHideInactive2()[pri:520, instance:Execution.userAccessGroups@49912c99]" started-at="2023-09-01T10:51:38 CDT" name="ShowHideInactive2" finished-at="2023-09-01T10:51:39 CDT" duration-ms="887" status="PASS">
          <reporter-output>
          </reporter-output>
        </test-method> <!-- ShowHideInactive2 -->
        <test-method signature="reactivateMember_1()[pri:530, instance:Execution.userAccessGroups@49912c99]" started-at="2023-09-01T10:51:39 CDT" name="reactivateMember_1" finished-at="2023-09-01T10:51:40 CDT" duration-ms="975" status="PASS">
          <reporter-output>
          </reporter-output>
        </test-method> <!-- reactivateMember_1 -->
        <test-method is-config="true" signature="setUp()[pri:0, instance:Execution.userAccessGroups@49912c99]" started-at="2023-09-01T10:51:39 CDT" name="setUp" finished-at="2023-09-01T10:51:39 CDT" duration-ms="0" status="PASS">
          <reporter-output>
          </reporter-output>
        </test-method> <!-- setUp -->
        <test-method is-config="true" signature="setUp()[pri:0, instance:Execution.userAccessGroups@49912c99]" started-at="2023-09-01T10:51:40 CDT" name="setUp" finished-at="2023-09-01T10:51:40 CDT" duration-ms="0" status="PASS">
          <reporter-output>
          </reporter-output>
        </test-method> <!-- setUp -->
        <test-method signature="confirmReactivate()[pri:540, instance:Execution.userAccessGroups@49912c99]" started-at="2023-09-01T10:51:40 CDT" name="confirmReactivate" finished-at="2023-09-01T10:51:41 CDT" duration-ms="977" status="PASS">
          <reporter-output>
          </reporter-output>
        </test-method> <!-- confirmReactivate -->
        <test-method is-config="true" signature="setUp()[pri:0, instance:Execution.userAccessGroups@49912c99]" started-at="2023-09-01T10:51:41 CDT" name="setUp" finished-at="2023-09-01T10:51:41 CDT" duration-ms="1" status="PASS">
          <reporter-output>
          </reporter-output>
        </test-method> <!-- setUp -->
        <test-method signature="openAccessGroup10()[pri:550, instance:Execution.userAccessGroups@49912c99]" started-at="2023-09-01T10:51:41 CDT" name="openAccessGroup10" finished-at="2023-09-01T10:51:43 CDT" duration-ms="1614" status="PASS">
          <reporter-output>
          </reporter-output>
        </test-method> <!-- openAccessGroup10 -->
        <test-method is-config="true" signature="closeDown()[pri:0, instance:Execution.userAccessGroups@49912c99]" started-at="2023-09-01T10:51:43 CDT" name="closeDown" finished-at="2023-09-01T10:51:43 CDT" duration-ms="1" status="PASS">
          <reporter-output>
          </reporter-output>
        </test-method> <!-- closeDown -->
      </class> <!-- Execution.userAccessGroups -->
    </test> <!-- User Access Groups -->
  </suite> <!-- RegressionSuite -->
</testng-results>
