<?xml version="1.0" encoding="UTF-8"?>
<testng-results ignored="0" total="15" passed="15" failed="0" skipped="0">
  <reporter-output>
  </reporter-output>
  <suite started-at="2023-09-07T16:36:20 CDT" name="RegressionSuite" finished-at="2023-09-07T16:36:45 CDT" duration-ms="24677">
    <groups>
    </groups>
    <test started-at="2023-09-07T16:36:20 CDT" name="User Access Groups TESTING" finished-at="2023-09-07T16:36:45 CDT" duration-ms="24677">
      <class name="Execution.userAccessGroupsTESTING">
        <test-method is-config="true" signature="initializeFramework(java.lang.String,java.lang.String)[pri:0, instance:Execution.userAccessGroupsTESTING@15bbf42f]" started-at="2023-09-07T16:36:20 CDT" name="initializeFramework" finished-at="2023-09-07T16:36:22 CDT" duration-ms="2465" status="PASS">
          <params>
            <param index="0">
              <value>
                <![CDATA[chrome]]>
              </value>
            </param>
            <param index="1">
              <value>
                <![CDATA[https://localhost/LEAF_Request_Portal/admin/?a=mod_groups]]>
              </value>
            </param>
          </params>
          <reporter-output>
          </reporter-output>
        </test-method> <!-- initializeFramework -->
        <test-method is-config="true" signature="setUp()[pri:0, instance:Execution.userAccessGroupsTESTING@15bbf42f]" started-at="2023-09-07T16:36:22 CDT" name="setUp" finished-at="2023-09-07T16:36:22 CDT" duration-ms="0" status="PASS">
          <reporter-output>
          </reporter-output>
        </test-method> <!-- setUp -->
        <test-method is-config="true" signature="setUp()[pri:0, instance:Execution.userAccessGroupsTESTING@15bbf42f]" started-at="2023-09-07T16:36:22 CDT" name="setUp" finished-at="2023-09-07T16:36:22 CDT" duration-ms="0" status="PASS">
          <reporter-output>
          </reporter-output>
        </test-method> <!-- setUp -->
        <test-method signature="testForCertPage()[pri:1, instance:Execution.userAccessGroupsTESTING@15bbf42f]" started-at="2023-09-07T16:36:22 CDT" name="testForCertPage" finished-at="2023-09-07T16:36:24 CDT" duration-ms="1507" status="PASS">
          <reporter-output>
          </reporter-output>
        </test-method> <!-- testForCertPage -->
        <test-method signature="getElementID()[pri:990, instance:Execution.userAccessGroupsTESTING@15bbf42f]" started-at="2023-09-07T16:36:24 CDT" name="getElementID" finished-at="2023-09-07T16:36:27 CDT" duration-ms="2964" status="PASS">
          <reporter-output>
          </reporter-output>
        </test-method> <!-- getElementID -->
        <test-method is-config="true" signature="setUp()[pri:0, instance:Execution.userAccessGroupsTESTING@15bbf42f]" started-at="2023-09-07T16:36:24 CDT" name="setUp" finished-at="2023-09-07T16:36:24 CDT" duration-ms="0" status="PASS">
          <reporter-output>
          </reporter-output>
        </test-method> <!-- setUp -->
        <test-method signature="createNexusDriver1()[pri:995, instance:Execution.userAccessGroupsTESTING@15bbf42f]" started-at="2023-09-07T16:36:27 CDT" name="createNexusDriver1" finished-at="2023-09-07T16:36:32 CDT" duration-ms="5470" status="PASS">
          <reporter-output>
          </reporter-output>
        </test-method> <!-- createNexusDriver1 -->
        <test-method is-config="true" signature="setUp()[pri:0, instance:Execution.userAccessGroupsTESTING@15bbf42f]" started-at="2023-09-07T16:36:27 CDT" name="setUp" finished-at="2023-09-07T16:36:27 CDT" duration-ms="0" status="PASS">
          <reporter-output>
          </reporter-output>
        </test-method> <!-- setUp -->
        <test-method is-config="true" signature="setUp()[pri:0, instance:Execution.userAccessGroupsTESTING@15bbf42f]" started-at="2023-09-07T16:36:32 CDT" name="setUp" finished-at="2023-09-07T16:36:32 CDT" duration-ms="1" status="PASS">
          <reporter-output>
          </reporter-output>
        </test-method> <!-- setUp -->
        <test-method signature="clickAddUserInNexus()[pri:1000, instance:Execution.userAccessGroupsTESTING@15bbf42f]" started-at="2023-09-07T16:36:32 CDT" name="clickAddUserInNexus" finished-at="2023-09-07T16:36:34 CDT" duration-ms="1680" status="PASS">
          <reporter-output>
          </reporter-output>
        </test-method> <!-- clickAddUserInNexus -->
        <test-method is-config="true" signature="setUp()[pri:0, instance:Execution.userAccessGroupsTESTING@15bbf42f]" started-at="2023-09-07T16:36:34 CDT" name="setUp" finished-at="2023-09-07T16:36:34 CDT" duration-ms="0" status="PASS">
          <reporter-output>
          </reporter-output>
        </test-method> <!-- setUp -->
        <test-method signature="selectSearchEmployeesOnly()[pri:1010, instance:Execution.userAccessGroupsTESTING@15bbf42f]" started-at="2023-09-07T16:36:34 CDT" name="selectSearchEmployeesOnly" finished-at="2023-09-07T16:36:35 CDT" duration-ms="729" status="PASS">
          <reporter-output>
          </reporter-output>
        </test-method> <!-- selectSearchEmployeesOnly -->
        <test-method is-config="true" signature="setUp()[pri:0, instance:Execution.userAccessGroupsTESTING@15bbf42f]" started-at="2023-09-07T16:36:35 CDT" name="setUp" finished-at="2023-09-07T16:36:35 CDT" duration-ms="1" status="PASS">
          <reporter-output>
          </reporter-output>
        </test-method> <!-- setUp -->
        <test-method signature="inputNexusEmployee()[pri:1020, instance:Execution.userAccessGroupsTESTING@15bbf42f]" started-at="2023-09-07T16:36:35 CDT" name="inputNexusEmployee" finished-at="2023-09-07T16:36:36 CDT" duration-ms="1609" status="PASS">
          <reporter-output>
          </reporter-output>
        </test-method> <!-- inputNexusEmployee -->
        <test-method is-config="true" signature="setUp()[pri:0, instance:Execution.userAccessGroupsTESTING@15bbf42f]" started-at="2023-09-07T16:36:36 CDT" name="setUp" finished-at="2023-09-07T16:36:36 CDT" duration-ms="0" status="PASS">
          <reporter-output>
          </reporter-output>
        </test-method> <!-- setUp -->
        <test-method signature="saveNexusEmployee()[pri:1030, instance:Execution.userAccessGroupsTESTING@15bbf42f]" started-at="2023-09-07T16:36:36 CDT" name="saveNexusEmployee" finished-at="2023-09-07T16:36:37 CDT" duration-ms="475" status="PASS">
          <reporter-output>
          </reporter-output>
        </test-method> <!-- saveNexusEmployee -->
        <test-method signature="clickAddUserInNexus2()[pri:1040, instance:Execution.userAccessGroupsTESTING@15bbf42f]" started-at="2023-09-07T16:36:37 CDT" name="clickAddUserInNexus2" finished-at="2023-09-07T16:36:38 CDT" duration-ms="944" status="PASS">
          <reporter-output>
          </reporter-output>
        </test-method> <!-- clickAddUserInNexus2 -->
        <test-method is-config="true" signature="setUp()[pri:0, instance:Execution.userAccessGroupsTESTING@15bbf42f]" started-at="2023-09-07T16:36:37 CDT" name="setUp" finished-at="2023-09-07T16:36:37 CDT" duration-ms="0" status="PASS">
          <reporter-output>
          </reporter-output>
        </test-method> <!-- setUp -->
        <test-method signature="selectSearchEmployeesOnly2()[pri:1050, instance:Execution.userAccessGroupsTESTING@15bbf42f]" started-at="2023-09-07T16:36:38 CDT" name="selectSearchEmployeesOnly2" finished-at="2023-09-07T16:36:38 CDT" duration-ms="725" status="PASS">
          <reporter-output>
          </reporter-output>
        </test-method> <!-- selectSearchEmployeesOnly2 -->
        <test-method is-config="true" signature="setUp()[pri:0, instance:Execution.userAccessGroupsTESTING@15bbf42f]" started-at="2023-09-07T16:36:38 CDT" name="setUp" finished-at="2023-09-07T16:36:38 CDT" duration-ms="0" status="PASS">
          <reporter-output>
          </reporter-output>
        </test-method> <!-- setUp -->
        <test-method is-config="true" signature="setUp()[pri:0, instance:Execution.userAccessGroupsTESTING@15bbf42f]" started-at="2023-09-07T16:36:38 CDT" name="setUp" finished-at="2023-09-07T16:36:38 CDT" duration-ms="0" status="PASS">
          <reporter-output>
          </reporter-output>
        </test-method> <!-- setUp -->
        <test-method signature="inputNexusEmployee2()[pri:1060, instance:Execution.userAccessGroupsTESTING@15bbf42f]" started-at="2023-09-07T16:36:38 CDT" name="inputNexusEmployee2" finished-at="2023-09-07T16:36:40 CDT" duration-ms="1667" status="PASS">
          <reporter-output>
          </reporter-output>
        </test-method> <!-- inputNexusEmployee2 -->
        <test-method is-config="true" signature="setUp()[pri:0, instance:Execution.userAccessGroupsTESTING@15bbf42f]" started-at="2023-09-07T16:36:40 CDT" name="setUp" finished-at="2023-09-07T16:36:40 CDT" duration-ms="1" status="PASS">
          <reporter-output>
          </reporter-output>
        </test-method> <!-- setUp -->
        <test-method signature="saveNexusEmployee2()[pri:1070, instance:Execution.userAccessGroupsTESTING@15bbf42f]" started-at="2023-09-07T16:36:40 CDT" name="saveNexusEmployee2" finished-at="2023-09-07T16:36:41 CDT" duration-ms="475" status="PASS">
          <reporter-output>
          </reporter-output>
        </test-method> <!-- saveNexusEmployee2 -->
        <test-method is-config="true" signature="setUp()[pri:0, instance:Execution.userAccessGroupsTESTING@15bbf42f]" started-at="2023-09-07T16:36:41 CDT" name="setUp" finished-at="2023-09-07T16:36:41 CDT" duration-ms="0" status="PASS">
          <reporter-output>
          </reporter-output>
        </test-method> <!-- setUp -->
        <test-method signature="clickAddUserInNexus3()[pri:1080, instance:Execution.userAccessGroupsTESTING@15bbf42f]" started-at="2023-09-07T16:36:41 CDT" name="clickAddUserInNexus3" finished-at="2023-09-07T16:36:42 CDT" duration-ms="966" status="PASS">
          <reporter-output>
          </reporter-output>
        </test-method> <!-- clickAddUserInNexus3 -->
        <test-method signature="selectSearchEmployeesOnly3()[pri:1090, instance:Execution.userAccessGroupsTESTING@15bbf42f]" started-at="2023-09-07T16:36:42 CDT" name="selectSearchEmployeesOnly3" finished-at="2023-09-07T16:36:42 CDT" duration-ms="737" status="PASS">
          <reporter-output>
          </reporter-output>
        </test-method> <!-- selectSearchEmployeesOnly3 -->
        <test-method is-config="true" signature="setUp()[pri:0, instance:Execution.userAccessGroupsTESTING@15bbf42f]" started-at="2023-09-07T16:36:42 CDT" name="setUp" finished-at="2023-09-07T16:36:42 CDT" duration-ms="0" status="PASS">
          <reporter-output>
          </reporter-output>
        </test-method> <!-- setUp -->
        <test-method signature="inputNexusEmployee3()[pri:1100, instance:Execution.userAccessGroupsTESTING@15bbf42f]" started-at="2023-09-07T16:36:42 CDT" name="inputNexusEmployee3" finished-at="2023-09-07T16:36:44 CDT" duration-ms="1728" status="PASS">
          <reporter-output>
          </reporter-output>
        </test-method> <!-- inputNexusEmployee3 -->
        <test-method is-config="true" signature="setUp()[pri:0, instance:Execution.userAccessGroupsTESTING@15bbf42f]" started-at="2023-09-07T16:36:42 CDT" name="setUp" finished-at="2023-09-07T16:36:42 CDT" duration-ms="0" status="PASS">
          <reporter-output>
          </reporter-output>
        </test-method> <!-- setUp -->
        <test-method is-config="true" signature="setUp()[pri:0, instance:Execution.userAccessGroupsTESTING@15bbf42f]" started-at="2023-09-07T16:36:44 CDT" name="setUp" finished-at="2023-09-07T16:36:44 CDT" duration-ms="1" status="PASS">
          <reporter-output>
          </reporter-output>
        </test-method> <!-- setUp -->
        <test-method signature="saveNexusEmployee3()[pri:1110, instance:Execution.userAccessGroupsTESTING@15bbf42f]" started-at="2023-09-07T16:36:44 CDT" name="saveNexusEmployee3" finished-at="2023-09-07T16:36:45 CDT" duration-ms="455" status="PASS">
          <reporter-output>
          </reporter-output>
        </test-method> <!-- saveNexusEmployee3 -->
        <test-method is-config="true" signature="closeDown()[pri:0, instance:Execution.userAccessGroupsTESTING@15bbf42f]" started-at="2023-09-07T16:36:45 CDT" name="closeDown" finished-at="2023-09-07T16:36:45 CDT" duration-ms="0" status="PASS">
          <reporter-output>
          </reporter-output>
        </test-method> <!-- closeDown -->
      </class> <!-- Execution.userAccessGroupsTESTING -->
    </test> <!-- User Access Groups TESTING -->
  </suite> <!-- RegressionSuite -->
</testng-results>
