<?xml version="1.0" encoding="UTF-8"?>
<testng-results ignored="0" total="37" passed="37" failed="0" skipped="0">
  <reporter-output>
  </reporter-output>
  <suite started-at="2023-09-13T12:40:05 CDT" name="RegressionSuite" finished-at="2023-09-13T12:41:08 CDT" duration-ms="63014">
    <groups>
    </groups>
    <test started-at="2023-09-13T12:40:05 CDT" name="User Access Groups TESTING" finished-at="2023-09-13T12:41:08 CDT" duration-ms="63014">
      <class name="Execution.userAccessGroupsTESTING">
        <test-method is-config="true" signature="initializeFramework(java.lang.String,java.lang.String)[pri:0, instance:Execution.userAccessGroupsTESTING@793be5ca]" started-at="2023-09-13T12:40:05 CDT" name="initializeFramework" finished-at="2023-09-13T12:40:07 CDT" duration-ms="2346" status="PASS">
          <params>
            <param index="0">
              <value>
                <![CDATA[chrome]]>
              </value>
            </param>
            <param index="1">
              <value>
                <![CDATA[https://localhost/LEAF_Request_Portal/admin/?a=mod_groups]]>
              </value>
            </param>
          </params>
          <reporter-output>
          </reporter-output>
        </test-method> <!-- initializeFramework -->
        <test-method is-config="true" signature="setUp()[pri:0, instance:Execution.userAccessGroupsTESTING@793be5ca]" started-at="2023-09-13T12:40:07 CDT" name="setUp" finished-at="2023-09-13T12:40:07 CDT" duration-ms="0" status="PASS">
          <reporter-output>
          </reporter-output>
        </test-method> <!-- setUp -->
        <test-method is-config="true" signature="setUp()[pri:0, instance:Execution.userAccessGroupsTESTING@793be5ca]" started-at="2023-09-13T12:40:07 CDT" name="setUp" finished-at="2023-09-13T12:40:07 CDT" duration-ms="0" status="PASS">
          <reporter-output>
          </reporter-output>
        </test-method> <!-- setUp -->
        <test-method signature="testForCertPage()[pri:1, instance:Execution.userAccessGroupsTESTING@793be5ca]" started-at="2023-09-13T12:40:07 CDT" name="testForCertPage" finished-at="2023-09-13T12:40:09 CDT" duration-ms="1526" status="PASS">
          <reporter-output>
          </reporter-output>
        </test-method> <!-- testForCertPage -->
        <test-method is-config="true" signature="setUp()[pri:0, instance:Execution.userAccessGroupsTESTING@793be5ca]" started-at="2023-09-13T12:40:09 CDT" name="setUp" finished-at="2023-09-13T12:40:09 CDT" duration-ms="2" status="PASS">
          <reporter-output>
          </reporter-output>
        </test-method> <!-- setUp -->
        <test-method signature="getElementID()[pri:990, instance:Execution.userAccessGroupsTESTING@793be5ca]" started-at="2023-09-13T12:40:09 CDT" name="getElementID" finished-at="2023-09-13T12:40:12 CDT" duration-ms="2925" status="PASS">
          <reporter-output>
          </reporter-output>
        </test-method> <!-- getElementID -->
        <test-method is-config="true" signature="setUp()[pri:0, instance:Execution.userAccessGroupsTESTING@793be5ca]" started-at="2023-09-13T12:40:12 CDT" name="setUp" finished-at="2023-09-13T12:40:12 CDT" duration-ms="0" status="PASS">
          <reporter-output>
          </reporter-output>
        </test-method> <!-- setUp -->
        <test-method signature="createNexusDriver1()[pri:995, instance:Execution.userAccessGroupsTESTING@793be5ca]" started-at="2023-09-13T12:40:12 CDT" name="createNexusDriver1" finished-at="2023-09-13T12:40:17 CDT" duration-ms="5350" status="PASS">
          <reporter-output>
          </reporter-output>
        </test-method> <!-- createNexusDriver1 -->
        <test-method is-config="true" signature="setUp()[pri:0, instance:Execution.userAccessGroupsTESTING@793be5ca]" started-at="2023-09-13T12:40:17 CDT" name="setUp" finished-at="2023-09-13T12:40:17 CDT" duration-ms="0" status="PASS">
          <reporter-output>
          </reporter-output>
        </test-method> <!-- setUp -->
        <test-method signature="clickAddUserInNexus()[pri:1000, instance:Execution.userAccessGroupsTESTING@793be5ca]" started-at="2023-09-13T12:40:17 CDT" name="clickAddUserInNexus" finished-at="2023-09-13T12:40:20 CDT" duration-ms="3149" status="PASS">
          <reporter-output>
          </reporter-output>
        </test-method> <!-- clickAddUserInNexus -->
        <test-method is-config="true" signature="setUp()[pri:0, instance:Execution.userAccessGroupsTESTING@793be5ca]" started-at="2023-09-13T12:40:20 CDT" name="setUp" finished-at="2023-09-13T12:40:20 CDT" duration-ms="0" status="PASS">
          <reporter-output>
          </reporter-output>
        </test-method> <!-- setUp -->
        <test-method signature="selectSearchEmployeesOnly()[pri:1010, instance:Execution.userAccessGroupsTESTING@793be5ca]" started-at="2023-09-13T12:40:20 CDT" name="selectSearchEmployeesOnly" finished-at="2023-09-13T12:40:21 CDT" duration-ms="922" status="PASS">
          <reporter-output>
          </reporter-output>
        </test-method> <!-- selectSearchEmployeesOnly -->
        <test-method is-config="true" signature="setUp()[pri:0, instance:Execution.userAccessGroupsTESTING@793be5ca]" started-at="2023-09-13T12:40:21 CDT" name="setUp" finished-at="2023-09-13T12:40:21 CDT" duration-ms="1" status="PASS">
          <reporter-output>
          </reporter-output>
        </test-method> <!-- setUp -->
        <test-method signature="inputNexusEmployee()[pri:1020, instance:Execution.userAccessGroupsTESTING@793be5ca]" started-at="2023-09-13T12:40:21 CDT" name="inputNexusEmployee" finished-at="2023-09-13T12:40:23 CDT" duration-ms="1616" status="PASS">
          <reporter-output>
          </reporter-output>
        </test-method> <!-- inputNexusEmployee -->
        <test-method is-config="true" signature="setUp()[pri:0, instance:Execution.userAccessGroupsTESTING@793be5ca]" started-at="2023-09-13T12:40:23 CDT" name="setUp" finished-at="2023-09-13T12:40:23 CDT" duration-ms="1" status="PASS">
          <reporter-output>
          </reporter-output>
        </test-method> <!-- setUp -->
        <test-method signature="saveNexusEmployee()[pri:1030, instance:Execution.userAccessGroupsTESTING@793be5ca]" started-at="2023-09-13T12:40:23 CDT" name="saveNexusEmployee" finished-at="2023-09-13T12:40:23 CDT" duration-ms="492" status="PASS">
          <reporter-output>
          </reporter-output>
        </test-method> <!-- saveNexusEmployee -->
        <test-method signature="clickAddUserInNexus2()[pri:1040, instance:Execution.userAccessGroupsTESTING@793be5ca]" started-at="2023-09-13T12:40:23 CDT" name="clickAddUserInNexus2" finished-at="2023-09-13T12:40:26 CDT" duration-ms="2444" status="PASS">
          <reporter-output>
          </reporter-output>
        </test-method> <!-- clickAddUserInNexus2 -->
        <test-method is-config="true" signature="setUp()[pri:0, instance:Execution.userAccessGroupsTESTING@793be5ca]" started-at="2023-09-13T12:40:23 CDT" name="setUp" finished-at="2023-09-13T12:40:23 CDT" duration-ms="0" status="PASS">
          <reporter-output>
          </reporter-output>
        </test-method> <!-- setUp -->
        <test-method is-config="true" signature="setUp()[pri:0, instance:Execution.userAccessGroupsTESTING@793be5ca]" started-at="2023-09-13T12:40:26 CDT" name="setUp" finished-at="2023-09-13T12:40:26 CDT" duration-ms="1" status="PASS">
          <reporter-output>
          </reporter-output>
        </test-method> <!-- setUp -->
        <test-method signature="selectSearchEmployeesOnly2()[pri:1050, instance:Execution.userAccessGroupsTESTING@793be5ca]" started-at="2023-09-13T12:40:26 CDT" name="selectSearchEmployeesOnly2" finished-at="2023-09-13T12:40:27 CDT" duration-ms="903" status="PASS">
          <reporter-output>
          </reporter-output>
        </test-method> <!-- selectSearchEmployeesOnly2 -->
        <test-method is-config="true" signature="setUp()[pri:0, instance:Execution.userAccessGroupsTESTING@793be5ca]" started-at="2023-09-13T12:40:27 CDT" name="setUp" finished-at="2023-09-13T12:40:27 CDT" duration-ms="1" status="PASS">
          <reporter-output>
          </reporter-output>
        </test-method> <!-- setUp -->
        <test-method signature="inputNexusEmployee2()[pri:1060, instance:Execution.userAccessGroupsTESTING@793be5ca]" started-at="2023-09-13T12:40:27 CDT" name="inputNexusEmployee2" finished-at="2023-09-13T12:40:28 CDT" duration-ms="1726" status="PASS">
          <reporter-output>
          </reporter-output>
        </test-method> <!-- inputNexusEmployee2 -->
        <test-method signature="saveNexusEmployee2()[pri:1070, instance:Execution.userAccessGroupsTESTING@793be5ca]" started-at="2023-09-13T12:40:28 CDT" name="saveNexusEmployee2" finished-at="2023-09-13T12:40:29 CDT" duration-ms="451" status="PASS">
          <reporter-output>
          </reporter-output>
        </test-method> <!-- saveNexusEmployee2 -->
        <test-method is-config="true" signature="setUp()[pri:0, instance:Execution.userAccessGroupsTESTING@793be5ca]" started-at="2023-09-13T12:40:28 CDT" name="setUp" finished-at="2023-09-13T12:40:28 CDT" duration-ms="0" status="PASS">
          <reporter-output>
          </reporter-output>
        </test-method> <!-- setUp -->
        <test-method is-config="true" signature="setUp()[pri:0, instance:Execution.userAccessGroupsTESTING@793be5ca]" started-at="2023-09-13T12:40:29 CDT" name="setUp" finished-at="2023-09-13T12:40:29 CDT" duration-ms="1" status="PASS">
          <reporter-output>
          </reporter-output>
        </test-method> <!-- setUp -->
        <test-method signature="clickAddUserInNexus3()[pri:1080, instance:Execution.userAccessGroupsTESTING@793be5ca]" started-at="2023-09-13T12:40:29 CDT" name="clickAddUserInNexus3" finished-at="2023-09-13T12:40:31 CDT" duration-ms="2435" status="PASS">
          <reporter-output>
          </reporter-output>
        </test-method> <!-- clickAddUserInNexus3 -->
        <test-method signature="selectSearchEmployeesOnly3()[pri:1090, instance:Execution.userAccessGroupsTESTING@793be5ca]" started-at="2023-09-13T12:40:31 CDT" name="selectSearchEmployeesOnly3" finished-at="2023-09-13T12:40:32 CDT" duration-ms="907" status="PASS">
          <reporter-output>
          </reporter-output>
        </test-method> <!-- selectSearchEmployeesOnly3 -->
        <test-method is-config="true" signature="setUp()[pri:0, instance:Execution.userAccessGroupsTESTING@793be5ca]" started-at="2023-09-13T12:40:31 CDT" name="setUp" finished-at="2023-09-13T12:40:31 CDT" duration-ms="0" status="PASS">
          <reporter-output>
          </reporter-output>
        </test-method> <!-- setUp -->
        <test-method is-config="true" signature="setUp()[pri:0, instance:Execution.userAccessGroupsTESTING@793be5ca]" started-at="2023-09-13T12:40:32 CDT" name="setUp" finished-at="2023-09-13T12:40:32 CDT" duration-ms="0" status="PASS">
          <reporter-output>
          </reporter-output>
        </test-method> <!-- setUp -->
        <test-method signature="inputNexusEmployee3()[pri:1100, instance:Execution.userAccessGroupsTESTING@793be5ca]" started-at="2023-09-13T12:40:32 CDT" name="inputNexusEmployee3" finished-at="2023-09-13T12:40:34 CDT" duration-ms="1554" status="PASS">
          <reporter-output>
          </reporter-output>
        </test-method> <!-- inputNexusEmployee3 -->
        <test-method is-config="true" signature="setUp()[pri:0, instance:Execution.userAccessGroupsTESTING@793be5ca]" started-at="2023-09-13T12:40:34 CDT" name="setUp" finished-at="2023-09-13T12:40:34 CDT" duration-ms="1" status="PASS">
          <reporter-output>
          </reporter-output>
        </test-method> <!-- setUp -->
        <test-method signature="saveNexusEmployee3()[pri:1110, instance:Execution.userAccessGroupsTESTING@793be5ca]" started-at="2023-09-13T12:40:34 CDT" name="saveNexusEmployee3" finished-at="2023-09-13T12:40:34 CDT" duration-ms="452" status="PASS">
          <reporter-output>
          </reporter-output>
        </test-method> <!-- saveNexusEmployee3 -->
        <test-method signature="selectMemberPosition1()[pri:1200, instance:Execution.userAccessGroupsTESTING@793be5ca]" started-at="2023-09-13T12:40:34 CDT" name="selectMemberPosition1" finished-at="2023-09-13T12:40:37 CDT" duration-ms="2874" status="PASS">
          <reporter-output>
          </reporter-output>
        </test-method> <!-- selectMemberPosition1 -->
        <test-method is-config="true" signature="setUp()[pri:0, instance:Execution.userAccessGroupsTESTING@793be5ca]" started-at="2023-09-13T12:40:34 CDT" name="setUp" finished-at="2023-09-13T12:40:34 CDT" duration-ms="0" status="PASS">
          <reporter-output>
          </reporter-output>
        </test-method> <!-- setUp -->
        <test-method is-config="true" signature="setUp()[pri:0, instance:Execution.userAccessGroupsTESTING@793be5ca]" started-at="2023-09-13T12:40:37 CDT" name="setUp" finished-at="2023-09-13T12:40:37 CDT" duration-ms="0" status="PASS">
          <reporter-output>
          </reporter-output>
        </test-method> <!-- setUp -->
        <test-method signature="clickAssignBackup()[pri:1210, instance:Execution.userAccessGroupsTESTING@793be5ca]" started-at="2023-09-13T12:40:37 CDT" name="clickAssignBackup" finished-at="2023-09-13T12:40:38 CDT" duration-ms="1524" status="PASS">
          <reporter-output>
          </reporter-output>
        </test-method> <!-- clickAssignBackup -->
        <test-method is-config="true" signature="setUp()[pri:0, instance:Execution.userAccessGroupsTESTING@793be5ca]" started-at="2023-09-13T12:40:38 CDT" name="setUp" finished-at="2023-09-13T12:40:38 CDT" duration-ms="1" status="PASS">
          <reporter-output>
          </reporter-output>
        </test-method> <!-- setUp -->
        <test-method signature="addBackupPosition1()[pri:1220, instance:Execution.userAccessGroupsTESTING@793be5ca]" started-at="2023-09-13T12:40:38 CDT" name="addBackupPosition1" finished-at="2023-09-13T12:40:40 CDT" duration-ms="1659" status="PASS">
          <reporter-output>
          </reporter-output>
        </test-method> <!-- addBackupPosition1 -->
        <test-method signature="saveBackup()[pri:1230, instance:Execution.userAccessGroupsTESTING@793be5ca]" started-at="2023-09-13T12:40:40 CDT" name="saveBackup" finished-at="2023-09-13T12:40:41 CDT" duration-ms="446" status="PASS">
          <reporter-output>
          </reporter-output>
        </test-method> <!-- saveBackup -->
        <test-method is-config="true" signature="setUp()[pri:0, instance:Execution.userAccessGroupsTESTING@793be5ca]" started-at="2023-09-13T12:40:40 CDT" name="setUp" finished-at="2023-09-13T12:40:40 CDT" duration-ms="0" status="PASS">
          <reporter-output>
          </reporter-output>
        </test-method> <!-- setUp -->
        <test-method is-config="true" signature="setUp()[pri:0, instance:Execution.userAccessGroupsTESTING@793be5ca]" started-at="2023-09-13T12:40:41 CDT" name="setUp" finished-at="2023-09-13T12:40:41 CDT" duration-ms="0" status="PASS">
          <reporter-output>
          </reporter-output>
        </test-method> <!-- setUp -->
        <test-method signature="navigateNexusBack()[pri:1240, instance:Execution.userAccessGroupsTESTING@793be5ca]" started-at="2023-09-13T12:40:41 CDT" name="navigateNexusBack" finished-at="2023-09-13T12:40:41 CDT" duration-ms="296" status="PASS">
          <reporter-output>
          </reporter-output>
        </test-method> <!-- navigateNexusBack -->
        <test-method is-config="true" signature="setUp()[pri:0, instance:Execution.userAccessGroupsTESTING@793be5ca]" started-at="2023-09-13T12:40:41 CDT" name="setUp" finished-at="2023-09-13T12:40:41 CDT" duration-ms="0" status="PASS">
          <reporter-output>
          </reporter-output>
        </test-method> <!-- setUp -->
        <test-method signature="selectMemberPosition2()[pri:1250, instance:Execution.userAccessGroupsTESTING@793be5ca]" started-at="2023-09-13T12:40:41 CDT" name="selectMemberPosition2" finished-at="2023-09-13T12:40:44 CDT" duration-ms="2876" status="PASS">
          <reporter-output>
          </reporter-output>
        </test-method> <!-- selectMemberPosition2 -->
        <test-method is-config="true" signature="setUp()[pri:0, instance:Execution.userAccessGroupsTESTING@793be5ca]" started-at="2023-09-13T12:40:44 CDT" name="setUp" finished-at="2023-09-13T12:40:44 CDT" duration-ms="0" status="PASS">
          <reporter-output>
          </reporter-output>
        </test-method> <!-- setUp -->
        <test-method signature="clickAssignBackup2()[pri:1260, instance:Execution.userAccessGroupsTESTING@793be5ca]" started-at="2023-09-13T12:40:44 CDT" name="clickAssignBackup2" finished-at="2023-09-13T12:40:45 CDT" duration-ms="1527" status="PASS">
          <reporter-output>
          </reporter-output>
        </test-method> <!-- clickAssignBackup2 -->
        <test-method is-config="true" signature="setUp()[pri:0, instance:Execution.userAccessGroupsTESTING@793be5ca]" started-at="2023-09-13T12:40:45 CDT" name="setUp" finished-at="2023-09-13T12:40:45 CDT" duration-ms="0" status="PASS">
          <reporter-output>
          </reporter-output>
        </test-method> <!-- setUp -->
        <test-method signature="addBackupPosition2()[pri:1270, instance:Execution.userAccessGroupsTESTING@793be5ca]" started-at="2023-09-13T12:40:45 CDT" name="addBackupPosition2" finished-at="2023-09-13T12:40:47 CDT" duration-ms="1566" status="PASS">
          <reporter-output>
          </reporter-output>
        </test-method> <!-- addBackupPosition2 -->
        <test-method is-config="true" signature="setUp()[pri:0, instance:Execution.userAccessGroupsTESTING@793be5ca]" started-at="2023-09-13T12:40:47 CDT" name="setUp" finished-at="2023-09-13T12:40:47 CDT" duration-ms="0" status="PASS">
          <reporter-output>
          </reporter-output>
        </test-method> <!-- setUp -->
        <test-method signature="saveBackup2()[pri:1280, instance:Execution.userAccessGroupsTESTING@793be5ca]" started-at="2023-09-13T12:40:47 CDT" name="saveBackup2" finished-at="2023-09-13T12:40:47 CDT" duration-ms="448" status="PASS">
          <reporter-output>
          </reporter-output>
        </test-method> <!-- saveBackup2 -->
        <test-method is-config="true" signature="setUp()[pri:0, instance:Execution.userAccessGroupsTESTING@793be5ca]" started-at="2023-09-13T12:40:47 CDT" name="setUp" finished-at="2023-09-13T12:40:47 CDT" duration-ms="1" status="PASS">
          <reporter-output>
          </reporter-output>
        </test-method> <!-- setUp -->
        <test-method signature="navigateNexusBack0()[pri:1290, instance:Execution.userAccessGroupsTESTING@793be5ca]" started-at="2023-09-13T12:40:47 CDT" name="navigateNexusBack0" finished-at="2023-09-13T12:40:48 CDT" duration-ms="289" status="PASS">
          <reporter-output>
          </reporter-output>
        </test-method> <!-- navigateNexusBack0 -->
        <test-method signature="selectMemberPosition1_2()[pri:1300, instance:Execution.userAccessGroupsTESTING@793be5ca]" started-at="2023-09-13T12:40:48 CDT" name="selectMemberPosition1_2" finished-at="2023-09-13T12:40:51 CDT" duration-ms="2918" status="PASS">
          <reporter-output>
          </reporter-output>
        </test-method> <!-- selectMemberPosition1_2 -->
        <test-method is-config="true" signature="setUp()[pri:0, instance:Execution.userAccessGroupsTESTING@793be5ca]" started-at="2023-09-13T12:40:48 CDT" name="setUp" finished-at="2023-09-13T12:40:48 CDT" duration-ms="0" status="PASS">
          <reporter-output>
          </reporter-output>
        </test-method> <!-- setUp -->
        <test-method is-config="true" signature="setUp()[pri:0, instance:Execution.userAccessGroupsTESTING@793be5ca]" started-at="2023-09-13T12:40:51 CDT" name="setUp" finished-at="2023-09-13T12:40:51 CDT" duration-ms="1" status="PASS">
          <reporter-output>
          </reporter-output>
        </test-method> <!-- setUp -->
        <test-method signature="clickRemoveBackup()[pri:1310, instance:Execution.userAccessGroupsTESTING@793be5ca]" started-at="2023-09-13T12:40:51 CDT" name="clickRemoveBackup" finished-at="2023-09-13T12:40:52 CDT" duration-ms="1538" status="PASS">
          <reporter-output>
          </reporter-output>
        </test-method> <!-- clickRemoveBackup -->
        <test-method is-config="true" signature="setUp()[pri:0, instance:Execution.userAccessGroupsTESTING@793be5ca]" started-at="2023-09-13T12:40:52 CDT" name="setUp" finished-at="2023-09-13T12:40:52 CDT" duration-ms="0" status="PASS">
          <reporter-output>
          </reporter-output>
        </test-method> <!-- setUp -->
        <test-method signature="saveRemoveBackup()[pri:1320, instance:Execution.userAccessGroupsTESTING@793be5ca]" started-at="2023-09-13T12:40:52 CDT" name="saveRemoveBackup" finished-at="2023-09-13T12:40:53 CDT" duration-ms="824" status="PASS">
          <reporter-output>
          </reporter-output>
        </test-method> <!-- saveRemoveBackup -->
        <test-method signature="navigateNexusBackTwice()[pri:1330, instance:Execution.userAccessGroupsTESTING@793be5ca]" started-at="2023-09-13T12:40:53 CDT" name="navigateNexusBackTwice" finished-at="2023-09-13T12:40:54 CDT" duration-ms="611" status="PASS">
          <reporter-output>
          </reporter-output>
        </test-method> <!-- navigateNexusBackTwice -->
        <test-method is-config="true" signature="setUp()[pri:0, instance:Execution.userAccessGroupsTESTING@793be5ca]" started-at="2023-09-13T12:40:53 CDT" name="setUp" finished-at="2023-09-13T12:40:53 CDT" duration-ms="0" status="PASS">
          <reporter-output>
          </reporter-output>
        </test-method> <!-- setUp -->
        <test-method is-config="true" signature="setUp()[pri:0, instance:Execution.userAccessGroupsTESTING@793be5ca]" started-at="2023-09-13T12:40:54 CDT" name="setUp" finished-at="2023-09-13T12:40:54 CDT" duration-ms="1" status="PASS">
          <reporter-output>
          </reporter-output>
        </test-method> <!-- setUp -->
        <test-method signature="selectMemberPosition1_3()[pri:1340, instance:Execution.userAccessGroupsTESTING@793be5ca]" started-at="2023-09-13T12:40:54 CDT" name="selectMemberPosition1_3" finished-at="2023-09-13T12:40:57 CDT" duration-ms="3801" status="PASS">
          <reporter-output>
          </reporter-output>
        </test-method> <!-- selectMemberPosition1_3 -->
        <test-method signature="navigateNexusBack1()[pri:1350, instance:Execution.userAccessGroupsTESTING@793be5ca]" started-at="2023-09-13T12:40:57 CDT" name="navigateNexusBack1" finished-at="2023-09-13T12:40:58 CDT" duration-ms="405" status="PASS">
          <reporter-output>
          </reporter-output>
        </test-method> <!-- navigateNexusBack1 -->
        <test-method is-config="true" signature="setUp()[pri:0, instance:Execution.userAccessGroupsTESTING@793be5ca]" started-at="2023-09-13T12:40:57 CDT" name="setUp" finished-at="2023-09-13T12:40:57 CDT" duration-ms="0" status="PASS">
          <reporter-output>
          </reporter-output>
        </test-method> <!-- setUp -->
        <test-method is-config="true" signature="setUp()[pri:0, instance:Execution.userAccessGroupsTESTING@793be5ca]" started-at="2023-09-13T12:40:58 CDT" name="setUp" finished-at="2023-09-13T12:40:58 CDT" duration-ms="3" status="PASS">
          <reporter-output>
          </reporter-output>
        </test-method> <!-- setUp -->
        <test-method signature="selectMemberPosition2_2()[pri:1360, instance:Execution.userAccessGroupsTESTING@793be5ca]" started-at="2023-09-13T12:40:58 CDT" name="selectMemberPosition2_2" finished-at="2023-09-13T12:41:01 CDT" duration-ms="2945" status="PASS">
          <reporter-output>
          </reporter-output>
        </test-method> <!-- selectMemberPosition2_2 -->
        <test-method is-config="true" signature="setUp()[pri:0, instance:Execution.userAccessGroupsTESTING@793be5ca]" started-at="2023-09-13T12:41:01 CDT" name="setUp" finished-at="2023-09-13T12:41:01 CDT" duration-ms="0" status="PASS">
          <reporter-output>
          </reporter-output>
        </test-method> <!-- setUp -->
        <test-method signature="clickRemoveBackup2()[pri:1370, instance:Execution.userAccessGroupsTESTING@793be5ca]" started-at="2023-09-13T12:41:01 CDT" name="clickRemoveBackup2" finished-at="2023-09-13T12:41:02 CDT" duration-ms="1536" status="PASS">
          <reporter-output>
          </reporter-output>
        </test-method> <!-- clickRemoveBackup2 -->
        <test-method is-config="true" signature="setUp()[pri:0, instance:Execution.userAccessGroupsTESTING@793be5ca]" started-at="2023-09-13T12:41:02 CDT" name="setUp" finished-at="2023-09-13T12:41:02 CDT" duration-ms="0" status="PASS">
          <reporter-output>
          </reporter-output>
        </test-method> <!-- setUp -->
        <test-method signature="saveRemoveBackup2()[pri:1380, instance:Execution.userAccessGroupsTESTING@793be5ca]" started-at="2023-09-13T12:41:02 CDT" name="saveRemoveBackup2" finished-at="2023-09-13T12:41:03 CDT" duration-ms="800" status="PASS">
          <reporter-output>
          </reporter-output>
        </test-method> <!-- saveRemoveBackup2 -->
        <test-method is-config="true" signature="setUp()[pri:0, instance:Execution.userAccessGroupsTESTING@793be5ca]" started-at="2023-09-13T12:41:03 CDT" name="setUp" finished-at="2023-09-13T12:41:03 CDT" duration-ms="0" status="PASS">
          <reporter-output>
          </reporter-output>
        </test-method> <!-- setUp -->
        <test-method signature="navigateNexusBackTwice2()[pri:1390, instance:Execution.userAccessGroupsTESTING@793be5ca]" started-at="2023-09-13T12:41:03 CDT" name="navigateNexusBackTwice2" finished-at="2023-09-13T12:41:04 CDT" duration-ms="585" status="PASS">
          <reporter-output>
          </reporter-output>
        </test-method> <!-- navigateNexusBackTwice2 -->
        <test-method signature="selectMemberPosition2_3()[pri:1400, instance:Execution.userAccessGroupsTESTING@793be5ca]" started-at="2023-09-13T12:41:04 CDT" name="selectMemberPosition2_3" finished-at="2023-09-13T12:41:08 CDT" duration-ms="3932" status="PASS">
          <reporter-output>
          </reporter-output>
        </test-method> <!-- selectMemberPosition2_3 -->
        <test-method is-config="true" signature="setUp()[pri:0, instance:Execution.userAccessGroupsTESTING@793be5ca]" started-at="2023-09-13T12:41:04 CDT" name="setUp" finished-at="2023-09-13T12:41:04 CDT" duration-ms="0" status="PASS">
          <reporter-output>
          </reporter-output>
        </test-method> <!-- setUp -->
        <test-method is-config="true" signature="setUp()[pri:0, instance:Execution.userAccessGroupsTESTING@793be5ca]" started-at="2023-09-13T12:41:08 CDT" name="setUp" finished-at="2023-09-13T12:41:08 CDT" duration-ms="0" status="PASS">
          <reporter-output>
          </reporter-output>
        </test-method> <!-- setUp -->
        <test-method signature="navigateNexusBack2()[pri:1410, instance:Execution.userAccessGroupsTESTING@793be5ca]" started-at="2023-09-13T12:41:08 CDT" name="navigateNexusBack2" finished-at="2023-09-13T12:41:08 CDT" duration-ms="287" status="PASS">
          <reporter-output>
          </reporter-output>
        </test-method> <!-- navigateNexusBack2 -->
        <test-method is-config="true" signature="closeDown()[pri:0, instance:Execution.userAccessGroupsTESTING@793be5ca]" started-at="2023-09-13T12:41:08 CDT" name="closeDown" finished-at="2023-09-13T12:41:08 CDT" duration-ms="0" status="PASS">
          <reporter-output>
          </reporter-output>
        </test-method> <!-- closeDown -->
      </class> <!-- Execution.userAccessGroupsTESTING -->
    </test> <!-- User Access Groups TESTING -->
  </suite> <!-- RegressionSuite -->
</testng-results>
