-------------------------------------------------------------------------------
Test set: TestSuite
-------------------------------------------------------------------------------
Tests run: 2, Failures: 1, Errors: 0, Skipped: 0, Time elapsed: 37.48 s <<< FAILURE! - in TestSuite
test.java.formWorkflow.FormEditorTests.deleteForm  Time elapsed: 30.026 s  <<< FAILURE!
org.openqa.selenium.NoSuchElementException: 
no such element: Unable to locate element: {"method":"css selector","selector":"#createFormButton"}
  (Session info: chrome=124.0.6367.119)
For documentation on this error, please visit: https://www.selenium.dev/documentation/webdriver/troubleshooting/errors#no-such-element-exception
Build info: version: '4.18.0', revision: 'b6bf9de7cc*'
System info: os.name: 'Windows 11', os.arch: 'amd64', os.version: '10.0', java.version: '22.0.1'
Driver info: org.openqa.selenium.chrome.ChromeDriver
Command: [7f87e8c6d53f5a56b8c0b379a09b6146, findElement {using=id, value=createFormButton}]
Capabilities {acceptInsecureCerts: false, browserName: chrome, browserVersion: 124.0.6367.119, chrome: {chromedriverVersion: 124.0.6367.91 (51df0e5e17a8..., userDataDir: C:\Users\pelen\AppData\Loca...}, fedcm:accounts: true, goog:chromeOptions: {debuggerAddress: localhost:62041}, networkConnectionEnabled: false, pageLoadStrategy: eager, platformName: windows, proxy: Proxy(), se:cdp: ws://localhost:62041/devtoo..., se:cdpVersion: 124.0.6367.119, setWindowRect: true, strictFileInteractability: false, timeouts: {implicit: 0, pageLoad: 300000, script: 30000}, unhandledPromptBehavior: dismiss and notify, webauthn:extension:credBlob: true, webauthn:extension:largeBlob: true, webauthn:extension:minPinLength: true, webauthn:extension:prf: true, webauthn:virtualAuthenticators: true}
Session ID: 7f87e8c6d53f5a56b8c0b379a09b6146
	at test.java.formWorkflow.FormEditorTests.deleteForm(FormEditorTests.java:41)

